TN:
SF:/home/carlos/CLionProjects/GIICIS/PruebaTest/src/NumberTheoryCalculatorWithContracts.cpp
FN:13,_ZN35NumberTheoryCalculatorWithContracts5signoEi
FN:20,_ZN35NumberTheoryCalculatorWithContracts3divEii
FN:27,_ZZN35NumberTheoryCalculatorWithContracts3divEiiENKUlvE_clEv
FN:30,_ZZN35NumberTheoryCalculatorWithContracts3divEiiENKUlvE0_clEv
FN:45,_ZN35NumberTheoryCalculatorWithContracts3modEii
FN:51,_ZZN35NumberTheoryCalculatorWithContracts3modEiiENKUlvE_clEv
FN:54,_ZZN35NumberTheoryCalculatorWithContracts3modEiiENKUlvE0_clEv
FN:61,_ZN35NumberTheoryCalculatorWithContracts9divisibleEii
FN:64,_ZZN35NumberTheoryCalculatorWithContracts9divisibleEiiENKUlvE_clEv
FN:71,_ZN35NumberTheoryCalculatorWithContracts3mcdEii
FN:76,_ZZN35NumberTheoryCalculatorWithContracts3mcdEiiENKUlvE_clEv
FN:79,_ZZN35NumberTheoryCalculatorWithContracts3mcdEiiENKUlvE0_clEv
FN:93,_ZN35NumberTheoryCalculatorWithContracts3mcmEii
FN:97,_ZZN35NumberTheoryCalculatorWithContracts3mcmEiiENKUlvE_clEv
FN:100,_ZZN35NumberTheoryCalculatorWithContracts3mcmEiiENKUlvE0_clEv
FN:107,_Z41__static_initialization_and_destruction_0ii
FN:107,_GLOBAL__sub_I__ZN35NumberTheoryCalculatorWithContractsC2Ev
FNDA:233,_ZN35NumberTheoryCalculatorWithContracts5signoEi
FNDA:231,_ZN35NumberTheoryCalculatorWithContracts3divEii
FNDA:92,_ZZN35NumberTheoryCalculatorWithContracts3divEiiENKUlvE_clEv
FNDA:91,_ZZN35NumberTheoryCalculatorWithContracts3divEiiENKUlvE0_clEv
FNDA:224,_ZN35NumberTheoryCalculatorWithContracts3modEii
FNDA:85,_ZZN35NumberTheoryCalculatorWithContracts3modEiiENKUlvE_clEv
FNDA:85,_ZZN35NumberTheoryCalculatorWithContracts3modEiiENKUlvE0_clEv
FNDA:175,_ZN35NumberTheoryCalculatorWithContracts9divisibleEii
FNDA:36,_ZZN35NumberTheoryCalculatorWithContracts9divisibleEiiENKUlvE_clEv
FNDA:19,_ZN35NumberTheoryCalculatorWithContracts3mcdEii
FNDA:19,_ZZN35NumberTheoryCalculatorWithContracts3mcdEiiENKUlvE_clEv
FNDA:18,_ZZN35NumberTheoryCalculatorWithContracts3mcdEiiENKUlvE0_clEv
FNDA:10,_ZN35NumberTheoryCalculatorWithContracts3mcmEii
FNDA:10,_ZZN35NumberTheoryCalculatorWithContracts3mcmEiiENKUlvE_clEv
FNDA:9,_ZZN35NumberTheoryCalculatorWithContracts3mcmEiiENKUlvE0_clEv
FNDA:1,_GLOBAL__sub_I__ZN35NumberTheoryCalculatorWithContractsC2Ev
FNDA:1,_Z41__static_initialization_and_destruction_0ii
FNF:17
FNH:17
BRDA:15,0,0,202
BRDA:15,0,1,31
BRDA:16,0,0,10
BRDA:16,0,1,21
BRDA:24,0,1,231
BRDA:24,0,2,0
BRDA:24,1,3,92
BRDA:24,1,4,139
BRDA:24,2,6,92
BRDA:24,2,7,0
BRDA:24,5,11,231
BRDA:24,5,12,0
BRDA:25,4294967295,1,231
BRDA:25,4294967295,2,0
BRDA:25,0,3,92
BRDA:25,0,4,139
BRDA:25,1,6,92
BRDA:25,1,7,0
BRDA:25,4,11,231
BRDA:25,4,12,0
BRDA:26,4294967295,1,231
BRDA:26,4294967295,2,0
BRDA:27,0,1,231
BRDA:27,0,2,0
BRDA:27,1,4,230
BRDA:27,1,5,0
BRDA:28,0,0,1
BRDA:28,0,1,91
BRDA:28,1,4,1
BRDA:28,1,5,0
BRDA:30,0,1,231
BRDA:30,0,2,0
BRDA:30,1,4,230
BRDA:30,1,5,0
BRDA:31,0,2,91
BRDA:31,0,3,0
BRDA:31,1,4,91
BRDA:31,1,5,0
BRDA:31,2,7,91
BRDA:31,2,8,0
BRDA:31,4,11,-
BRDA:31,4,12,-
BRDA:32,0,1,230
BRDA:32,0,2,1
BRDA:32,1,4,230
BRDA:32,1,5,0
BRDA:32,2,7,230
BRDA:32,2,8,0
BRDA:37,0,0,3864
BRDA:37,0,1,219
BRDA:37,1,2,3634
BRDA:37,1,3,230
BRDA:48,0,1,224
BRDA:48,0,2,0
BRDA:48,1,3,85
BRDA:48,1,4,139
BRDA:48,2,6,85
BRDA:48,2,7,0
BRDA:48,5,11,224
BRDA:48,5,12,0
BRDA:49,4294967295,1,224
BRDA:49,4294967295,2,0
BRDA:49,0,3,85
BRDA:49,0,4,139
BRDA:49,1,6,85
BRDA:49,1,7,0
BRDA:49,4,11,224
BRDA:49,4,12,0
BRDA:50,4294967295,1,224
BRDA:50,4294967295,2,0
BRDA:51,0,1,224
BRDA:51,0,2,0
BRDA:51,1,4,224
BRDA:51,1,5,0
BRDA:52,0,0,0
BRDA:52,0,1,85
BRDA:52,1,4,-
BRDA:52,1,5,-
BRDA:54,0,1,224
BRDA:54,0,2,0
BRDA:54,1,4,224
BRDA:54,1,5,0
BRDA:55,0,3,0
BRDA:55,0,4,85
BRDA:55,1,7,-
BRDA:55,1,8,-
BRDA:56,0,1,224
BRDA:56,0,2,0
BRDA:56,1,4,224
BRDA:56,1,5,0
BRDA:56,2,7,224
BRDA:56,2,8,0
BRDA:58,0,1,224
BRDA:58,0,2,0
BRDA:63,0,1,175
BRDA:63,0,2,0
BRDA:64,0,1,175
BRDA:64,0,2,0
BRDA:64,1,4,175
BRDA:64,1,5,0
BRDA:65,0,0,0
BRDA:65,0,1,36
BRDA:65,1,4,-
BRDA:65,1,5,-
BRDA:66,0,1,175
BRDA:66,0,2,0
BRDA:66,1,4,175
BRDA:66,1,5,0
BRDA:66,2,7,175
BRDA:66,2,8,0
BRDA:68,0,1,175
BRDA:68,0,2,0
BRDA:73,0,1,19
BRDA:73,0,2,0
BRDA:73,1,3,19
BRDA:73,1,4,0
BRDA:73,2,6,19
BRDA:73,2,7,0
BRDA:73,5,11,19
BRDA:73,5,12,0
BRDA:74,4294967295,1,19
BRDA:74,4294967295,2,0
BRDA:74,0,3,19
BRDA:74,0,4,0
BRDA:74,1,6,19
BRDA:74,1,7,0
BRDA:74,4,11,19
BRDA:74,4,12,0
BRDA:75,4294967295,1,19
BRDA:75,4294967295,2,0
BRDA:76,0,1,19
BRDA:76,0,2,0
BRDA:76,1,4,18
BRDA:76,1,5,0
BRDA:77,0,0,19
BRDA:77,0,1,0
BRDA:77,1,2,19
BRDA:77,1,3,0
BRDA:77,2,4,4
BRDA:77,2,5,15
BRDA:77,3,6,3
BRDA:77,3,7,1
BRDA:77,5,10,1
BRDA:77,5,11,0
BRDA:79,0,1,19
BRDA:79,0,2,0
BRDA:79,1,4,18
BRDA:79,1,5,0
BRDA:80,0,2,18
BRDA:80,0,3,0
BRDA:80,1,6,18
BRDA:80,1,7,0
BRDA:80,3,10,-
BRDA:80,3,11,-
BRDA:81,0,1,18
BRDA:81,0,2,1
BRDA:81,1,4,18
BRDA:81,1,5,0
BRDA:81,2,7,18
BRDA:81,2,8,0
BRDA:84,0,0,43
BRDA:84,0,1,18
BRDA:86,0,1,43
BRDA:86,0,2,0
BRDA:96,0,1,10
BRDA:96,0,2,0
BRDA:97,0,1,10
BRDA:97,0,2,0
BRDA:97,1,4,9
BRDA:97,1,5,0
BRDA:98,0,0,9
BRDA:98,0,1,1
BRDA:98,1,2,9
BRDA:98,1,3,0
BRDA:98,3,6,1
BRDA:98,3,7,0
BRDA:100,0,1,10
BRDA:100,0,2,0
BRDA:100,1,4,9
BRDA:100,1,5,0
BRDA:101,0,1,9
BRDA:101,0,2,0
BRDA:101,1,4,9
BRDA:101,1,5,0
BRDA:101,3,8,-
BRDA:101,3,9,-
BRDA:102,0,1,9
BRDA:102,0,2,1
BRDA:102,1,4,9
BRDA:102,1,5,0
BRDA:102,2,7,9
BRDA:102,2,8,0
BRDA:104,0,1,9
BRDA:104,0,2,0
BRDA:107,3,1,1
BRDA:107,3,2,0
BRDA:107,4,3,1
BRDA:107,4,4,0
BRF:198
BRH:109
DA:13,233
DA:15,233
DA:16,31
DA:17,21
DA:20,231
DA:22,231
DA:23,231
DA:24,462
DA:25,463
DA:26,232
DA:27,554
DA:28,92
DA:29,91
DA:30,553
DA:31,91
DA:32,552
DA:36,230
DA:37,4083
DA:39,3853
DA:40,3853
DA:42,230
DA:45,224
DA:48,448
DA:49,448
DA:50,224
DA:51,533
DA:52,85
DA:53,85
DA:54,533
DA:55,85
DA:56,533
DA:58,448
DA:61,175
DA:63,175
DA:64,386
DA:65,36
DA:66,386
DA:68,350
DA:71,19
DA:73,38
DA:74,39
DA:75,38
DA:76,57
DA:77,19
DA:78,18
DA:79,56
DA:80,18
DA:81,55
DA:84,61
DA:86,43
DA:87,43
DA:88,43
DA:90,18
DA:93,10
DA:96,11
DA:97,30
DA:98,10
DA:99,9
DA:100,29
DA:101,9
DA:102,28
DA:104,19
DA:107,4
LF:63
LH:63
end_of_record
SF:/home/carlos/CLionProjects/GIICIS/PruebaTest/src/NumberTheoryCalculatorWithContracts.h
FN:11,_ZN35NumberTheoryCalculatorWithContractsD0Ev
FN:11,_ZN35NumberTheoryCalculatorWithContractsD2Ev
FN:11,_ZN35NumberTheoryCalculatorWithContractsC2Ev
FNDA:0,_ZN35NumberTheoryCalculatorWithContractsD0Ev
FNDA:30,_ZN35NumberTheoryCalculatorWithContractsD2Ev
FNDA:30,_ZN35NumberTheoryCalculatorWithContractsC2Ev
FNF:3
FNH:2
DA:11,60
LF:1
LH:1
end_of_record
SF:/usr/include/c++/7/atomic
FN:672,_ZNSt6atomicIiEC2Ei
FNDA:0,_ZNSt6atomicIiEC2Ei
FNF:1
FNH:0
DA:672,0
LF:1
LH:0
end_of_record
SF:/usr/include/c++/7/bits/alloc_traits.h
FN:435,_ZNSt16allocator_traitsISaIN5boost10shared_ptrIvEEEE8allocateERS3_m
FN:435,_ZNSt16allocator_traitsISaIPN5boost10shared_ptrIvEEEE8allocateERS4_m
FN:435,_ZNSt16allocator_traitsISaISt13_Rb_tree_nodeISt4pairIKN5boost16exception_detail10type_info_ENS2_10shared_ptrINS3_15error_info_baseEEEEEEE8allocateERSB_m
FN:461,_ZNSt16allocator_traitsISaIN5boost10shared_ptrIvEEEE10deallocateERS3_PS2_m
FN:461,_ZNSt16allocator_traitsISaIPN5boost10shared_ptrIvEEEE10deallocateERS4_PS3_m
FN:461,_ZNSt16allocator_traitsISaISt13_Rb_tree_nodeISt4pairIKN5boost16exception_detail10type_info_ENS2_10shared_ptrINS3_15error_info_baseEEEEEEE10deallocateERSB_PSA_m
FN:474,_ZNSt16allocator_traitsISaIN5boost10shared_ptrIvEEEE9constructIS2_JRKS2_EEEvRS3_PT_DpOT0_
FN:474,_ZNSt16allocator_traitsISaISt13_Rb_tree_nodeISt4pairIKN5boost16exception_detail10type_info_ENS2_10shared_ptrINS3_15error_info_baseEEEEEEE9constructIS9_JRKSt21piecewise_construct_tSt5tupleIJRS5_EESH_IJEEEEEvRSB_PT_DpOT0_
FN:474,_ZNSt16allocator_traitsISaISt13_Rb_tree_nodeISt4pairIKN5boost16exception_detail10type_info_ENS2_10shared_ptrINS3_15error_info_baseEEEEEEE9constructIS9_JS1_IS4_S8_EEEEvRSB_PT_DpOT0_
FN:486,_ZNSt16allocator_traitsISaISt13_Rb_tree_nodeISt4pairIKN5boost16exception_detail10type_info_ENS2_10shared_ptrINS3_15error_info_baseEEEEEEE7destroyIS9_EEvRSB_PT_
FN:486,_ZNSt16allocator_traitsISaIN5boost10shared_ptrIvEEEE7destroyIS2_EEvRS3_PT_
FNDA:0,_ZNSt16allocator_traitsISaIN5boost10shared_ptrIvEEEE8allocateERS3_m
FNDA:0,_ZNSt16allocator_traitsISaIPN5boost10shared_ptrIvEEEE8allocateERS4_m
FNDA:0,_ZNSt16allocator_traitsISaISt13_Rb_tree_nodeISt4pairIKN5boost16exception_detail10type_info_ENS2_10shared_ptrINS3_15error_info_baseEEEEEEE8allocateERSB_m
FNDA:0,_ZNSt16allocator_traitsISaIN5boost10shared_ptrIvEEEE10deallocateERS3_PS2_m
FNDA:0,_ZNSt16allocator_traitsISaISt13_Rb_tree_nodeISt4pairIKN5boost16exception_detail10type_info_ENS2_10shared_ptrINS3_15error_info_baseEEEEEEE10deallocateERSB_PSA_m
FNDA:0,_ZNSt16allocator_traitsISaIPN5boost10shared_ptrIvEEEE10deallocateERS4_PS3_m
FNDA:0,_ZNSt16allocator_traitsISaISt13_Rb_tree_nodeISt4pairIKN5boost16exception_detail10type_info_ENS2_10shared_ptrINS3_15error_info_baseEEEEEEE9constructIS9_JS1_IS4_S8_EEEEvRSB_PT_DpOT0_
FNDA:0,_ZNSt16allocator_traitsISaIN5boost10shared_ptrIvEEEE9constructIS2_JRKS2_EEEvRS3_PT_DpOT0_
FNDA:0,_ZNSt16allocator_traitsISaISt13_Rb_tree_nodeISt4pairIKN5boost16exception_detail10type_info_ENS2_10shared_ptrINS3_15error_info_baseEEEEEEE9constructIS9_JRKSt21piecewise_construct_tSt5tupleIJRS5_EESH_IJEEEEEvRSB_PT_DpOT0_
FNDA:0,_ZNSt16allocator_traitsISaIN5boost10shared_ptrIvEEEE7destroyIS2_EEvRS3_PT_
FNDA:0,_ZNSt16allocator_traitsISaISt13_Rb_tree_nodeISt4pairIKN5boost16exception_detail10type_info_ENS2_10shared_ptrINS3_15error_info_baseEEEEEEE7destroyIS9_EEvRSB_PT_
FNF:11
FNH:0
DA:435,0
DA:436,0
DA:461,0
DA:462,0
DA:474,0
DA:475,0
DA:486,0
DA:487,0
LF:8
LH:0
end_of_record
SF:/usr/include/c++/7/bits/allocator.h
FN:131,_ZNSaISt13_Rb_tree_nodeISt4pairIKN5boost16exception_detail10type_info_ENS1_10shared_ptrINS2_15error_info_baseEEEEEEC2Ev
FN:137,_ZNSaIPN5boost10shared_ptrIvEEEC2IS1_EERKSaIT_E
FN:139,_ZNSaIPN5boost10shared_ptrIvEEED2Ev
FN:139,_ZNSaISt13_Rb_tree_nodeISt4pairIKN5boost16exception_detail10type_info_ENS1_10shared_ptrINS2_15error_info_baseEEEEEED2Ev
FNDA:0,_ZNSaISt13_Rb_tree_nodeISt4pairIKN5boost16exception_detail10type_info_ENS1_10shared_ptrINS2_15error_info_baseEEEEEEC2Ev
FNDA:0,_ZNSaIPN5boost10shared_ptrIvEEEC2IS1_EERKSaIT_E
FNDA:0,_ZNSaIPN5boost10shared_ptrIvEEED2Ev
FNDA:0,_ZNSaISt13_Rb_tree_nodeISt4pairIKN5boost16exception_detail10type_info_ENS1_10shared_ptrINS2_15error_info_baseEEEEEED2Ev
FNF:4
FNH:0
DA:131,0
DA:137,0
DA:139,0
LF:3
LH:0
end_of_record
SF:/usr/include/c++/7/bits/atomic_base.h
FN:256,_ZNSt13__atomic_baseIiEC2Ei
FNDA:0,_ZNSt13__atomic_baseIiEC2Ei
FNF:1
FNH:0
DA:256,0
DA:514,0
DA:524,0
LF:3
LH:0
end_of_record
SF:/usr/include/c++/7/bits/basic_string.h
FN:6034,_ZSteqIcSt11char_traitsIcESaIcEEbRKNSt7__cxx1112basic_stringIT_T0_T1_EEPKS5_
FN:6072,_ZStneIcSt11char_traitsIcESaIcEEbRKNSt7__cxx1112basic_stringIT_T0_T1_EEPKS5_
FNDA:6,_ZSteqIcSt11char_traitsIcESaIcEEbRKNSt7__cxx1112basic_stringIT_T0_T1_EEPKS5_
FNDA:6,_ZStneIcSt11char_traitsIcESaIcEEbRKNSt7__cxx1112basic_stringIT_T0_T1_EEPKS5_
FNF:2
FNH:2
DA:6034,6
DA:6036,6
DA:6072,6
DA:6074,6
LF:4
LH:4
end_of_record
SF:/usr/include/c++/7/bits/cpp_type_traits.h
FN:408,_ZSt12__miter_baseIPPN5boost10shared_ptrIvEEET_S5_
FNDA:0,_ZSt12__miter_baseIPPN5boost10shared_ptrIvEEET_S5_
FNF:1
FNH:0
DA:408,0
DA:409,0
LF:2
LH:0
end_of_record
SF:/usr/include/c++/7/bits/deque.tcc
FN:478,_ZNSt5dequeIN5boost10shared_ptrIvEESaIS2_EE16_M_push_back_auxIJRKS2_EEEvDpOT_
FN:562,_ZNSt5dequeIN5boost10shared_ptrIvEESaIS2_EE16_M_pop_front_auxEv
FN:917,_ZNSt5dequeIN5boost10shared_ptrIvEESaIS2_EE17_M_reallocate_mapEmb
FNDA:0,_ZNSt5dequeIN5boost10shared_ptrIvEESaIS2_EE16_M_push_back_auxIJRKS2_EEEvDpOT_
FNDA:0,_ZNSt5dequeIN5boost10shared_ptrIvEESaIS2_EE16_M_pop_front_auxEv
FNDA:0,_ZNSt5dequeIN5boost10shared_ptrIvEESaIS2_EE17_M_reallocate_mapEmb
FNF:3
FNH:0
BRDA:491,4294967295,2,-
BRDA:491,4294967295,3,-
BRDA:925,0,0,-
BRDA:925,0,1,-
BRDA:929,0,0,-
BRDA:929,0,1,-
BRDA:930,0,0,-
BRDA:930,0,1,-
BRDA:947,4294967295,0,-
BRDA:947,4294967295,1,-
BRF:10
BRH:0
DA:478,0
DA:486,0
DA:487,0
DA:491,0
DA:497,0
DA:499,0
DA:501,0
DA:503,0
DA:504,0
DA:506,0
DA:562,0
DA:565,0
DA:567,0
DA:568,0
DA:569,0
DA:570,0
DA:917,0
DA:920,0
DA:921,0
DA:922,0
DA:925,0
DA:927,0
DA:928,0
DA:929,0
DA:930,0
DA:931,0
DA:932,0
DA:935,0
DA:936,0
DA:937,0
DA:941,0
DA:942,0
DA:945,0
DA:946,0
DA:947,0
DA:948,0
DA:949,0
DA:951,0
DA:953,0
DA:954,0
DA:957,0
DA:958,0
DA:959,0
LF:43
LH:0
end_of_record
SF:/usr/include/c++/7/bits/exception.h
FN:63,_ZNSt9exceptionC2Ev
FNDA:3,_ZNSt9exceptionC2Ev
FNF:1
FNH:1
DA:63,3
LF:1
LH:1
end_of_record
SF:/usr/include/c++/7/bits/move.h
FN:73,_ZSt7forwardIRKN5boost10shared_ptrIvEEEOT_RNSt16remove_referenceIS5_E4typeE
FN:73,_ZSt7forwardIRN5boost10shared_ptrINS0_16exception_detail15error_info_baseEEEEOT_RNSt16remove_referenceIS6_E4typeE
FN:73,_ZSt7forwardISt5tupleIJRKN5boost16exception_detail10type_info_EEEEOT_RNSt16remove_referenceIS7_E4typeE
FN:73,_ZSt7forwardIRPSt13_Rb_tree_nodeISt4pairIKN5boost16exception_detail10type_info_ENS2_10shared_ptrINS3_15error_info_baseEEEEEEOT_RNSt16remove_referenceISD_E4typeE
FN:73,_ZSt7forwardISt17_Rb_tree_iteratorISt4pairIKN5boost16exception_detail10type_info_ENS2_10shared_ptrINS3_15error_info_baseEEEEEEOT_RNSt16remove_referenceISB_E4typeE
FN:73,_ZSt7forwardISt4pairIN5boost16exception_detail10type_info_ENS1_10shared_ptrINS2_15error_info_baseEEEEEOT_RNSt16remove_referenceIS8_E4typeE
FN:73,_ZSt7forwardIRPSt18_Rb_tree_node_baseEOT_RNSt16remove_referenceIS3_E4typeE
FN:73,_ZSt7forwardIN5boost10shared_ptrINS0_16exception_detail15error_info_baseEEEEOT_RNSt16remove_referenceIS5_E4typeE
FN:73,_ZSt7forwardIN5boost16exception_detail10type_info_EEOT_RNSt16remove_referenceIS3_E4typeE
FN:73,_ZSt7forwardIbEOT_RNSt16remove_referenceIS0_E4typeE
FN:73,_ZSt7forwardISt5tupleIJEEEOT_RNSt16remove_referenceIS2_E4typeE
FN:73,_ZSt7forwardIRKN5boost16exception_detail10type_info_EEOT_RNSt16remove_referenceIS5_E4typeE
FN:73,_ZSt7forwardIRKSt21piecewise_construct_tEOT_RNSt16remove_referenceIS3_E4typeE
FN:98,_ZSt4moveIRPN5boost16exception_detail15error_info_baseEEONSt16remove_referenceIT_E4typeEOS6_
FN:187,_ZSt4swapIPN5boost16exception_detail15error_info_baseEENSt9enable_ifIXsrSt6__and_IJSt6__not_ISt15__is_tuple_likeIT_EESt21is_move_constructibleIS8_ESt18is_move_assignableIS8_EEE5valueEvE4typeERS8_SI_
FNDA:0,_ZSt7forwardIN5boost10shared_ptrINS0_16exception_detail15error_info_baseEEEEOT_RNSt16remove_referenceIS5_E4typeE
FNDA:0,_ZSt7forwardIN5boost16exception_detail10type_info_EEOT_RNSt16remove_referenceIS3_E4typeE
FNDA:0,_ZSt7forwardIRKN5boost10shared_ptrIvEEEOT_RNSt16remove_referenceIS5_E4typeE
FNDA:0,_ZSt7forwardIbEOT_RNSt16remove_referenceIS0_E4typeE
FNDA:0,_ZSt7forwardISt17_Rb_tree_iteratorISt4pairIKN5boost16exception_detail10type_info_ENS2_10shared_ptrINS3_15error_info_baseEEEEEEOT_RNSt16remove_referenceISB_E4typeE
FNDA:0,_ZSt7forwardIRPSt13_Rb_tree_nodeISt4pairIKN5boost16exception_detail10type_info_ENS2_10shared_ptrINS3_15error_info_baseEEEEEEOT_RNSt16remove_referenceISD_E4typeE
FNDA:0,_ZSt7forwardIRPSt18_Rb_tree_node_baseEOT_RNSt16remove_referenceIS3_E4typeE
FNDA:0,_ZSt7forwardISt5tupleIJEEEOT_RNSt16remove_referenceIS2_E4typeE
FNDA:0,_ZSt7forwardISt5tupleIJRKN5boost16exception_detail10type_info_EEEEOT_RNSt16remove_referenceIS7_E4typeE
FNDA:0,_ZSt7forwardIRKSt21piecewise_construct_tEOT_RNSt16remove_referenceIS3_E4typeE
FNDA:0,_ZSt7forwardISt4pairIN5boost16exception_detail10type_info_ENS1_10shared_ptrINS2_15error_info_baseEEEEEOT_RNSt16remove_referenceIS8_E4typeE
FNDA:0,_ZSt7forwardIRN5boost10shared_ptrINS0_16exception_detail15error_info_baseEEEEOT_RNSt16remove_referenceIS6_E4typeE
FNDA:0,_ZSt7forwardIRKN5boost16exception_detail10type_info_EEOT_RNSt16remove_referenceIS5_E4typeE
FNDA:0,_ZSt4moveIRPN5boost16exception_detail15error_info_baseEEONSt16remove_referenceIT_E4typeEOS6_
FNDA:0,_ZSt4swapIPN5boost16exception_detail15error_info_baseEENSt9enable_ifIXsrSt6__and_IJSt6__not_ISt15__is_tuple_likeIT_EESt21is_move_constructibleIS8_ESt18is_move_assignableIS8_EEE5valueEvE4typeERS8_SI_
FNF:15
FNH:0
DA:73,0
DA:74,0
DA:98,0
DA:99,0
DA:187,0
DA:198,0
DA:199,0
DA:200,0
DA:201,0
LF:9
LH:0
end_of_record
SF:/usr/include/c++/7/bits/stl_algobase.h
FN:219,_ZSt3maxImERKT_S2_S2_
FN:277,_ZSt12__niter_baseIPPN5boost10shared_ptrIvEEET_S5_
FN:357,_ZNSt11__copy_moveILb0ELb1ESt26random_access_iterator_tagE8__copy_mIPN5boost10shared_ptrIvEEEEPT_PKS7_SA_S8_
FN:375,_ZSt13__copy_move_aILb0EPPN5boost10shared_ptrIvEES4_ET1_T0_S6_S5_
FN:420,_ZSt14__copy_move_a2ILb0EPPN5boost10shared_ptrIvEES4_ET1_T0_S6_S5_
FN:446,_ZSt4copyIPPN5boost10shared_ptrIvEES4_ET0_T_S6_S5_
FN:559,_ZNSt20__copy_move_backwardILb0ELb1ESt26random_access_iterator_tagE13__copy_move_bIPN5boost10shared_ptrIvEEEEPT_PKS7_SA_S8_
FN:577,_ZSt22__copy_move_backward_aILb0EPPN5boost10shared_ptrIvEES4_ET1_T0_S6_S5_
FN:595,_ZSt23__copy_move_backward_a2ILb0EPPN5boost10shared_ptrIvEES4_ET1_T0_S6_S5_
FN:622,_ZSt13copy_backwardIPPN5boost10shared_ptrIvEES4_ET0_T_S6_S5_
FNDA:0,_ZSt3maxImERKT_S2_S2_
FNDA:0,_ZSt12__niter_baseIPPN5boost10shared_ptrIvEEET_S5_
FNDA:0,_ZNSt11__copy_moveILb0ELb1ESt26random_access_iterator_tagE8__copy_mIPN5boost10shared_ptrIvEEEEPT_PKS7_SA_S8_
FNDA:0,_ZSt13__copy_move_aILb0EPPN5boost10shared_ptrIvEES4_ET1_T0_S6_S5_
FNDA:0,_ZSt14__copy_move_a2ILb0EPPN5boost10shared_ptrIvEES4_ET1_T0_S6_S5_
FNDA:0,_ZSt4copyIPPN5boost10shared_ptrIvEES4_ET0_T_S6_S5_
FNDA:0,_ZNSt20__copy_move_backwardILb0ELb1ESt26random_access_iterator_tagE13__copy_move_bIPN5boost10shared_ptrIvEEEEPT_PKS7_SA_S8_
FNDA:0,_ZSt22__copy_move_backward_aILb0EPPN5boost10shared_ptrIvEES4_ET1_T0_S6_S5_
FNDA:0,_ZSt23__copy_move_backward_a2ILb0EPPN5boost10shared_ptrIvEES4_ET1_T0_S6_S5_
FNDA:0,_ZSt13copy_backwardIPPN5boost10shared_ptrIvEES4_ET0_T_S6_S5_
FNF:10
FNH:0
BRDA:224,0,0,-
BRDA:224,0,1,-
BRDA:367,0,0,-
BRDA:367,0,1,-
BRDA:569,0,0,-
BRDA:569,0,1,-
BRF:6
BRH:0
DA:219,0
DA:224,0
DA:225,0
DA:226,0
DA:277,0
DA:278,0
DA:357,0
DA:366,0
DA:367,0
DA:368,0
DA:369,0
DA:375,0
DA:380,0
DA:386,0
DA:420,0
DA:422,0
DA:424,0
DA:446,0
DA:455,0
DA:456,0
DA:559,0
DA:568,0
DA:569,0
DA:570,0
DA:571,0
DA:577,0
DA:582,0
DA:590,0
DA:595,0
DA:598,0
DA:599,0
DA:622,0
DA:633,0
DA:634,0
LF:34
LH:0
end_of_record
SF:/usr/include/c++/7/bits/stl_deque.h
FN:91,_ZSt16__deque_buf_sizem
FN:128,_ZNSt15_Deque_iteratorIN5boost10shared_ptrIvEERS2_PS2_E14_S_buffer_sizeEv
FN:151,_ZNSt15_Deque_iteratorIN5boost10shared_ptrIvEERS2_PS2_EC2ERKS5_
FN:160,_ZNKSt15_Deque_iteratorIN5boost10shared_ptrIvEERS2_PS2_EdeEv
FN:254,_ZNSt15_Deque_iteratorIN5boost10shared_ptrIvEERS2_PS2_E11_M_set_nodeEPS4_
FN:587,_ZNSt11_Deque_baseIN5boost10shared_ptrIvEESaIS2_EE19_M_get_Tp_allocatorEv
FN:591,_ZNKSt11_Deque_baseIN5boost10shared_ptrIvEESaIS2_EE19_M_get_Tp_allocatorEv
FN:595,_ZNKSt11_Deque_baseIN5boost10shared_ptrIvEESaIS2_EE20_M_get_map_allocatorEv
FN:599,_ZNSt11_Deque_baseIN5boost10shared_ptrIvEESaIS2_EE16_M_allocate_nodeEv
FN:606,_ZNSt11_Deque_baseIN5boost10shared_ptrIvEESaIS2_EE18_M_deallocate_nodeEPS2_
FN:613,_ZNSt11_Deque_baseIN5boost10shared_ptrIvEESaIS2_EE15_M_allocate_mapEm
FN:620,_ZNSt11_Deque_baseIN5boost10shared_ptrIvEESaIS2_EE17_M_deallocate_mapEPPS2_m
FN:1166,_ZNSt5dequeIN5boost10shared_ptrIvEESaIS2_EE5beginEv
FN:1451,_ZNSt5dequeIN5boost10shared_ptrIvEESaIS2_EE5frontEv
FN:1542,_ZNSt5dequeIN5boost10shared_ptrIvEESaIS2_EE9push_backERKS2_
FN:1578,_ZNSt5dequeIN5boost10shared_ptrIvEESaIS2_EE9pop_frontEv
FN:2149,_ZNSt5dequeIN5boost10shared_ptrIvEESaIS2_EE22_M_reserve_map_at_backEm
FNDA:0,_ZSt16__deque_buf_sizem
FNDA:0,_ZNSt15_Deque_iteratorIN5boost10shared_ptrIvEERS2_PS2_E14_S_buffer_sizeEv
FNDA:0,_ZNSt15_Deque_iteratorIN5boost10shared_ptrIvEERS2_PS2_EC2ERKS5_
FNDA:0,_ZNKSt15_Deque_iteratorIN5boost10shared_ptrIvEERS2_PS2_EdeEv
FNDA:0,_ZNSt15_Deque_iteratorIN5boost10shared_ptrIvEERS2_PS2_E11_M_set_nodeEPS4_
FNDA:0,_ZNSt11_Deque_baseIN5boost10shared_ptrIvEESaIS2_EE19_M_get_Tp_allocatorEv
FNDA:0,_ZNKSt11_Deque_baseIN5boost10shared_ptrIvEESaIS2_EE19_M_get_Tp_allocatorEv
FNDA:0,_ZNKSt11_Deque_baseIN5boost10shared_ptrIvEESaIS2_EE20_M_get_map_allocatorEv
FNDA:0,_ZNSt11_Deque_baseIN5boost10shared_ptrIvEESaIS2_EE16_M_allocate_nodeEv
FNDA:0,_ZNSt11_Deque_baseIN5boost10shared_ptrIvEESaIS2_EE18_M_deallocate_nodeEPS2_
FNDA:0,_ZNSt11_Deque_baseIN5boost10shared_ptrIvEESaIS2_EE15_M_allocate_mapEm
FNDA:0,_ZNSt11_Deque_baseIN5boost10shared_ptrIvEESaIS2_EE17_M_deallocate_mapEPPS2_m
FNDA:0,_ZNSt5dequeIN5boost10shared_ptrIvEESaIS2_EE5beginEv
FNDA:0,_ZNSt5dequeIN5boost10shared_ptrIvEESaIS2_EE5frontEv
FNDA:0,_ZNSt5dequeIN5boost10shared_ptrIvEESaIS2_EE9push_backERKS2_
FNDA:0,_ZNSt5dequeIN5boost10shared_ptrIvEESaIS2_EE9pop_frontEv
FNDA:0,_ZNSt5dequeIN5boost10shared_ptrIvEESaIS2_EE22_M_reserve_map_at_backEm
FNF:17
FNH:0
BRDA:93,0,0,-
BRDA:93,0,1,-
BRDA:616,4294967295,1,-
BRDA:616,4294967295,2,-
BRDA:1544,0,0,-
BRDA:1544,0,1,-
BRDA:1581,0,0,-
BRDA:1581,0,1,-
BRDA:2151,0,0,-
BRDA:2151,0,1,-
BRF:10
BRH:0
DA:91,0
DA:93,0
DA:128,0
DA:129,0
DA:151,0
DA:152,0
DA:153,0
DA:160,0
DA:161,0
DA:254,0
DA:256,0
DA:257,0
DA:258,0
DA:259,0
DA:587,0
DA:588,0
DA:591,0
DA:592,0
DA:595,0
DA:596,0
DA:599,0
DA:602,0
DA:606,0
DA:609,0
DA:610,0
DA:613,0
DA:615,0
DA:616,0
DA:620,0
DA:622,0
DA:623,0
DA:624,0
DA:1166,0
DA:1167,0
DA:1451,0
DA:1454,0
DA:1542,0
DA:1544,0
DA:1545,0
DA:1547,0
DA:1549,0
DA:1552,0
DA:1553,0
DA:1578,0
DA:1581,0
DA:1582,0
DA:1584,0
DA:1586,0
DA:1589,0
DA:1590,0
DA:2149,0
DA:2151,0
DA:2152,0
DA:2153,0
DA:2154,0
LF:55
LH:0
end_of_record
SF:/usr/include/c++/7/bits/stl_function.h
FN:385,_ZNKSt4lessIN5boost16exception_detail10type_info_EEclERKS2_S5_
FN:890,_ZNKSt10_Select1stISt4pairIKN5boost16exception_detail10type_info_ENS1_10shared_ptrINS2_15error_info_baseEEEEEclERKS8_
FN:896,_ZNKSt10_Select1stISt4pairIKN5boost16exception_detail10type_info_ENS1_10shared_ptrINS2_15error_info_baseEEEEEclIS0_IS3_S7_EEERNT_10first_typeERSC_
FNDA:0,_ZNKSt4lessIN5boost16exception_detail10type_info_EEclERKS2_S5_
FNDA:0,_ZNKSt10_Select1stISt4pairIKN5boost16exception_detail10type_info_ENS1_10shared_ptrINS2_15error_info_baseEEEEEclERKS8_
FNDA:0,_ZNKSt10_Select1stISt4pairIKN5boost16exception_detail10type_info_ENS1_10shared_ptrINS2_15error_info_baseEEEEEclIS0_IS3_S7_EEERNT_10first_typeERSC_
FNF:3
FNH:0
DA:385,0
DA:386,0
DA:890,0
DA:891,0
DA:896,0
DA:897,0
LF:6
LH:0
end_of_record
SF:/usr/include/c++/7/bits/stl_map.h
FN:177,_ZNSt3mapIN5boost16exception_detail10type_info_ENS0_10shared_ptrINS1_15error_info_baseEEESt4lessIS2_ESaISt4pairIKS2_S5_EEEC2Ev
FN:294,_ZNSt3mapIN5boost16exception_detail10type_info_ENS0_10shared_ptrINS1_15error_info_baseEEESt4lessIS2_ESaISt4pairIKS2_S5_EEED2Ev
FN:357,_ZNKSt3mapIN5boost16exception_detail10type_info_ENS0_10shared_ptrINS1_15error_info_baseEEESt4lessIS2_ESaISt4pairIKS2_S5_EEE5beginEv
FN:366,_ZNSt3mapIN5boost16exception_detail10type_info_ENS0_10shared_ptrINS1_15error_info_baseEEESt4lessIS2_ESaISt4pairIKS2_S5_EEE3endEv
FN:375,_ZNKSt3mapIN5boost16exception_detail10type_info_ENS0_10shared_ptrINS1_15error_info_baseEEESt4lessIS2_ESaISt4pairIKS2_S5_EEE3endEv
FN:484,_ZNSt3mapIN5boost16exception_detail10type_info_ENS0_10shared_ptrINS1_15error_info_baseEEESt4lessIS2_ESaISt4pairIKS2_S5_EEEixERS9_
FN:809,_ZNSt3mapIN5boost16exception_detail10type_info_ENS0_10shared_ptrINS1_15error_info_baseEEESt4lessIS2_ESaISt4pairIKS2_S5_EEE6insertIS8_IS2_S5_EvEES8_ISt17_Rb_tree_iteratorISA_EbEOT_
FN:1136,_ZNKSt3mapIN5boost16exception_detail10type_info_ENS0_10shared_ptrINS1_15error_info_baseEEESt4lessIS2_ESaISt4pairIKS2_S5_EEE8key_compEv
FN:1188,_ZNKSt3mapIN5boost16exception_detail10type_info_ENS0_10shared_ptrINS1_15error_info_baseEEESt4lessIS2_ESaISt4pairIKS2_S5_EEE4findERS9_
FN:1233,_ZNSt3mapIN5boost16exception_detail10type_info_ENS0_10shared_ptrINS1_15error_info_baseEEESt4lessIS2_ESaISt4pairIKS2_S5_EEE11lower_boundERS9_
FNDA:0,_ZNSt3mapIN5boost16exception_detail10type_info_ENS0_10shared_ptrINS1_15error_info_baseEEESt4lessIS2_ESaISt4pairIKS2_S5_EEEC2Ev
FNDA:0,_ZNSt3mapIN5boost16exception_detail10type_info_ENS0_10shared_ptrINS1_15error_info_baseEEESt4lessIS2_ESaISt4pairIKS2_S5_EEED2Ev
FNDA:0,_ZNKSt3mapIN5boost16exception_detail10type_info_ENS0_10shared_ptrINS1_15error_info_baseEEESt4lessIS2_ESaISt4pairIKS2_S5_EEE5beginEv
FNDA:0,_ZNSt3mapIN5boost16exception_detail10type_info_ENS0_10shared_ptrINS1_15error_info_baseEEESt4lessIS2_ESaISt4pairIKS2_S5_EEE3endEv
FNDA:0,_ZNKSt3mapIN5boost16exception_detail10type_info_ENS0_10shared_ptrINS1_15error_info_baseEEESt4lessIS2_ESaISt4pairIKS2_S5_EEE3endEv
FNDA:0,_ZNSt3mapIN5boost16exception_detail10type_info_ENS0_10shared_ptrINS1_15error_info_baseEEESt4lessIS2_ESaISt4pairIKS2_S5_EEEixERS9_
FNDA:0,_ZNSt3mapIN5boost16exception_detail10type_info_ENS0_10shared_ptrINS1_15error_info_baseEEESt4lessIS2_ESaISt4pairIKS2_S5_EEE6insertIS8_IS2_S5_EvEES8_ISt17_Rb_tree_iteratorISA_EbEOT_
FNDA:0,_ZNKSt3mapIN5boost16exception_detail10type_info_ENS0_10shared_ptrINS1_15error_info_baseEEESt4lessIS2_ESaISt4pairIKS2_S5_EEE8key_compEv
FNDA:0,_ZNKSt3mapIN5boost16exception_detail10type_info_ENS0_10shared_ptrINS1_15error_info_baseEEESt4lessIS2_ESaISt4pairIKS2_S5_EEE4findERS9_
FNDA:0,_ZNSt3mapIN5boost16exception_detail10type_info_ENS0_10shared_ptrINS1_15error_info_baseEEESt4lessIS2_ESaISt4pairIKS2_S5_EEE11lower_boundERS9_
FNF:10
FNH:0
BRDA:489,0,1,-
BRDA:489,0,2,-
BRDA:491,0,2,-
BRDA:491,0,3,-
BRDA:491,1,5,-
BRDA:491,1,6,-
BRDA:491,2,9,-
BRDA:491,2,10,-
BRDA:491,5,11,-
BRDA:491,5,12,-
BRDA:493,0,1,-
BRDA:493,0,2,-
BRDA:493,1,5,-
BRDA:493,1,6,-
BRF:14
BRH:0
DA:177,0
DA:294,0
DA:357,0
DA:358,0
DA:366,0
DA:367,0
DA:375,0
DA:376,0
DA:484,0
DA:489,0
DA:491,0
DA:493,0
DA:499,0
DA:809,0
DA:810,0
DA:1136,0
DA:1137,0
DA:1188,0
DA:1189,0
DA:1233,0
DA:1234,0
LF:21
LH:0
end_of_record
SF:/usr/include/c++/7/bits/stl_pair.h
FN:198,_ZNSt4pairIN5boost16exception_detail10type_info_ENS0_10shared_ptrINS1_15error_info_baseEEEED2Ev
FN:198,_ZNSt4pairIKN5boost16exception_detail10type_info_ENS0_10shared_ptrINS1_15error_info_baseEEEED2Ev
FN:300,_ZNSt4pairIPSt18_Rb_tree_node_baseS1_EC2IRS1_Lb1EEEOT_RKS1_
FN:314,_ZNSt4pairIPSt18_Rb_tree_node_baseS1_EC2IRS1_Lb1EEERKS1_OT_
FN:314,_ZNSt4pairIN5boost16exception_detail10type_info_ENS0_10shared_ptrINS1_15error_info_baseEEEEC2IRS5_Lb1EEERKS2_OT_
FN:330,_ZNSt4pairIPSt18_Rb_tree_node_baseS1_EC2IRPSt13_Rb_tree_nodeIS_IKN5boost16exception_detail10type_info_ENS5_10shared_ptrINS6_15error_info_baseEEEEERS1_Lb1EEEOT_OT0_
FN:330,_ZNSt4pairISt17_Rb_tree_iteratorIS_IKN5boost16exception_detail10type_info_ENS1_10shared_ptrINS2_15error_info_baseEEEEEbEC2IS9_bLb1EEEOT_OT0_
FN:330,_ZNSt4pairIPSt18_Rb_tree_node_baseS1_EC2IRS1_S4_Lb1EEEOT_OT0_
FN:349,_ZNSt4pairIKN5boost16exception_detail10type_info_ENS0_10shared_ptrINS1_15error_info_baseEEEEC2IS2_S6_Lb1EEEOS_IT_T0_E
FN:519,_ZSt9make_pairIRKN5boost16exception_detail10type_info_ERNS0_10shared_ptrINS1_15error_info_baseEEEESt4pairINSt17__decay_and_stripIT_E6__typeENSA_IT0_E6__typeEEOSB_OSE_
FNDA:0,_ZNSt4pairIKN5boost16exception_detail10type_info_ENS0_10shared_ptrINS1_15error_info_baseEEEED2Ev
FNDA:0,_ZNSt4pairIN5boost16exception_detail10type_info_ENS0_10shared_ptrINS1_15error_info_baseEEEED2Ev
FNDA:0,_ZNSt4pairIPSt18_Rb_tree_node_baseS1_EC2IRS1_Lb1EEEOT_RKS1_
FNDA:0,_ZNSt4pairIPSt18_Rb_tree_node_baseS1_EC2IRS1_Lb1EEERKS1_OT_
FNDA:0,_ZNSt4pairIN5boost16exception_detail10type_info_ENS0_10shared_ptrINS1_15error_info_baseEEEEC2IRS5_Lb1EEERKS2_OT_
FNDA:0,_ZNSt4pairISt17_Rb_tree_iteratorIS_IKN5boost16exception_detail10type_info_ENS1_10shared_ptrINS2_15error_info_baseEEEEEbEC2IS9_bLb1EEEOT_OT0_
FNDA:0,_ZNSt4pairIPSt18_Rb_tree_node_baseS1_EC2IRPSt13_Rb_tree_nodeIS_IKN5boost16exception_detail10type_info_ENS5_10shared_ptrINS6_15error_info_baseEEEEERS1_Lb1EEEOT_OT0_
FNDA:0,_ZNSt4pairIPSt18_Rb_tree_node_baseS1_EC2IRS1_S4_Lb1EEEOT_OT0_
FNDA:0,_ZNSt4pairIKN5boost16exception_detail10type_info_ENS0_10shared_ptrINS1_15error_info_baseEEEEC2IS2_S6_Lb1EEEOS_IT_T0_E
FNDA:0,_ZSt9make_pairIRKN5boost16exception_detail10type_info_ERNS0_10shared_ptrINS1_15error_info_baseEEEESt4pairINSt17__decay_and_stripIT_E6__typeENSA_IT0_E6__typeEEOSB_OSE_
FNF:10
FNH:0
DA:198,0
DA:300,0
DA:301,0
DA:314,0
DA:315,0
DA:330,0
DA:331,0
DA:349,0
DA:350,0
DA:351,0
DA:519,0
DA:524,0
LF:12
LH:0
end_of_record
SF:/usr/include/c++/7/bits/stl_queue.h
FN:202,_ZNSt5queueIN5boost10shared_ptrIvEESt5dequeIS2_SaIS2_EEE5frontEv
FN:251,_ZNSt5queueIN5boost10shared_ptrIvEESt5dequeIS2_SaIS2_EEE4pushERKS2_
FN:284,_ZNSt5queueIN5boost10shared_ptrIvEESt5dequeIS2_SaIS2_EEE3popEv
FNDA:0,_ZNSt5queueIN5boost10shared_ptrIvEESt5dequeIS2_SaIS2_EEE5frontEv
FNDA:0,_ZNSt5queueIN5boost10shared_ptrIvEESt5dequeIS2_SaIS2_EEE4pushERKS2_
FNDA:0,_ZNSt5queueIN5boost10shared_ptrIvEESt5dequeIS2_SaIS2_EEE3popEv
FNF:3
FNH:0
DA:202,0
DA:205,0
DA:251,0
DA:252,0
DA:284,0
DA:287,0
DA:288,0
LF:7
LH:0
end_of_record
SF:/usr/include/c++/7/bits/stl_tree.h
FN:146,_ZNSt20_Rb_tree_key_compareISt4lessIN5boost16exception_detail10type_info_EEEC2Ev
FN:173,_ZNSt15_Rb_tree_headerC2Ev
FN:206,_ZNSt15_Rb_tree_header8_M_resetEv
FN:234,_ZNSt13_Rb_tree_nodeISt4pairIKN5boost16exception_detail10type_info_ENS1_10shared_ptrINS2_15error_info_baseEEEEE9_M_valptrEv
FN:238,_ZNKSt13_Rb_tree_nodeISt4pairIKN5boost16exception_detail10type_info_ENS1_10shared_ptrINS2_15error_info_baseEEEEE9_M_valptrEv
FN:273,_ZNSt17_Rb_tree_iteratorISt4pairIKN5boost16exception_detail10type_info_ENS1_10shared_ptrINS2_15error_info_baseEEEEEC2EPSt18_Rb_tree_node_base
FN:277,_ZNKSt17_Rb_tree_iteratorISt4pairIKN5boost16exception_detail10type_info_ENS1_10shared_ptrINS2_15error_info_baseEEEEEdeEv
FN:285,_ZNSt17_Rb_tree_iteratorISt4pairIKN5boost16exception_detail10type_info_ENS1_10shared_ptrINS2_15error_info_baseEEEEEppEv
FN:300,_ZNSt17_Rb_tree_iteratorISt4pairIKN5boost16exception_detail10type_info_ENS1_10shared_ptrINS2_15error_info_baseEEEEEmmEv
FN:315,_ZNKSt17_Rb_tree_iteratorISt4pairIKN5boost16exception_detail10type_info_ENS1_10shared_ptrINS2_15error_info_baseEEEEEeqERKS9_
FN:345,_ZNSt23_Rb_tree_const_iteratorISt4pairIKN5boost16exception_detail10type_info_ENS1_10shared_ptrINS2_15error_info_baseEEEEEC2EPKSt18_Rb_tree_node_base
FN:348,_ZNSt23_Rb_tree_const_iteratorISt4pairIKN5boost16exception_detail10type_info_ENS1_10shared_ptrINS2_15error_info_baseEEEEEC2ERKSt17_Rb_tree_iteratorIS8_E
FN:352,_ZNKSt23_Rb_tree_const_iteratorISt4pairIKN5boost16exception_detail10type_info_ENS1_10shared_ptrINS2_15error_info_baseEEEEE13_M_const_castEv
FN:360,_ZNKSt23_Rb_tree_const_iteratorISt4pairIKN5boost16exception_detail10type_info_ENS1_10shared_ptrINS2_15error_info_baseEEEEEptEv
FN:364,_ZNSt23_Rb_tree_const_iteratorISt4pairIKN5boost16exception_detail10type_info_ENS1_10shared_ptrINS2_15error_info_baseEEEEEppEv
FN:394,_ZNKSt23_Rb_tree_const_iteratorISt4pairIKN5boost16exception_detail10type_info_ENS1_10shared_ptrINS2_15error_info_baseEEEEEeqERKS9_
FN:398,_ZNKSt23_Rb_tree_const_iteratorISt4pairIKN5boost16exception_detail10type_info_ENS1_10shared_ptrINS2_15error_info_baseEEEEEneERKS9_
FN:546,_ZNSt8_Rb_treeIN5boost16exception_detail10type_info_ESt4pairIKS2_NS0_10shared_ptrINS1_15error_info_baseEEEESt10_Select1stIS8_ESt4lessIS2_ESaIS8_EE11_Alloc_nodeC2ERSE_
FN:554,_ZNKSt8_Rb_treeIN5boost16exception_detail10type_info_ESt4pairIKS2_NS0_10shared_ptrINS1_15error_info_baseEEEESt10_Select1stIS8_ESt4lessIS2_ESaIS8_EE11_Alloc_nodeclIS3_IS2_S7_EEEPSt13_Rb_tree_nodeIS8_EOT_
FN:574,_ZNSt8_Rb_treeIN5boost16exception_detail10type_info_ESt4pairIKS2_NS0_10shared_ptrINS1_15error_info_baseEEEESt10_Select1stIS8_ESt4lessIS2_ESaIS8_EE21_M_get_Node_allocatorEv
FN:587,_ZNSt8_Rb_treeIN5boost16exception_detail10type_info_ESt4pairIKS2_NS0_10shared_ptrINS1_15error_info_baseEEEESt10_Select1stIS8_ESt4lessIS2_ESaIS8_EE11_M_get_nodeEv
FN:591,_ZNSt8_Rb_treeIN5boost16exception_detail10type_info_ESt4pairIKS2_NS0_10shared_ptrINS1_15error_info_baseEEEESt10_Select1stIS8_ESt4lessIS2_ESaIS8_EE11_M_put_nodeEPSt13_Rb_tree_nodeIS8_E
FN:621,_ZNSt8_Rb_treeIN5boost16exception_detail10type_info_ESt4pairIKS2_NS0_10shared_ptrINS1_15error_info_baseEEEESt10_Select1stIS8_ESt4lessIS2_ESaIS8_EE17_M_construct_nodeIJRKSt21piecewise_construct_tSt5tupleIJRS4_EESJ_IJEEEEEvPSt13_Rb_tree_nodeIS8_EDpOT_
FN:621,_ZNSt8_Rb_treeIN5boost16exception_detail10type_info_ESt4pairIKS2_NS0_10shared_ptrINS1_15error_info_baseEEEESt10_Select1stIS8_ESt4lessIS2_ESaIS8_EE17_M_construct_nodeIJS3_IS2_S7_EEEEvPSt13_Rb_tree_nodeIS8_EDpOT_
FN:640,_ZNSt8_Rb_treeIN5boost16exception_detail10type_info_ESt4pairIKS2_NS0_10shared_ptrINS1_15error_info_baseEEEESt10_Select1stIS8_ESt4lessIS2_ESaIS8_EE14_M_create_nodeIJS3_IS2_S7_EEEEPSt13_Rb_tree_nodeIS8_EDpOT_
FN:640,_ZNSt8_Rb_treeIN5boost16exception_detail10type_info_ESt4pairIKS2_NS0_10shared_ptrINS1_15error_info_baseEEEESt10_Select1stIS8_ESt4lessIS2_ESaIS8_EE14_M_create_nodeIJRKSt21piecewise_construct_tSt5tupleIJRS4_EESJ_IJEEEEEPSt13_Rb_tree_nodeIS8_EDpOT_
FN:648,_ZNSt8_Rb_treeIN5boost16exception_detail10type_info_ESt4pairIKS2_NS0_10shared_ptrINS1_15error_info_baseEEEESt10_Select1stIS8_ESt4lessIS2_ESaIS8_EE15_M_destroy_nodeEPSt13_Rb_tree_nodeIS8_E
FN:656,_ZNSt8_Rb_treeIN5boost16exception_detail10type_info_ESt4pairIKS2_NS0_10shared_ptrINS1_15error_info_baseEEEESt10_Select1stIS8_ESt4lessIS2_ESaIS8_EE12_M_drop_nodeEPSt13_Rb_tree_nodeIS8_E
FN:677,_ZNSt8_Rb_treeIN5boost16exception_detail10type_info_ESt4pairIKS2_NS0_10shared_ptrINS1_15error_info_baseEEEESt10_Select1stIS8_ESt4lessIS2_ESaIS8_EE13_Rb_tree_implISC_Lb1EED2Ev
FN:688,_ZNSt8_Rb_treeIN5boost16exception_detail10type_info_ESt4pairIKS2_NS0_10shared_ptrINS1_15error_info_baseEEEESt10_Select1stIS8_ESt4lessIS2_ESaIS8_EE13_Rb_tree_implISC_Lb1EEC2Ev
FN:720,_ZNSt8_Rb_treeIN5boost16exception_detail10type_info_ESt4pairIKS2_NS0_10shared_ptrINS1_15error_info_baseEEEESt10_Select1stIS8_ESt4lessIS2_ESaIS8_EE11_M_leftmostEv
FN:728,_ZNSt8_Rb_treeIN5boost16exception_detail10type_info_ESt4pairIKS2_NS0_10shared_ptrINS1_15error_info_baseEEEESt10_Select1stIS8_ESt4lessIS2_ESaIS8_EE12_M_rightmostEv
FN:736,_ZNSt8_Rb_treeIN5boost16exception_detail10type_info_ESt4pairIKS2_NS0_10shared_ptrINS1_15error_info_baseEEEESt10_Select1stIS8_ESt4lessIS2_ESaIS8_EE8_M_beginEv
FN:740,_ZNKSt8_Rb_treeIN5boost16exception_detail10type_info_ESt4pairIKS2_NS0_10shared_ptrINS1_15error_info_baseEEEESt10_Select1stIS8_ESt4lessIS2_ESaIS8_EE8_M_beginEv
FN:747,_ZNSt8_Rb_treeIN5boost16exception_detail10type_info_ESt4pairIKS2_NS0_10shared_ptrINS1_15error_info_baseEEEESt10_Select1stIS8_ESt4lessIS2_ESaIS8_EE6_M_endEv
FN:751,_ZNKSt8_Rb_treeIN5boost16exception_detail10type_info_ESt4pairIKS2_NS0_10shared_ptrINS1_15error_info_baseEEEESt10_Select1stIS8_ESt4lessIS2_ESaIS8_EE6_M_endEv
FN:755,_ZNSt8_Rb_treeIN5boost16exception_detail10type_info_ESt4pairIKS2_NS0_10shared_ptrINS1_15error_info_baseEEEESt10_Select1stIS8_ESt4lessIS2_ESaIS8_EE8_S_valueEPKSt13_Rb_tree_nodeIS8_E
FN:759,_ZNSt8_Rb_treeIN5boost16exception_detail10type_info_ESt4pairIKS2_NS0_10shared_ptrINS1_15error_info_baseEEEESt10_Select1stIS8_ESt4lessIS2_ESaIS8_EE6_S_keyEPKSt13_Rb_tree_nodeIS8_E
FN:763,_ZNSt8_Rb_treeIN5boost16exception_detail10type_info_ESt4pairIKS2_NS0_10shared_ptrINS1_15error_info_baseEEEESt10_Select1stIS8_ESt4lessIS2_ESaIS8_EE7_S_leftEPSt18_Rb_tree_node_base
FN:767,_ZNSt8_Rb_treeIN5boost16exception_detail10type_info_ESt4pairIKS2_NS0_10shared_ptrINS1_15error_info_baseEEEESt10_Select1stIS8_ESt4lessIS2_ESaIS8_EE7_S_leftEPKSt18_Rb_tree_node_base
FN:771,_ZNSt8_Rb_treeIN5boost16exception_detail10type_info_ESt4pairIKS2_NS0_10shared_ptrINS1_15error_info_baseEEEESt10_Select1stIS8_ESt4lessIS2_ESaIS8_EE8_S_rightEPSt18_Rb_tree_node_base
FN:775,_ZNSt8_Rb_treeIN5boost16exception_detail10type_info_ESt4pairIKS2_NS0_10shared_ptrINS1_15error_info_baseEEEESt10_Select1stIS8_ESt4lessIS2_ESaIS8_EE8_S_rightEPKSt18_Rb_tree_node_base
FN:779,_ZNSt8_Rb_treeIN5boost16exception_detail10type_info_ESt4pairIKS2_NS0_10shared_ptrINS1_15error_info_baseEEEESt10_Select1stIS8_ESt4lessIS2_ESaIS8_EE8_S_valueEPKSt18_Rb_tree_node_base
FN:783,_ZNSt8_Rb_treeIN5boost16exception_detail10type_info_ESt4pairIKS2_NS0_10shared_ptrINS1_15error_info_baseEEEESt10_Select1stIS8_ESt4lessIS2_ESaIS8_EE6_S_keyEPKSt18_Rb_tree_node_base
FN:913,_ZNSt8_Rb_treeIN5boost16exception_detail10type_info_ESt4pairIKS2_NS0_10shared_ptrINS1_15error_info_baseEEEESt10_Select1stIS8_ESt4lessIS2_ESaIS8_EEC2Ev
FN:948,_ZNSt8_Rb_treeIN5boost16exception_detail10type_info_ESt4pairIKS2_NS0_10shared_ptrINS1_15error_info_baseEEEESt10_Select1stIS8_ESt4lessIS2_ESaIS8_EED2Ev
FN:956,_ZNKSt8_Rb_treeIN5boost16exception_detail10type_info_ESt4pairIKS2_NS0_10shared_ptrINS1_15error_info_baseEEEESt10_Select1stIS8_ESt4lessIS2_ESaIS8_EE8key_compEv
FN:960,_ZNSt8_Rb_treeIN5boost16exception_detail10type_info_ESt4pairIKS2_NS0_10shared_ptrINS1_15error_info_baseEEEESt10_Select1stIS8_ESt4lessIS2_ESaIS8_EE5beginEv
FN:964,_ZNKSt8_Rb_treeIN5boost16exception_detail10type_info_ESt4pairIKS2_NS0_10shared_ptrINS1_15error_info_baseEEEESt10_Select1stIS8_ESt4lessIS2_ESaIS8_EE5beginEv
FN:968,_ZNSt8_Rb_treeIN5boost16exception_detail10type_info_ESt4pairIKS2_NS0_10shared_ptrINS1_15error_info_baseEEEESt10_Select1stIS8_ESt4lessIS2_ESaIS8_EE3endEv
FN:972,_ZNKSt8_Rb_treeIN5boost16exception_detail10type_info_ESt4pairIKS2_NS0_10shared_ptrINS1_15error_info_baseEEEESt10_Select1stIS8_ESt4lessIS2_ESaIS8_EE3endEv
FN:996,_ZNKSt8_Rb_treeIN5boost16exception_detail10type_info_ESt4pairIKS2_NS0_10shared_ptrINS1_15error_info_baseEEEESt10_Select1stIS8_ESt4lessIS2_ESaIS8_EE4sizeEv
FN:1186,_ZNSt8_Rb_treeIN5boost16exception_detail10type_info_ESt4pairIKS2_NS0_10shared_ptrINS1_15error_info_baseEEEESt10_Select1stIS8_ESt4lessIS2_ESaIS8_EE11lower_boundERS4_
FN:1740,_ZNSt8_Rb_treeIN5boost16exception_detail10type_info_ESt4pairIKS2_NS0_10shared_ptrINS1_15error_info_baseEEEESt10_Select1stIS8_ESt4lessIS2_ESaIS8_EE10_M_insert_IS3_IS2_S7_ENSE_11_Alloc_nodeEEESt17_Rb_tree_iteratorIS8_EPSt18_Rb_tree_node_baseSL_OT_RT0_
FN:1850,_ZNSt8_Rb_treeIN5boost16exception_detail10type_info_ESt4pairIKS2_NS0_10shared_ptrINS1_15error_info_baseEEEESt10_Select1stIS8_ESt4lessIS2_ESaIS8_EE8_M_eraseEPSt13_Rb_tree_nodeIS8_E
FN:1867,_ZNSt8_Rb_treeIN5boost16exception_detail10type_info_ESt4pairIKS2_NS0_10shared_ptrINS1_15error_info_baseEEEESt10_Select1stIS8_ESt4lessIS2_ESaIS8_EE14_M_lower_boundEPSt13_Rb_tree_nodeIS8_EPSt18_Rb_tree_node_baseRS4_
FN:1883,_ZNKSt8_Rb_treeIN5boost16exception_detail10type_info_ESt4pairIKS2_NS0_10shared_ptrINS1_15error_info_baseEEEESt10_Select1stIS8_ESt4lessIS2_ESaIS8_EE14_M_lower_boundEPKSt13_Rb_tree_nodeIS8_EPKSt18_Rb_tree_node_baseRS4_
FN:2028,_ZNSt8_Rb_treeIN5boost16exception_detail10type_info_ESt4pairIKS2_NS0_10shared_ptrINS1_15error_info_baseEEEESt10_Select1stIS8_ESt4lessIS2_ESaIS8_EE24_M_get_insert_unique_posERS4_
FN:2082,_ZNSt8_Rb_treeIN5boost16exception_detail10type_info_ESt4pairIKS2_NS0_10shared_ptrINS1_15error_info_baseEEEESt10_Select1stIS8_ESt4lessIS2_ESaIS8_EE16_M_insert_uniqueIS3_IS2_S7_EEES3_ISt17_Rb_tree_iteratorIS8_EbEOT_
FN:2130,_ZNSt8_Rb_treeIN5boost16exception_detail10type_info_ESt4pairIKS2_NS0_10shared_ptrINS1_15error_info_baseEEEESt10_Select1stIS8_ESt4lessIS2_ESaIS8_EE29_M_get_insert_hint_unique_posESt23_Rb_tree_const_iteratorIS8_ERS4_
FN:2297,_ZNSt8_Rb_treeIN5boost16exception_detail10type_info_ESt4pairIKS2_NS0_10shared_ptrINS1_15error_info_baseEEEESt10_Select1stIS8_ESt4lessIS2_ESaIS8_EE14_M_insert_nodeEPSt18_Rb_tree_node_baseSG_PSt13_Rb_tree_nodeIS8_E
FN:2395,_ZNSt8_Rb_treeIN5boost16exception_detail10type_info_ESt4pairIKS2_NS0_10shared_ptrINS1_15error_info_baseEEEESt10_Select1stIS8_ESt4lessIS2_ESaIS8_EE22_M_emplace_hint_uniqueIJRKSt21piecewise_construct_tSt5tupleIJRS4_EESJ_IJEEEEESt17_Rb_tree_iteratorIS8_ESt23_Rb_tree_const_iteratorIS8_EDpOT_
FN:2533,_ZNKSt8_Rb_treeIN5boost16exception_detail10type_info_ESt4pairIKS2_NS0_10shared_ptrINS1_15error_info_baseEEEESt10_Select1stIS8_ESt4lessIS2_ESaIS8_EE4findERS4_
FNDA:0,_ZNSt20_Rb_tree_key_compareISt4lessIN5boost16exception_detail10type_info_EEEC2Ev
FNDA:0,_ZNSt15_Rb_tree_headerC2Ev
FNDA:0,_ZNSt15_Rb_tree_header8_M_resetEv
FNDA:0,_ZNSt13_Rb_tree_nodeISt4pairIKN5boost16exception_detail10type_info_ENS1_10shared_ptrINS2_15error_info_baseEEEEE9_M_valptrEv
FNDA:0,_ZNKSt13_Rb_tree_nodeISt4pairIKN5boost16exception_detail10type_info_ENS1_10shared_ptrINS2_15error_info_baseEEEEE9_M_valptrEv
FNDA:0,_ZNSt17_Rb_tree_iteratorISt4pairIKN5boost16exception_detail10type_info_ENS1_10shared_ptrINS2_15error_info_baseEEEEEC2EPSt18_Rb_tree_node_base
FNDA:0,_ZNKSt17_Rb_tree_iteratorISt4pairIKN5boost16exception_detail10type_info_ENS1_10shared_ptrINS2_15error_info_baseEEEEEdeEv
FNDA:0,_ZNSt17_Rb_tree_iteratorISt4pairIKN5boost16exception_detail10type_info_ENS1_10shared_ptrINS2_15error_info_baseEEEEEppEv
FNDA:0,_ZNSt17_Rb_tree_iteratorISt4pairIKN5boost16exception_detail10type_info_ENS1_10shared_ptrINS2_15error_info_baseEEEEEmmEv
FNDA:0,_ZNKSt17_Rb_tree_iteratorISt4pairIKN5boost16exception_detail10type_info_ENS1_10shared_ptrINS2_15error_info_baseEEEEEeqERKS9_
FNDA:0,_ZNSt23_Rb_tree_const_iteratorISt4pairIKN5boost16exception_detail10type_info_ENS1_10shared_ptrINS2_15error_info_baseEEEEEC2EPKSt18_Rb_tree_node_base
FNDA:0,_ZNSt23_Rb_tree_const_iteratorISt4pairIKN5boost16exception_detail10type_info_ENS1_10shared_ptrINS2_15error_info_baseEEEEEC2ERKSt17_Rb_tree_iteratorIS8_E
FNDA:0,_ZNKSt23_Rb_tree_const_iteratorISt4pairIKN5boost16exception_detail10type_info_ENS1_10shared_ptrINS2_15error_info_baseEEEEE13_M_const_castEv
FNDA:0,_ZNKSt23_Rb_tree_const_iteratorISt4pairIKN5boost16exception_detail10type_info_ENS1_10shared_ptrINS2_15error_info_baseEEEEEptEv
FNDA:0,_ZNSt23_Rb_tree_const_iteratorISt4pairIKN5boost16exception_detail10type_info_ENS1_10shared_ptrINS2_15error_info_baseEEEEEppEv
FNDA:0,_ZNKSt23_Rb_tree_const_iteratorISt4pairIKN5boost16exception_detail10type_info_ENS1_10shared_ptrINS2_15error_info_baseEEEEEeqERKS9_
FNDA:0,_ZNKSt23_Rb_tree_const_iteratorISt4pairIKN5boost16exception_detail10type_info_ENS1_10shared_ptrINS2_15error_info_baseEEEEEneERKS9_
FNDA:0,_ZNSt8_Rb_treeIN5boost16exception_detail10type_info_ESt4pairIKS2_NS0_10shared_ptrINS1_15error_info_baseEEEESt10_Select1stIS8_ESt4lessIS2_ESaIS8_EE11_Alloc_nodeC2ERSE_
FNDA:0,_ZNKSt8_Rb_treeIN5boost16exception_detail10type_info_ESt4pairIKS2_NS0_10shared_ptrINS1_15error_info_baseEEEESt10_Select1stIS8_ESt4lessIS2_ESaIS8_EE11_Alloc_nodeclIS3_IS2_S7_EEEPSt13_Rb_tree_nodeIS8_EOT_
FNDA:0,_ZNSt8_Rb_treeIN5boost16exception_detail10type_info_ESt4pairIKS2_NS0_10shared_ptrINS1_15error_info_baseEEEESt10_Select1stIS8_ESt4lessIS2_ESaIS8_EE21_M_get_Node_allocatorEv
FNDA:0,_ZNSt8_Rb_treeIN5boost16exception_detail10type_info_ESt4pairIKS2_NS0_10shared_ptrINS1_15error_info_baseEEEESt10_Select1stIS8_ESt4lessIS2_ESaIS8_EE11_M_get_nodeEv
FNDA:0,_ZNSt8_Rb_treeIN5boost16exception_detail10type_info_ESt4pairIKS2_NS0_10shared_ptrINS1_15error_info_baseEEEESt10_Select1stIS8_ESt4lessIS2_ESaIS8_EE11_M_put_nodeEPSt13_Rb_tree_nodeIS8_E
FNDA:0,_ZNSt8_Rb_treeIN5boost16exception_detail10type_info_ESt4pairIKS2_NS0_10shared_ptrINS1_15error_info_baseEEEESt10_Select1stIS8_ESt4lessIS2_ESaIS8_EE17_M_construct_nodeIJS3_IS2_S7_EEEEvPSt13_Rb_tree_nodeIS8_EDpOT_
FNDA:0,_ZNSt8_Rb_treeIN5boost16exception_detail10type_info_ESt4pairIKS2_NS0_10shared_ptrINS1_15error_info_baseEEEESt10_Select1stIS8_ESt4lessIS2_ESaIS8_EE17_M_construct_nodeIJRKSt21piecewise_construct_tSt5tupleIJRS4_EESJ_IJEEEEEvPSt13_Rb_tree_nodeIS8_EDpOT_
FNDA:0,_ZNSt8_Rb_treeIN5boost16exception_detail10type_info_ESt4pairIKS2_NS0_10shared_ptrINS1_15error_info_baseEEEESt10_Select1stIS8_ESt4lessIS2_ESaIS8_EE14_M_create_nodeIJS3_IS2_S7_EEEEPSt13_Rb_tree_nodeIS8_EDpOT_
FNDA:0,_ZNSt8_Rb_treeIN5boost16exception_detail10type_info_ESt4pairIKS2_NS0_10shared_ptrINS1_15error_info_baseEEEESt10_Select1stIS8_ESt4lessIS2_ESaIS8_EE14_M_create_nodeIJRKSt21piecewise_construct_tSt5tupleIJRS4_EESJ_IJEEEEEPSt13_Rb_tree_nodeIS8_EDpOT_
FNDA:0,_ZNSt8_Rb_treeIN5boost16exception_detail10type_info_ESt4pairIKS2_NS0_10shared_ptrINS1_15error_info_baseEEEESt10_Select1stIS8_ESt4lessIS2_ESaIS8_EE15_M_destroy_nodeEPSt13_Rb_tree_nodeIS8_E
FNDA:0,_ZNSt8_Rb_treeIN5boost16exception_detail10type_info_ESt4pairIKS2_NS0_10shared_ptrINS1_15error_info_baseEEEESt10_Select1stIS8_ESt4lessIS2_ESaIS8_EE12_M_drop_nodeEPSt13_Rb_tree_nodeIS8_E
FNDA:0,_ZNSt8_Rb_treeIN5boost16exception_detail10type_info_ESt4pairIKS2_NS0_10shared_ptrINS1_15error_info_baseEEEESt10_Select1stIS8_ESt4lessIS2_ESaIS8_EE13_Rb_tree_implISC_Lb1EED2Ev
FNDA:0,_ZNSt8_Rb_treeIN5boost16exception_detail10type_info_ESt4pairIKS2_NS0_10shared_ptrINS1_15error_info_baseEEEESt10_Select1stIS8_ESt4lessIS2_ESaIS8_EE13_Rb_tree_implISC_Lb1EEC2Ev
FNDA:0,_ZNSt8_Rb_treeIN5boost16exception_detail10type_info_ESt4pairIKS2_NS0_10shared_ptrINS1_15error_info_baseEEEESt10_Select1stIS8_ESt4lessIS2_ESaIS8_EE11_M_leftmostEv
FNDA:0,_ZNSt8_Rb_treeIN5boost16exception_detail10type_info_ESt4pairIKS2_NS0_10shared_ptrINS1_15error_info_baseEEEESt10_Select1stIS8_ESt4lessIS2_ESaIS8_EE12_M_rightmostEv
FNDA:0,_ZNSt8_Rb_treeIN5boost16exception_detail10type_info_ESt4pairIKS2_NS0_10shared_ptrINS1_15error_info_baseEEEESt10_Select1stIS8_ESt4lessIS2_ESaIS8_EE8_M_beginEv
FNDA:0,_ZNKSt8_Rb_treeIN5boost16exception_detail10type_info_ESt4pairIKS2_NS0_10shared_ptrINS1_15error_info_baseEEEESt10_Select1stIS8_ESt4lessIS2_ESaIS8_EE8_M_beginEv
FNDA:0,_ZNSt8_Rb_treeIN5boost16exception_detail10type_info_ESt4pairIKS2_NS0_10shared_ptrINS1_15error_info_baseEEEESt10_Select1stIS8_ESt4lessIS2_ESaIS8_EE6_M_endEv
FNDA:0,_ZNKSt8_Rb_treeIN5boost16exception_detail10type_info_ESt4pairIKS2_NS0_10shared_ptrINS1_15error_info_baseEEEESt10_Select1stIS8_ESt4lessIS2_ESaIS8_EE6_M_endEv
FNDA:0,_ZNSt8_Rb_treeIN5boost16exception_detail10type_info_ESt4pairIKS2_NS0_10shared_ptrINS1_15error_info_baseEEEESt10_Select1stIS8_ESt4lessIS2_ESaIS8_EE8_S_valueEPKSt13_Rb_tree_nodeIS8_E
FNDA:0,_ZNSt8_Rb_treeIN5boost16exception_detail10type_info_ESt4pairIKS2_NS0_10shared_ptrINS1_15error_info_baseEEEESt10_Select1stIS8_ESt4lessIS2_ESaIS8_EE6_S_keyEPKSt13_Rb_tree_nodeIS8_E
FNDA:0,_ZNSt8_Rb_treeIN5boost16exception_detail10type_info_ESt4pairIKS2_NS0_10shared_ptrINS1_15error_info_baseEEEESt10_Select1stIS8_ESt4lessIS2_ESaIS8_EE7_S_leftEPSt18_Rb_tree_node_base
FNDA:0,_ZNSt8_Rb_treeIN5boost16exception_detail10type_info_ESt4pairIKS2_NS0_10shared_ptrINS1_15error_info_baseEEEESt10_Select1stIS8_ESt4lessIS2_ESaIS8_EE7_S_leftEPKSt18_Rb_tree_node_base
FNDA:0,_ZNSt8_Rb_treeIN5boost16exception_detail10type_info_ESt4pairIKS2_NS0_10shared_ptrINS1_15error_info_baseEEEESt10_Select1stIS8_ESt4lessIS2_ESaIS8_EE8_S_rightEPSt18_Rb_tree_node_base
FNDA:0,_ZNSt8_Rb_treeIN5boost16exception_detail10type_info_ESt4pairIKS2_NS0_10shared_ptrINS1_15error_info_baseEEEESt10_Select1stIS8_ESt4lessIS2_ESaIS8_EE8_S_rightEPKSt18_Rb_tree_node_base
FNDA:0,_ZNSt8_Rb_treeIN5boost16exception_detail10type_info_ESt4pairIKS2_NS0_10shared_ptrINS1_15error_info_baseEEEESt10_Select1stIS8_ESt4lessIS2_ESaIS8_EE8_S_valueEPKSt18_Rb_tree_node_base
FNDA:0,_ZNSt8_Rb_treeIN5boost16exception_detail10type_info_ESt4pairIKS2_NS0_10shared_ptrINS1_15error_info_baseEEEESt10_Select1stIS8_ESt4lessIS2_ESaIS8_EE6_S_keyEPKSt18_Rb_tree_node_base
FNDA:0,_ZNSt8_Rb_treeIN5boost16exception_detail10type_info_ESt4pairIKS2_NS0_10shared_ptrINS1_15error_info_baseEEEESt10_Select1stIS8_ESt4lessIS2_ESaIS8_EEC2Ev
FNDA:0,_ZNSt8_Rb_treeIN5boost16exception_detail10type_info_ESt4pairIKS2_NS0_10shared_ptrINS1_15error_info_baseEEEESt10_Select1stIS8_ESt4lessIS2_ESaIS8_EED2Ev
FNDA:0,_ZNKSt8_Rb_treeIN5boost16exception_detail10type_info_ESt4pairIKS2_NS0_10shared_ptrINS1_15error_info_baseEEEESt10_Select1stIS8_ESt4lessIS2_ESaIS8_EE8key_compEv
FNDA:0,_ZNSt8_Rb_treeIN5boost16exception_detail10type_info_ESt4pairIKS2_NS0_10shared_ptrINS1_15error_info_baseEEEESt10_Select1stIS8_ESt4lessIS2_ESaIS8_EE5beginEv
FNDA:0,_ZNKSt8_Rb_treeIN5boost16exception_detail10type_info_ESt4pairIKS2_NS0_10shared_ptrINS1_15error_info_baseEEEESt10_Select1stIS8_ESt4lessIS2_ESaIS8_EE5beginEv
FNDA:0,_ZNSt8_Rb_treeIN5boost16exception_detail10type_info_ESt4pairIKS2_NS0_10shared_ptrINS1_15error_info_baseEEEESt10_Select1stIS8_ESt4lessIS2_ESaIS8_EE3endEv
FNDA:0,_ZNKSt8_Rb_treeIN5boost16exception_detail10type_info_ESt4pairIKS2_NS0_10shared_ptrINS1_15error_info_baseEEEESt10_Select1stIS8_ESt4lessIS2_ESaIS8_EE3endEv
FNDA:0,_ZNKSt8_Rb_treeIN5boost16exception_detail10type_info_ESt4pairIKS2_NS0_10shared_ptrINS1_15error_info_baseEEEESt10_Select1stIS8_ESt4lessIS2_ESaIS8_EE4sizeEv
FNDA:0,_ZNSt8_Rb_treeIN5boost16exception_detail10type_info_ESt4pairIKS2_NS0_10shared_ptrINS1_15error_info_baseEEEESt10_Select1stIS8_ESt4lessIS2_ESaIS8_EE11lower_boundERS4_
FNDA:0,_ZNSt8_Rb_treeIN5boost16exception_detail10type_info_ESt4pairIKS2_NS0_10shared_ptrINS1_15error_info_baseEEEESt10_Select1stIS8_ESt4lessIS2_ESaIS8_EE10_M_insert_IS3_IS2_S7_ENSE_11_Alloc_nodeEEESt17_Rb_tree_iteratorIS8_EPSt18_Rb_tree_node_baseSL_OT_RT0_
FNDA:0,_ZNSt8_Rb_treeIN5boost16exception_detail10type_info_ESt4pairIKS2_NS0_10shared_ptrINS1_15error_info_baseEEEESt10_Select1stIS8_ESt4lessIS2_ESaIS8_EE8_M_eraseEPSt13_Rb_tree_nodeIS8_E
FNDA:0,_ZNSt8_Rb_treeIN5boost16exception_detail10type_info_ESt4pairIKS2_NS0_10shared_ptrINS1_15error_info_baseEEEESt10_Select1stIS8_ESt4lessIS2_ESaIS8_EE14_M_lower_boundEPSt13_Rb_tree_nodeIS8_EPSt18_Rb_tree_node_baseRS4_
FNDA:0,_ZNKSt8_Rb_treeIN5boost16exception_detail10type_info_ESt4pairIKS2_NS0_10shared_ptrINS1_15error_info_baseEEEESt10_Select1stIS8_ESt4lessIS2_ESaIS8_EE14_M_lower_boundEPKSt13_Rb_tree_nodeIS8_EPKSt18_Rb_tree_node_baseRS4_
FNDA:0,_ZNSt8_Rb_treeIN5boost16exception_detail10type_info_ESt4pairIKS2_NS0_10shared_ptrINS1_15error_info_baseEEEESt10_Select1stIS8_ESt4lessIS2_ESaIS8_EE24_M_get_insert_unique_posERS4_
FNDA:0,_ZNSt8_Rb_treeIN5boost16exception_detail10type_info_ESt4pairIKS2_NS0_10shared_ptrINS1_15error_info_baseEEEESt10_Select1stIS8_ESt4lessIS2_ESaIS8_EE16_M_insert_uniqueIS3_IS2_S7_EEES3_ISt17_Rb_tree_iteratorIS8_EbEOT_
FNDA:0,_ZNSt8_Rb_treeIN5boost16exception_detail10type_info_ESt4pairIKS2_NS0_10shared_ptrINS1_15error_info_baseEEEESt10_Select1stIS8_ESt4lessIS2_ESaIS8_EE29_M_get_insert_hint_unique_posESt23_Rb_tree_const_iteratorIS8_ERS4_
FNDA:0,_ZNSt8_Rb_treeIN5boost16exception_detail10type_info_ESt4pairIKS2_NS0_10shared_ptrINS1_15error_info_baseEEEESt10_Select1stIS8_ESt4lessIS2_ESaIS8_EE14_M_insert_nodeEPSt18_Rb_tree_node_baseSG_PSt13_Rb_tree_nodeIS8_E
FNDA:0,_ZNSt8_Rb_treeIN5boost16exception_detail10type_info_ESt4pairIKS2_NS0_10shared_ptrINS1_15error_info_baseEEEESt10_Select1stIS8_ESt4lessIS2_ESaIS8_EE22_M_emplace_hint_uniqueIJRKSt21piecewise_construct_tSt5tupleIJRS4_EESJ_IJEEEEESt17_Rb_tree_iteratorIS8_ESt23_Rb_tree_const_iteratorIS8_EDpOT_
FNDA:0,_ZNKSt8_Rb_treeIN5boost16exception_detail10type_info_ESt4pairIKS2_NS0_10shared_ptrINS1_15error_info_baseEEEESt10_Select1stIS8_ESt4lessIS2_ESaIS8_EE4findERS4_
FNF:63
FNH:0
BRDA:625,0,1,-
BRDA:625,0,2,-
BRDA:625,3,4,-
BRDA:625,3,5,-
BRDA:626,0,4,-
BRDA:626,0,5,-
BRDA:626,1,12,-
BRDA:626,1,13,-
BRDA:1749,0,1,-
BRDA:1749,0,2,-
BRDA:1750,0,0,-
BRDA:1750,0,1,-
BRDA:1750,1,3,-
BRDA:1750,1,4,-
BRDA:1750,2,7,-
BRDA:1750,2,8,-
BRDA:1854,0,0,-
BRDA:1854,0,1,-
BRDA:1871,0,0,-
BRDA:1871,0,1,-
BRDA:1872,0,2,-
BRDA:1872,0,3,-
BRDA:1887,0,0,-
BRDA:1887,0,1,-
BRDA:1888,0,2,-
BRDA:1888,0,3,-
BRDA:2035,0,0,-
BRDA:2035,0,1,-
BRDA:2038,0,1,-
BRDA:2038,0,2,-
BRDA:2039,4294967295,0,-
BRDA:2039,4294967295,1,-
BRDA:2042,4294967295,0,-
BRDA:2042,4294967295,1,-
BRDA:2044,0,2,-
BRDA:2044,0,3,-
BRDA:2049,0,1,-
BRDA:2049,0,2,-
BRDA:2049,1,4,-
BRDA:2049,1,5,-
BRDA:2090,4294967295,1,-
BRDA:2090,4294967295,2,-
BRDA:2093,0,0,-
BRDA:2093,0,1,-
BRDA:2096,4294967295,2,-
BRDA:2096,4294967295,3,-
BRDA:2138,4294967295,1,-
BRDA:2138,4294967295,2,-
BRDA:2140,1,1,-
BRDA:2140,1,2,-
BRDA:2141,4294967295,0,-
BRDA:2141,4294967295,1,-
BRDA:2141,0,4,-
BRDA:2141,0,5,-
BRDA:2141,1,7,-
BRDA:2141,1,8,-
BRDA:2144,0,1,-
BRDA:2144,0,2,-
BRDA:2146,0,1,-
BRDA:2146,0,2,-
BRDA:2146,1,4,-
BRDA:2146,1,5,-
BRDA:2150,0,1,-
BRDA:2150,0,2,-
BRDA:2152,0,2,-
BRDA:2152,0,3,-
BRDA:2152,1,5,-
BRDA:2152,1,6,-
BRDA:2154,0,1,-
BRDA:2154,0,2,-
BRDA:2160,0,1,-
BRDA:2160,0,2,-
BRDA:2162,0,1,-
BRDA:2162,0,2,-
BRDA:2162,1,4,-
BRDA:2162,1,5,-
BRDA:2166,0,1,-
BRDA:2166,0,2,-
BRDA:2168,0,2,-
BRDA:2168,0,3,-
BRDA:2168,1,5,-
BRDA:2168,1,6,-
BRDA:2170,0,1,-
BRDA:2170,0,2,-
BRDA:2176,0,1,-
BRDA:2176,0,2,-
BRDA:2300,0,1,-
BRDA:2300,0,2,-
BRDA:2301,0,0,-
BRDA:2301,0,1,-
BRDA:2301,1,5,-
BRDA:2301,1,6,-
BRDA:2402,4294967295,1,-
BRDA:2402,4294967295,2,-
BRDA:2402,0,4,-
BRDA:2402,0,5,-
BRDA:2404,0,0,-
BRDA:2404,0,1,-
BRDA:2405,0,1,-
BRDA:2405,0,2,-
BRDA:2536,0,3,-
BRDA:2536,0,4,-
BRDA:2538,0,1,-
BRDA:2538,0,2,-
BRDA:2538,1,4,-
BRDA:2538,1,5,-
BRDA:2539,4294967295,0,-
BRDA:2539,4294967295,1,-
BRF:108
BRH:0
DA:146,0
DA:150,0
DA:173,0
DA:174,0
DA:175,0
DA:176,0
DA:177,0
DA:206,0
DA:208,0
DA:209,0
DA:210,0
DA:211,0
DA:212,0
DA:234,0
DA:235,0
DA:238,0
DA:239,0
DA:273,0
DA:274,0
DA:277,0
DA:278,0
DA:285,0
DA:287,0
DA:288,0
DA:300,0
DA:302,0
DA:303,0
DA:315,0
DA:316,0
DA:345,0
DA:346,0
DA:348,0
DA:349,0
DA:352,0
DA:353,0
DA:360,0
DA:361,0
DA:364,0
DA:366,0
DA:367,0
DA:394,0
DA:395,0
DA:398,0
DA:399,0
DA:546,0
DA:547,0
DA:554,0
DA:556,0
DA:574,0
DA:575,0
DA:587,0
DA:588,0
DA:591,0
DA:592,0
DA:621,0
DA:625,0
DA:626,0
DA:630,0
DA:633,0
DA:634,0
DA:636,0
DA:640,0
DA:642,0
DA:643,0
DA:644,0
DA:648,0
DA:650,0
DA:652,0
DA:656,0
DA:658,0
DA:659,0
DA:660,0
DA:677,0
DA:688,0
DA:720,0
DA:721,0
DA:728,0
DA:729,0
DA:736,0
DA:737,0
DA:740,0
DA:743,0
DA:747,0
DA:748,0
DA:751,0
DA:752,0
DA:755,0
DA:756,0
DA:759,0
DA:760,0
DA:763,0
DA:764,0
DA:767,0
DA:768,0
DA:771,0
DA:772,0
DA:775,0
DA:776,0
DA:779,0
DA:780,0
DA:783,0
DA:784,0
DA:913,0
DA:948,0
DA:949,0
DA:956,0
DA:957,0
DA:960,0
DA:961,0
DA:964,0
DA:965,0
DA:968,0
DA:969,0
DA:972,0
DA:973,0
DA:996,0
DA:997,0
DA:1186,0
DA:1187,0
DA:1740,0
DA:1749,0
DA:1750,0
DA:1753,0
DA:1755,0
DA:1757,0
DA:1758,0
DA:1850,0
DA:1854,0
DA:1856,0
DA:1857,0
DA:1858,0
DA:1859,0
DA:1861,0
DA:1867,0
DA:1871,0
DA:1872,0
DA:1873,0
DA:1875,0
DA:1876,0
DA:1883,0
DA:1887,0
DA:1888,0
DA:1889,0
DA:1891,0
DA:1892,0
DA:2028,0
DA:2032,0
DA:2033,0
DA:2034,0
DA:2035,0
DA:2037,0
DA:2038,0
DA:2039,0
DA:2041,0
DA:2042,0
DA:2044,0
DA:2045,0
DA:2047,0
DA:2049,0
DA:2050,0
DA:2051,0
DA:2082,0
DA:2090,0
DA:2091,0
DA:2093,0
DA:2095,0
DA:2096,0
DA:2098,0
DA:2101,0
DA:2130,0
DA:2134,0
DA:2138,0
DA:2140,0
DA:2141,0
DA:2142,0
DA:2144,0
DA:2146,0
DA:2149,0
DA:2150,0
DA:2151,0
DA:2152,0
DA:2154,0
DA:2155,0
DA:2157,0
DA:2160,0
DA:2162,0
DA:2165,0
DA:2166,0
DA:2167,0
DA:2168,0
DA:2170,0
DA:2171,0
DA:2173,0
DA:2176,0
DA:2180,0
DA:2297,0
DA:2300,0
DA:2301,0
DA:2304,0
DA:2306,0
DA:2307,0
DA:2395,0
DA:2398,0
DA:2402,0
DA:2404,0
DA:2405,0
DA:2407,0
DA:2408,0
DA:2410,0
DA:2412,0
DA:2413,0
DA:2533,0
DA:2536,0
DA:2537,0
DA:2538,0
DA:2539,0
LF:216
LH:0
end_of_record
SF:/usr/include/c++/7/ext/aligned_buffer.h
FN:62,_ZN9__gnu_cxx16__aligned_membufISt4pairIKN5boost16exception_detail10type_info_ENS2_10shared_ptrINS3_15error_info_baseEEEEE7_M_addrEv
FN:66,_ZNK9__gnu_cxx16__aligned_membufISt4pairIKN5boost16exception_detail10type_info_ENS2_10shared_ptrINS3_15error_info_baseEEEEE7_M_addrEv
FN:70,_ZN9__gnu_cxx16__aligned_membufISt4pairIKN5boost16exception_detail10type_info_ENS2_10shared_ptrINS3_15error_info_baseEEEEE6_M_ptrEv
FN:74,_ZNK9__gnu_cxx16__aligned_membufISt4pairIKN5boost16exception_detail10type_info_ENS2_10shared_ptrINS3_15error_info_baseEEEEE6_M_ptrEv
FNDA:0,_ZN9__gnu_cxx16__aligned_membufISt4pairIKN5boost16exception_detail10type_info_ENS2_10shared_ptrINS3_15error_info_baseEEEEE7_M_addrEv
FNDA:0,_ZNK9__gnu_cxx16__aligned_membufISt4pairIKN5boost16exception_detail10type_info_ENS2_10shared_ptrINS3_15error_info_baseEEEEE7_M_addrEv
FNDA:0,_ZN9__gnu_cxx16__aligned_membufISt4pairIKN5boost16exception_detail10type_info_ENS2_10shared_ptrINS3_15error_info_baseEEEEE6_M_ptrEv
FNDA:0,_ZNK9__gnu_cxx16__aligned_membufISt4pairIKN5boost16exception_detail10type_info_ENS2_10shared_ptrINS3_15error_info_baseEEEEE6_M_ptrEv
FNF:4
FNH:0
DA:62,0
DA:63,0
DA:66,0
DA:67,0
DA:70,0
DA:71,0
DA:74,0
DA:75,0
LF:8
LH:0
end_of_record
SF:/usr/include/c++/7/ext/new_allocator.h
FN:79,_ZN9__gnu_cxx13new_allocatorIPN5boost10shared_ptrIvEEEC2Ev
FN:79,_ZN9__gnu_cxx13new_allocatorISt13_Rb_tree_nodeISt4pairIKN5boost16exception_detail10type_info_ENS3_10shared_ptrINS4_15error_info_baseEEEEEEC2Ev
FN:86,_ZN9__gnu_cxx13new_allocatorIPN5boost10shared_ptrIvEEED2Ev
FN:86,_ZN9__gnu_cxx13new_allocatorISt13_Rb_tree_nodeISt4pairIKN5boost16exception_detail10type_info_ENS3_10shared_ptrINS4_15error_info_baseEEEEEED2Ev
FN:99,_ZN9__gnu_cxx13new_allocatorIPN5boost10shared_ptrIvEEE8allocateEmPKv
FN:99,_ZN9__gnu_cxx13new_allocatorIN5boost10shared_ptrIvEEE8allocateEmPKv
FN:99,_ZN9__gnu_cxx13new_allocatorISt13_Rb_tree_nodeISt4pairIKN5boost16exception_detail10type_info_ENS3_10shared_ptrINS4_15error_info_baseEEEEEE8allocateEmPKv
FN:116,_ZN9__gnu_cxx13new_allocatorISt13_Rb_tree_nodeISt4pairIKN5boost16exception_detail10type_info_ENS3_10shared_ptrINS4_15error_info_baseEEEEEE10deallocateEPSB_m
FN:116,_ZN9__gnu_cxx13new_allocatorIN5boost10shared_ptrIvEEE10deallocateEPS3_m
FN:116,_ZN9__gnu_cxx13new_allocatorIPN5boost10shared_ptrIvEEE10deallocateEPS4_m
FN:129,_ZNK9__gnu_cxx13new_allocatorIPN5boost10shared_ptrIvEEE8max_sizeEv
FN:129,_ZNK9__gnu_cxx13new_allocatorISt13_Rb_tree_nodeISt4pairIKN5boost16exception_detail10type_info_ENS3_10shared_ptrINS4_15error_info_baseEEEEEE8max_sizeEv
FN:129,_ZNK9__gnu_cxx13new_allocatorIN5boost10shared_ptrIvEEE8max_sizeEv
FN:135,_ZN9__gnu_cxx13new_allocatorIN5boost10shared_ptrIvEEE9constructIS3_JRKS3_EEEvPT_DpOT0_
FN:135,_ZN9__gnu_cxx13new_allocatorISt13_Rb_tree_nodeISt4pairIKN5boost16exception_detail10type_info_ENS3_10shared_ptrINS4_15error_info_baseEEEEEE9constructISA_JRKSt21piecewise_construct_tSt5tupleIJRS6_EESH_IJEEEEEvPT_DpOT0_
FN:135,_ZN9__gnu_cxx13new_allocatorISt13_Rb_tree_nodeISt4pairIKN5boost16exception_detail10type_info_ENS3_10shared_ptrINS4_15error_info_baseEEEEEE9constructISA_JS2_IS5_S9_EEEEvPT_DpOT0_
FN:140,_ZN9__gnu_cxx13new_allocatorISt13_Rb_tree_nodeISt4pairIKN5boost16exception_detail10type_info_ENS3_10shared_ptrINS4_15error_info_baseEEEEEE7destroyISA_EEvPT_
FN:140,_ZN9__gnu_cxx13new_allocatorIN5boost10shared_ptrIvEEE7destroyIS3_EEvPT_
FNDA:0,_ZN9__gnu_cxx13new_allocatorIPN5boost10shared_ptrIvEEEC2Ev
FNDA:0,_ZN9__gnu_cxx13new_allocatorISt13_Rb_tree_nodeISt4pairIKN5boost16exception_detail10type_info_ENS3_10shared_ptrINS4_15error_info_baseEEEEEEC2Ev
FNDA:0,_ZN9__gnu_cxx13new_allocatorIPN5boost10shared_ptrIvEEED2Ev
FNDA:0,_ZN9__gnu_cxx13new_allocatorISt13_Rb_tree_nodeISt4pairIKN5boost16exception_detail10type_info_ENS3_10shared_ptrINS4_15error_info_baseEEEEEED2Ev
FNDA:0,_ZN9__gnu_cxx13new_allocatorIN5boost10shared_ptrIvEEE8allocateEmPKv
FNDA:0,_ZN9__gnu_cxx13new_allocatorIPN5boost10shared_ptrIvEEE8allocateEmPKv
FNDA:0,_ZN9__gnu_cxx13new_allocatorISt13_Rb_tree_nodeISt4pairIKN5boost16exception_detail10type_info_ENS3_10shared_ptrINS4_15error_info_baseEEEEEE8allocateEmPKv
FNDA:0,_ZN9__gnu_cxx13new_allocatorIN5boost10shared_ptrIvEEE10deallocateEPS3_m
FNDA:0,_ZN9__gnu_cxx13new_allocatorISt13_Rb_tree_nodeISt4pairIKN5boost16exception_detail10type_info_ENS3_10shared_ptrINS4_15error_info_baseEEEEEE10deallocateEPSB_m
FNDA:0,_ZN9__gnu_cxx13new_allocatorIPN5boost10shared_ptrIvEEE10deallocateEPS4_m
FNDA:0,_ZNK9__gnu_cxx13new_allocatorIN5boost10shared_ptrIvEEE8max_sizeEv
FNDA:0,_ZNK9__gnu_cxx13new_allocatorIPN5boost10shared_ptrIvEEE8max_sizeEv
FNDA:0,_ZNK9__gnu_cxx13new_allocatorISt13_Rb_tree_nodeISt4pairIKN5boost16exception_detail10type_info_ENS3_10shared_ptrINS4_15error_info_baseEEEEEE8max_sizeEv
FNDA:0,_ZN9__gnu_cxx13new_allocatorISt13_Rb_tree_nodeISt4pairIKN5boost16exception_detail10type_info_ENS3_10shared_ptrINS4_15error_info_baseEEEEEE9constructISA_JS2_IS5_S9_EEEEvPT_DpOT0_
FNDA:0,_ZN9__gnu_cxx13new_allocatorIN5boost10shared_ptrIvEEE9constructIS3_JRKS3_EEEvPT_DpOT0_
FNDA:0,_ZN9__gnu_cxx13new_allocatorISt13_Rb_tree_nodeISt4pairIKN5boost16exception_detail10type_info_ENS3_10shared_ptrINS4_15error_info_baseEEEEEE9constructISA_JRKSt21piecewise_construct_tSt5tupleIJRS6_EESH_IJEEEEEvPT_DpOT0_
FNDA:0,_ZN9__gnu_cxx13new_allocatorIN5boost10shared_ptrIvEEE7destroyIS3_EEvPT_
FNDA:0,_ZN9__gnu_cxx13new_allocatorISt13_Rb_tree_nodeISt4pairIKN5boost16exception_detail10type_info_ENS3_10shared_ptrINS4_15error_info_baseEEEEEE7destroyISA_EEvPT_
FNF:18
FNH:0
BRDA:101,0,1,-
BRDA:101,0,2,-
BRDA:101,1,4,-
BRDA:101,1,5,-
BRDA:101,2,7,-
BRDA:101,2,8,-
BRDA:136,0,2,-
BRDA:136,0,3,-
BRDA:136,3,7,-
BRDA:136,3,8,-
BRDA:136,6,15,-
BRDA:136,6,16,-
BRDA:136,7,18,-
BRDA:136,7,19,-
BRF:14
BRH:0
DA:79,0
DA:86,0
DA:99,0
DA:101,0
DA:102,0
DA:111,0
DA:116,0
DA:125,0
DA:126,0
DA:129,0
DA:130,0
DA:135,0
DA:136,0
DA:140,0
LF:14
LH:0
end_of_record
SF:/usr/include/c++/7/iostream
DA:74,1
LF:1
LH:1
end_of_record
SF:/usr/include/c++/7/new
FN:168,_ZnwmPv
FN:174,_ZdlPvS_
FNDA:0,_ZnwmPv
FNDA:0,_ZdlPvS_
FNF:2
FNH:0
DA:168,0
DA:169,0
DA:174,0
LF:3
LH:0
end_of_record
SF:/usr/include/c++/7/system_error
FN:125,_ZNKSt3_V214error_categoryeqERKS0_
FN:178,_ZNKSt10error_code5valueEv
FN:181,_ZNKSt10error_code8categoryEv
FN:229,_ZNSt15error_conditionC2EiRKNSt3_V214error_categoryE
FN:257,_ZNKSt15error_condition5valueEv
FN:260,_ZNKSt15error_condition8categoryEv
FN:311,_ZSteqRKSt15error_conditionS1_
FNDA:0,_ZNKSt3_V214error_categoryeqERKS0_
FNDA:0,_ZNKSt10error_code5valueEv
FNDA:0,_ZNKSt10error_code8categoryEv
FNDA:0,_ZNSt15error_conditionC2EiRKNSt3_V214error_categoryE
FNDA:0,_ZNKSt15error_condition5valueEv
FNDA:0,_ZNKSt15error_condition8categoryEv
FNDA:0,_ZSteqRKSt15error_conditionS1_
FNF:7
FNH:0
BRDA:315,4294967295,0,-
BRDA:315,4294967295,1,-
BRDA:315,0,4,-
BRDA:315,0,5,-
BRF:4
BRH:0
DA:125,0
DA:126,0
DA:178,0
DA:181,0
DA:229,0
DA:230,0
DA:257,0
DA:260,0
DA:311,0
DA:314,0
DA:315,0
LF:11
LH:0
end_of_record
SF:/usr/include/c++/7/tuple
FN:125,_ZNSt10_Head_baseILm0ERKN5boost16exception_detail10type_info_ELb0EEC2ES4_
FN:160,_ZNSt10_Head_baseILm0ERKN5boost16exception_detail10type_info_ELb0EE7_M_headERS5_
FN:351,_ZNSt11_Tuple_implILm0EJRKN5boost16exception_detail10type_info_EEE7_M_headERS5_
FN:360,_ZNSt11_Tuple_implILm0EJRKN5boost16exception_detail10type_info_EEEC2ES4_
FN:371,_ZNSt11_Tuple_implILm0EJRKN5boost16exception_detail10type_info_EEEC2EOS5_
FN:608,_ZNSt5tupleIJRKN5boost16exception_detail10type_info_EEEC2IvLb1EEES4_
FN:662,_ZNSt5tupleIJRKN5boost16exception_detail10type_info_EEEC2EOS5_
FN:1303,_ZSt12__get_helperILm0ERKN5boost16exception_detail10type_info_EJEERT0_RSt11_Tuple_implIXT_EJS5_DpT1_EE
FN:1314,_ZSt3getILm0EJRKN5boost16exception_detail10type_info_EEERNSt13tuple_elementIXT_ESt5tupleIJDpT0_EEE4typeERS9_
FN:1636,_ZNSt4pairIKN5boost16exception_detail10type_info_ENS0_10shared_ptrINS1_15error_info_baseEEEEC2IJRS3_EJEEESt21piecewise_construct_tSt5tupleIJDpT_EESB_IJDpT0_EE
FN:1648,_ZNSt4pairIKN5boost16exception_detail10type_info_ENS0_10shared_ptrINS1_15error_info_baseEEEEC2IJRS3_EJLm0EEJEJEEERSt5tupleIJDpT_EERSA_IJDpT1_EESt12_Index_tupleIJXspT0_EEESJ_IJXspT2_EEE
FNDA:0,_ZNSt10_Head_baseILm0ERKN5boost16exception_detail10type_info_ELb0EEC2ES4_
FNDA:0,_ZNSt10_Head_baseILm0ERKN5boost16exception_detail10type_info_ELb0EE7_M_headERS5_
FNDA:0,_ZNSt11_Tuple_implILm0EJRKN5boost16exception_detail10type_info_EEE7_M_headERS5_
FNDA:0,_ZNSt11_Tuple_implILm0EJRKN5boost16exception_detail10type_info_EEEC2ES4_
FNDA:0,_ZNSt11_Tuple_implILm0EJRKN5boost16exception_detail10type_info_EEEC2EOS5_
FNDA:0,_ZNSt5tupleIJRKN5boost16exception_detail10type_info_EEEC2IvLb1EEES4_
FNDA:0,_ZNSt5tupleIJRKN5boost16exception_detail10type_info_EEEC2EOS5_
FNDA:0,_ZSt12__get_helperILm0ERKN5boost16exception_detail10type_info_EJEERT0_RSt11_Tuple_implIXT_EJS5_DpT1_EE
FNDA:0,_ZSt3getILm0EJRKN5boost16exception_detail10type_info_EEERNSt13tuple_elementIXT_ESt5tupleIJDpT0_EEE4typeERS9_
FNDA:0,_ZNSt4pairIKN5boost16exception_detail10type_info_ENS0_10shared_ptrINS1_15error_info_baseEEEEC2IJRS3_EJEEESt21piecewise_construct_tSt5tupleIJDpT_EESB_IJDpT0_EE
FNDA:0,_ZNSt4pairIKN5boost16exception_detail10type_info_ENS0_10shared_ptrINS1_15error_info_baseEEEEC2IJRS3_EJLm0EEJEJEEERSt5tupleIJDpT_EERSA_IJDpT1_EESt12_Index_tupleIJXspT0_EEESJ_IJXspT2_EEE
FNF:11
FNH:0
DA:125,0
DA:126,0
DA:160,0
DA:351,0
DA:360,0
DA:361,0
DA:371,0
DA:373,0
DA:608,0
DA:609,0
DA:662,0
DA:1303,0
DA:1304,0
DA:1314,0
DA:1315,0
DA:1636,0
DA:1641,0
DA:1642,0
DA:1648,0
DA:1651,0
DA:1652,0
DA:1653,0
LF:22
LH:0
end_of_record
SF:/usr/include/c++/7/typeinfo
FN:99,_ZNKSt9type_info4nameEv
FN:115,_ZNKSt9type_info6beforeERKS_
FN:120,_ZNKSt9type_infoeqERKS_
FNDA:0,_ZNKSt9type_info4nameEv
FNDA:0,_ZNKSt9type_info6beforeERKS_
FNDA:0,_ZNKSt9type_infoeqERKS_
FNF:3
FNH:0
BRDA:100,0,0,-
BRDA:100,0,1,-
BRDA:116,0,0,-
BRDA:116,0,1,-
BRDA:117,0,0,-
BRDA:117,0,1,-
BRDA:123,0,0,-
BRDA:123,0,1,-
BRDA:123,1,2,-
BRDA:123,1,3,-
BRDA:123,2,4,-
BRDA:123,2,5,-
BRF:12
BRH:0
DA:99,0
DA:100,0
DA:115,0
DA:116,0
DA:117,0
DA:118,0
DA:120,0
DA:122,0
DA:123,0
DA:124,0
LF:10
LH:0
end_of_record
SF:/usr/local/include/boost/contract/check.hpp
FN:194,_ZN5boost8contract5checkC2IvEERKNS0_32specify_old_postcondition_exceptIT_EE
FN:267,_ZN5boost8contract5checkC2ERKNS0_14specify_exceptE
FN:328,_ZN5boost8contract5checkD2Ev
FNDA:175,_ZN5boost8contract5checkC2IvEERKNS0_32specify_old_postcondition_exceptIT_EE
FNDA:484,_ZN5boost8contract5checkC2ERKNS0_14specify_exceptE
FNDA:656,_ZN5boost8contract5checkD2Ev
FNF:3
FNH:3
BRDA:198,0,3,0
BRDA:198,0,4,175
BRDA:198,2,8,175
BRDA:198,2,9,0
BRDA:271,0,3,0
BRDA:271,0,4,484
BRDA:271,2,8,481
BRDA:271,2,9,3
BRDA:330,0,1,656
BRDA:330,0,2,0
BRF:10
BRH:6
DA:194,175
DA:198,175
DA:267,484
DA:271,484
DA:328,656
DA:330,656
LF:6
LH:6
end_of_record
SF:/usr/local/include/boost/contract/core/exception.hpp
FN:49,_ZN5boost8contract9exceptionC2Ev
FN:554,_ZN5boost8contract20precondition_failureENS0_4fromE
FN:624,_ZN5boost8contract21postcondition_failureENS0_4fromE
FN:697,_ZN5boost8contract14except_failureENS0_4fromE
FN:766,_ZN5boost8contract11old_failureENS0_4fromE
FNDA:3,_ZN5boost8contract9exceptionC2Ev
FNDA:3,_ZN5boost8contract20precondition_failureENS0_4fromE
FNDA:0,_ZN5boost8contract21postcondition_failureENS0_4fromE
FNDA:0,_ZN5boost8contract14except_failureENS0_4fromE
FNDA:0,_ZN5boost8contract11old_failureENS0_4fromE
FNF:5
FNH:2
DA:49,3
DA:554,3
DA:556,3
DA:560,0
DA:624,0
DA:626,0
DA:630,0
DA:697,0
DA:699,0
DA:703,0
DA:766,0
DA:768,0
DA:772,0
LF:13
LH:3
end_of_record
SF:/usr/local/include/boost/contract/core/specify.hpp
FN:206,_ZN5boost8contract14specify_exceptD2Ev
FN:231,_ZN5boost8contract14specify_exceptC2EPNS0_6detail9cond_baseE
FN:375,_ZN5boost8contract32specify_old_postcondition_exceptIvED2Ev
FN:430,_ZN5boost8contract32specify_old_postcondition_exceptIvE13postconditionIZN35NumberTheoryCalculatorWithContracts3divEiiEUlvE0_EENS0_14specify_exceptERKT_
FN:430,_ZN5boost8contract32specify_old_postcondition_exceptIvE13postconditionIZN35NumberTheoryCalculatorWithContracts3modEiiEUlvE0_EENS0_14specify_exceptERKT_
FN:430,_ZN5boost8contract32specify_old_postcondition_exceptIvE13postconditionIZN35NumberTheoryCalculatorWithContracts3mcmEiiEUlvE0_EENS0_14specify_exceptERKT_
FN:430,_ZN5boost8contract32specify_old_postcondition_exceptIvE13postconditionIZN35NumberTheoryCalculatorWithContracts3mcdEiiEUlvE0_EENS0_14specify_exceptERKT_
FN:457,_ZN5boost8contract32specify_old_postcondition_exceptIvEC2EPNS0_6detail9cond_postINS3_4noneEEE
FN:513,_ZN5boost8contract45specify_precondition_old_postcondition_exceptIvED2Ev
FN:533,_ZN5boost8contract45specify_precondition_old_postcondition_exceptIvE12preconditionIZN35NumberTheoryCalculatorWithContracts9divisibleEiiEUlvE_EENS0_32specify_old_postcondition_exceptIvEERKT_
FN:533,_ZN5boost8contract45specify_precondition_old_postcondition_exceptIvE12preconditionIZN35NumberTheoryCalculatorWithContracts3divEiiEUlvE_EENS0_32specify_old_postcondition_exceptIvEERKT_
FN:533,_ZN5boost8contract45specify_precondition_old_postcondition_exceptIvE12preconditionIZN35NumberTheoryCalculatorWithContracts3mcmEiiEUlvE_EENS0_32specify_old_postcondition_exceptIvEERKT_
FN:533,_ZN5boost8contract45specify_precondition_old_postcondition_exceptIvE12preconditionIZN35NumberTheoryCalculatorWithContracts3mcdEiiEUlvE_EENS0_32specify_old_postcondition_exceptIvEERKT_
FN:533,_ZN5boost8contract45specify_precondition_old_postcondition_exceptIvE12preconditionIZN35NumberTheoryCalculatorWithContracts3modEiiEUlvE_EENS0_32specify_old_postcondition_exceptIvEERKT_
FN:617,_ZN5boost8contract45specify_precondition_old_postcondition_exceptIvEC2EPNS0_6detail9cond_postINS3_4noneEEE
FN:626,_ZN5boost8contract8functionEv
FNDA:484,_ZN5boost8contract14specify_exceptD2Ev
FNDA:484,_ZN5boost8contract14specify_exceptC2EPNS0_6detail9cond_baseE
FNDA:659,_ZN5boost8contract32specify_old_postcondition_exceptIvED2Ev
FNDA:10,_ZN5boost8contract32specify_old_postcondition_exceptIvE13postconditionIZN35NumberTheoryCalculatorWithContracts3mcmEiiEUlvE0_EENS0_14specify_exceptERKT_
FNDA:19,_ZN5boost8contract32specify_old_postcondition_exceptIvE13postconditionIZN35NumberTheoryCalculatorWithContracts3mcdEiiEUlvE0_EENS0_14specify_exceptERKT_
FNDA:224,_ZN5boost8contract32specify_old_postcondition_exceptIvE13postconditionIZN35NumberTheoryCalculatorWithContracts3modEiiEUlvE0_EENS0_14specify_exceptERKT_
FNDA:231,_ZN5boost8contract32specify_old_postcondition_exceptIvE13postconditionIZN35NumberTheoryCalculatorWithContracts3divEiiEUlvE0_EENS0_14specify_exceptERKT_
FNDA:659,_ZN5boost8contract32specify_old_postcondition_exceptIvEC2EPNS0_6detail9cond_postINS3_4noneEEE
FNDA:659,_ZN5boost8contract45specify_precondition_old_postcondition_exceptIvED2Ev
FNDA:10,_ZN5boost8contract45specify_precondition_old_postcondition_exceptIvE12preconditionIZN35NumberTheoryCalculatorWithContracts3mcmEiiEUlvE_EENS0_32specify_old_postcondition_exceptIvEERKT_
FNDA:19,_ZN5boost8contract45specify_precondition_old_postcondition_exceptIvE12preconditionIZN35NumberTheoryCalculatorWithContracts3mcdEiiEUlvE_EENS0_32specify_old_postcondition_exceptIvEERKT_
FNDA:175,_ZN5boost8contract45specify_precondition_old_postcondition_exceptIvE12preconditionIZN35NumberTheoryCalculatorWithContracts9divisibleEiiEUlvE_EENS0_32specify_old_postcondition_exceptIvEERKT_
FNDA:224,_ZN5boost8contract45specify_precondition_old_postcondition_exceptIvE12preconditionIZN35NumberTheoryCalculatorWithContracts3modEiiEUlvE_EENS0_32specify_old_postcondition_exceptIvEERKT_
FNDA:231,_ZN5boost8contract45specify_precondition_old_postcondition_exceptIvE12preconditionIZN35NumberTheoryCalculatorWithContracts3divEiiEUlvE_EENS0_32specify_old_postcondition_exceptIvEERKT_
FNDA:659,_ZN5boost8contract45specify_precondition_old_postcondition_exceptIvEC2EPNS0_6detail9cond_postINS3_4noneEEE
FNDA:659,_ZN5boost8contract8functionEv
FNF:16
FNH:16
BRDA:206,1,1,484
BRDA:206,1,2,0
BRDA:375,1,1,659
BRDA:375,1,2,0
BRDA:431,0,1,0
BRDA:431,0,2,10
BRDA:431,3,9,0
BRDA:431,3,10,19
BRDA:431,6,17,0
BRDA:431,6,18,224
BRDA:431,9,25,0
BRDA:431,9,26,231
BRDA:513,1,1,659
BRDA:513,1,2,0
BRDA:534,0,1,0
BRDA:534,0,2,10
BRDA:534,3,9,0
BRDA:534,3,10,19
BRDA:534,6,17,0
BRDA:534,6,18,175
BRDA:534,9,25,0
BRDA:534,9,26,224
BRDA:534,12,33,0
BRDA:534,12,34,231
BRF:24
BRH:12
DA:206,484
DA:231,968
DA:375,659
DA:430,484
DA:431,484
DA:457,1318
DA:513,659
DA:533,659
DA:534,659
DA:617,1318
DA:626,659
LF:11
LH:11
end_of_record
SF:/usr/local/include/boost/contract/core/virtual.hpp
FN:105,_ZN5boost8contract8virtual_17pop_old_init_copyENS1_11action_enumE
FNDA:0,_ZN5boost8contract8virtual_17pop_old_init_copyENS1_11action_enumE
FNF:1
FNH:0
BRDA:112,0,0,-
BRDA:112,0,1,-
BRDA:112,1,2,-
BRDA:112,1,3,-
BRF:4
BRH:0
DA:105,0
DA:112,0
DA:115,0
LF:3
LH:0
end_of_record
SF:/usr/local/include/boost/contract/detail/auto_ptr.hpp
FN:21,_ZN5boost8contract6detail8auto_ptrINS1_9cond_postINS1_4noneEEEEC2EPS5_
FN:21,_ZN5boost8contract6detail8auto_ptrINS1_9cond_baseEEC2EPS3_
FN:23,_ZN5boost8contract6detail8auto_ptrINS1_9cond_postINS1_4noneEEEED2Ev
FN:23,_ZN5boost8contract6detail8auto_ptrINS1_9cond_baseEED2Ev
FN:25,_ZN5boost8contract6detail8auto_ptrINS1_9cond_postINS1_4noneEEEE7releaseEv
FN:25,_ZN5boost8contract6detail8auto_ptrINS1_9cond_baseEE7releaseEv
FN:41,_ZN5boost8contract6detail8auto_ptrINS1_9cond_baseEEptEv
FN:41,_ZN5boost8contract6detail8auto_ptrINS1_9cond_postINS1_4noneEEEEptEv
FN:44,_ZNK5boost8contract6detail8auto_ptrINS1_9cond_baseEEcvbEv
FN:44,_ZNK5boost8contract6detail8auto_ptrINS1_9cond_postINS1_4noneEEEEcvbEv
FNDA:1318,_ZN5boost8contract6detail8auto_ptrINS1_9cond_postINS1_4noneEEEEC2EPS5_
FNDA:1143,_ZN5boost8contract6detail8auto_ptrINS1_9cond_baseEEC2EPS3_
FNDA:1318,_ZN5boost8contract6detail8auto_ptrINS1_9cond_postINS1_4noneEEEED2Ev
FNDA:1143,_ZN5boost8contract6detail8auto_ptrINS1_9cond_baseEED2Ev
FNDA:1318,_ZN5boost8contract6detail8auto_ptrINS1_9cond_postINS1_4noneEEEE7releaseEv
FNDA:484,_ZN5boost8contract6detail8auto_ptrINS1_9cond_baseEE7releaseEv
FNDA:1143,_ZN5boost8contract6detail8auto_ptrINS1_9cond_postINS1_4noneEEEEptEv
FNDA:659,_ZN5boost8contract6detail8auto_ptrINS1_9cond_baseEEptEv
FNDA:1143,_ZNK5boost8contract6detail8auto_ptrINS1_9cond_postINS1_4noneEEEEcvbEv
FNDA:659,_ZNK5boost8contract6detail8auto_ptrINS1_9cond_baseEEcvbEv
FNF:10
FNH:10
BRDA:23,1,0,0
BRDA:23,1,1,1318
BRDA:23,2,3,-
BRDA:23,2,4,-
BRDA:23,6,5,659
BRDA:23,6,6,484
BRDA:23,7,8,659
BRDA:23,7,9,0
BRF:8
BRH:4
DA:21,2461
DA:23,2461
DA:25,1802
DA:26,1802
DA:27,1802
DA:28,1802
DA:41,3604
DA:44,3604
LF:8
LH:8
end_of_record
SF:/usr/local/include/boost/contract/detail/checking.hpp
FN:28,_ZN5boost8contract6detail8checkingC2Ev
FN:36,_ZN5boost8contract6detail8checkingD2Ev
FN:44,_ZN5boost8contract6detail8checking7alreadyEv
FNDA:484,_ZN5boost8contract6detail8checkingC2Ev
FNDA:484,_ZN5boost8contract6detail8checkingD2Ev
FNDA:3214,_ZN5boost8contract6detail8checking7alreadyEv
FNF:3
FNH:3
DA:28,484
DA:30,484
DA:34,484
DA:36,484
DA:38,484
DA:42,484
DA:44,3214
DA:46,3214
LF:8
LH:8
end_of_record
SF:/usr/local/include/boost/contract/detail/condition/cond_base.hpp
FN:38,_ZN5boost8contract6detail9cond_baseC2ENS0_4fromE
FN:48,_ZN5boost8contract6detail9cond_baseD0Ev
FN:48,_ZN5boost8contract6detail9cond_baseD2Ev
FN:53,_ZN5boost8contract6detail9cond_base10initializeEv
FN:60,_ZN5boost8contract6detail9cond_base7set_preIZN35NumberTheoryCalculatorWithContracts3modEiiEUlvE_EEvRKT_
FN:60,_ZN5boost8contract6detail9cond_base7set_preIZN35NumberTheoryCalculatorWithContracts9divisibleEiiEUlvE_EEvRKT_
FN:60,_ZN5boost8contract6detail9cond_base7set_preIZN35NumberTheoryCalculatorWithContracts3mcmEiiEUlvE_EEvRKT_
FN:60,_ZN5boost8contract6detail9cond_base7set_preIZN35NumberTheoryCalculatorWithContracts3divEiiEUlvE_EEvRKT_
FN:60,_ZN5boost8contract6detail9cond_base7set_preIZN35NumberTheoryCalculatorWithContracts3mcdEiiEUlvE_EEvRKT_
FN:74,_ZN5boost8contract6detail9cond_base18assert_initializedEv
FN:87,_ZN5boost8contract6detail9cond_base4initEv
FN:91,_ZN5boost8contract6detail9cond_base9check_preEb
FN:105,_ZN5boost8contract6detail9cond_base8copy_oldEv
FN:113,_ZN5boost8contract6detail9cond_base12check_exceptEv
FN:121,_ZN5boost8contract6detail9cond_base4failEPFvNS0_4fromEE
FN:127,_ZNK5boost8contract6detail9cond_base6failedEv
FN:128,_ZN5boost8contract6detail9cond_base6failedEb
FNDA:659,_ZN5boost8contract6detail9cond_baseC2ENS0_4fromE
FNDA:0,_ZN5boost8contract6detail9cond_baseD0Ev
FNDA:659,_ZN5boost8contract6detail9cond_baseD2Ev
FNDA:659,_ZN5boost8contract6detail9cond_base10initializeEv
FNDA:10,_ZN5boost8contract6detail9cond_base7set_preIZN35NumberTheoryCalculatorWithContracts3mcmEiiEUlvE_EEvRKT_
FNDA:19,_ZN5boost8contract6detail9cond_base7set_preIZN35NumberTheoryCalculatorWithContracts3mcdEiiEUlvE_EEvRKT_
FNDA:175,_ZN5boost8contract6detail9cond_base7set_preIZN35NumberTheoryCalculatorWithContracts9divisibleEiiEUlvE_EEvRKT_
FNDA:224,_ZN5boost8contract6detail9cond_base7set_preIZN35NumberTheoryCalculatorWithContracts3modEiiEUlvE_EEvRKT_
FNDA:231,_ZN5boost8contract6detail9cond_base7set_preIZN35NumberTheoryCalculatorWithContracts3divEiiEUlvE_EEvRKT_
FNDA:659,_ZN5boost8contract6detail9cond_base18assert_initializedEv
FNDA:0,_ZN5boost8contract6detail9cond_base4initEv
FNDA:242,_ZN5boost8contract6detail9cond_base9check_preEb
FNDA:239,_ZN5boost8contract6detail9cond_base8copy_oldEv
FNDA:3,_ZN5boost8contract6detail9cond_base12check_exceptEv
FNDA:3,_ZN5boost8contract6detail9cond_base4failEPFvNS0_4fromEE
FNDA:723,_ZNK5boost8contract6detail9cond_base6failedEv
FNDA:3,_ZN5boost8contract6detail9cond_base6failedEb
FNF:17
FNH:15
BRDA:43,0,2,659
BRDA:43,0,3,0
BRDA:43,1,5,659
BRDA:43,1,6,0
BRDA:50,0,0,0
BRDA:50,0,1,659
BRDA:51,0,1,-
BRDA:51,0,2,-
BRDA:83,0,0,0
BRDA:83,0,1,659
BRDA:92,0,1,0
BRDA:92,0,2,242
BRDA:93,0,1,242
BRDA:93,0,2,0
BRDA:93,1,4,239
BRDA:93,1,5,3
BRDA:97,4294967295,0,0
BRDA:97,4294967295,1,3
BRDA:98,0,1,0
BRDA:98,0,2,3
BRDA:106,0,1,0
BRDA:106,0,2,239
BRDA:107,0,1,0
BRDA:107,0,2,239
BRDA:107,1,4,-
BRDA:107,1,5,-
BRDA:108,4294967295,2,-
BRDA:108,4294967295,3,-
BRDA:114,0,1,3
BRDA:114,0,2,0
BRDA:115,0,1,-
BRDA:115,0,2,-
BRDA:115,1,4,-
BRDA:115,1,5,-
BRDA:116,4294967295,2,-
BRDA:116,4294967295,3,-
BRDA:123,4294967295,0,3
BRDA:123,4294967295,1,0
BRF:38
BRH:14
DA:38,659
DA:43,659
DA:45,659
DA:48,1318
DA:50,659
DA:51,0
DA:53,659
DA:54,659
DA:55,659
DA:56,656
DA:60,1318
DA:74,659
DA:75,659
DA:83,659
DA:85,659
DA:87,0
DA:91,242
DA:92,242
DA:93,242
DA:94,6
DA:97,3
DA:98,3
DA:100,242
DA:105,239
DA:106,239
DA:107,239
DA:108,0
DA:113,3
DA:114,3
DA:115,3
DA:116,0
DA:121,3
DA:122,3
DA:123,3
DA:124,0
DA:127,1446
DA:128,3
LF:37
LH:32
end_of_record
SF:/usr/local/include/boost/contract/detail/condition/cond_post.hpp
FN:69,_ZN5boost8contract6detail9cond_postINS1_4noneEED2Ev
FN:69,_ZN5boost8contract6detail9cond_postINS1_4noneEED0Ev
FN:71,_ZN5boost8contract6detail9cond_postINS1_4noneEEC2ENS0_4fromE
FN:74,_ZN5boost8contract6detail9cond_postINS1_4noneEE8set_postIZN35NumberTheoryCalculatorWithContracts3modEiiEUlvE0_EEvRKT_
FN:74,_ZN5boost8contract6detail9cond_postINS1_4noneEE10check_postERKS3_
FN:74,_ZN5boost8contract6detail9cond_postINS1_4noneEE8set_postIZN35NumberTheoryCalculatorWithContracts3mcmEiiEUlvE0_EEvRKT_
FN:74,_ZN5boost8contract6detail9cond_postINS1_4noneEE8set_postIZN35NumberTheoryCalculatorWithContracts3divEiiEUlvE0_EEvRKT_
FN:74,_ZN5boost8contract6detail9cond_postINS1_4noneEE8set_postIZN35NumberTheoryCalculatorWithContracts3mcdEiiEUlvE0_EEvRKT_
FNDA:0,_ZN5boost8contract6detail9cond_postINS1_4noneEED0Ev
FNDA:659,_ZN5boost8contract6detail9cond_postINS1_4noneEED2Ev
FNDA:659,_ZN5boost8contract6detail9cond_postINS1_4noneEEC2ENS0_4fromE
FNDA:10,_ZN5boost8contract6detail9cond_postINS1_4noneEE8set_postIZN35NumberTheoryCalculatorWithContracts3mcmEiiEUlvE0_EEvRKT_
FNDA:19,_ZN5boost8contract6detail9cond_postINS1_4noneEE8set_postIZN35NumberTheoryCalculatorWithContracts3mcdEiiEUlvE0_EEvRKT_
FNDA:224,_ZN5boost8contract6detail9cond_postINS1_4noneEE8set_postIZN35NumberTheoryCalculatorWithContracts3modEiiEUlvE0_EEvRKT_
FNDA:231,_ZN5boost8contract6detail9cond_postINS1_4noneEE8set_postIZN35NumberTheoryCalculatorWithContracts3divEiiEUlvE0_EEvRKT_
FNDA:239,_ZN5boost8contract6detail9cond_postINS1_4noneEE10check_postERKS3_
FNF:8
FNH:7
BRDA:69,1,1,-
BRDA:69,1,2,-
BRDA:69,5,7,659
BRDA:69,5,8,0
BRDA:71,1,2,659
BRDA:71,1,3,0
BRDA:74,9,5,0
BRDA:74,9,6,239
BRDA:74,11,8,203
BRDA:74,11,9,36
BRDA:74,12,11,203
BRDA:74,12,12,0
BRDA:74,14,15,-
BRDA:74,14,16,-
BRF:14
BRH:6
DA:69,659
DA:71,659
DA:74,1207
LF:3
LH:3
end_of_record
SF:/usr/local/include/boost/contract/detail/inlined/core/exception.hpp
FN:28,_ZN5boost8contract9exceptionD0Ev
FN:28,_ZN5boost8contract9exceptionD2Ev
FN:43,_ZN5boost8contract23bad_virtual_result_castD0Ev
FN:43,_ZN5boost8contract23bad_virtual_result_castD2Ev
FN:46,_ZNK5boost8contract23bad_virtual_result_cast4whatEv
FN:51,_ZN5boost8contract17assertion_failureC2EPKcmS3_
FN:62,_ZN5boost8contract17assertion_failureD0Ev
FN:62,_ZN5boost8contract17assertion_failureD2Ev
FN:65,_ZNK5boost8contract17assertion_failure4whatEv
FN:79,_ZN5boost8contract17assertion_failure4initEv
FN:103,_ZN5boost8contract10exception_15default_handlerILNS1_11failure_keyE2EEEvv
FN:103,_ZN5boost8contract10exception_15default_handlerILNS1_11failure_keyE1EEEvv
FN:103,_ZN5boost8contract10exception_15default_handlerILNS1_11failure_keyE4EEEvv
FN:103,_ZN5boost8contract10exception_15default_handlerILNS1_11failure_keyE3EEEvv
FN:127,_ZN5boost8contract10exception_20default_from_handlerILNS1_11failure_keyE4EEEvNS0_4fromE
FN:127,_ZN5boost8contract10exception_20default_from_handlerILNS1_11failure_keyE1EEEvNS0_4fromE
FN:127,_ZN5boost8contract10exception_20default_from_handlerILNS1_11failure_keyE2EEEvNS0_4fromE
FN:127,_ZN5boost8contract10exception_20default_from_handlerILNS1_11failure_keyE3EEEvNS0_4fromE
FN:219,_ZN5boost8contract10exception_20pre_failure_unlockedENS0_4fromE
[...]
FNDA:18,_ZNK5boost9unit_test17lazy_ostream_implINS1_INS1_INS1_INS1_INS1_INS1_INS0_12lazy_ostreamEA1_cRA1_KcEEA3_cRA3_S4_EEA4_cRA4_S4_EENS_10test_tools9tt_detail14print_helper_tIiEERKSJ_EES8_SA_EES8_SA_EESC_SE_EclERSo
FNDA:18,_ZNK5boost9unit_test17lazy_ostream_implINS1_INS1_INS1_INS1_INS1_INS1_INS1_INS0_12lazy_ostreamEA1_cRA1_KcEEA3_cRA3_S4_EEA4_cRA4_S4_EENS_10test_tools9tt_detail14print_helper_tIiEERKSJ_EES8_SA_EES8_SA_EESC_SE_EESJ_SL_EclERSo
FNDA:18,_ZNK5boost9unit_test17lazy_ostream_implINS1_INS1_INS1_INS1_INS1_INS1_INS1_INS1_INS0_12lazy_ostreamEA1_cRA1_KcEEA3_cRA3_S4_EEA4_cRA4_S4_EENS_10test_tools9tt_detail14print_helper_tIiEERKSJ_EES8_SA_EES8_SA_EESC_SE_EESJ_SL_EES8_SA_EclERSo
FNDA:6,_ZNK5boost9unit_test17lazy_ostream_implINS1_INS1_INS0_12lazy_ostreamEA1_cRA1_KcEEA10_cRA10_S4_EEA4_cRA4_S4_EclERSo
FNDA:6,_ZNK5boost9unit_test17lazy_ostream_implINS1_INS1_INS1_INS0_12lazy_ostreamEA1_cRA1_KcEEA10_cRA10_S4_EEA4_cRA4_S4_EENS_10test_tools9tt_detail14print_helper_tIiEERKSJ_EclERSo
FNDA:6,_ZNK5boost9unit_test17lazy_ostream_implINS1_INS1_INS1_INS1_INS0_12lazy_ostreamEA1_cRA1_KcEEA10_cRA10_S4_EEA4_cRA4_S4_EENS_10test_tools9tt_detail14print_helper_tIiEERKSJ_EEA3_cRA3_S4_EclERSo
FNDA:6,_ZNK5boost9unit_test17lazy_ostream_implINS1_INS1_INS1_INS1_INS1_INS0_12lazy_ostreamEA1_cRA1_KcEEA10_cRA10_S4_EEA4_cRA4_S4_EENS_10test_tools9tt_detail14print_helper_tIiEERKSJ_EEA3_cRA3_S4_EEA8_cRA8_S4_EclERSo
FNDA:6,_ZNK5boost9unit_test17lazy_ostream_implINS1_INS1_INS1_INS1_INS1_INS1_INS0_12lazy_ostreamEA1_cRA1_KcEEA10_cRA10_S4_EEA4_cRA4_S4_EENS_10test_tools9tt_detail14print_helper_tIiEERKSJ_EEA3_cRA3_S4_EEA8_cRA8_S4_EESC_SE_EclERSo
FNDA:6,_ZNK5boost9unit_test17lazy_ostream_implINS1_INS1_INS1_INS1_INS1_INS1_INS1_INS0_12lazy_ostreamEA1_cRA1_KcEEA10_cRA10_S4_EEA4_cRA4_S4_EENS_10test_tools9tt_detail14print_helper_tIiEERKSJ_EEA3_cRA3_S4_EEA8_cRA8_S4_EESC_SE_EESJ_SL_EclERSo
FNDA:6,_ZNK5boost9unit_test17lazy_ostream_implINS1_INS1_INS1_INS1_INS1_INS1_INS1_INS1_INS0_12lazy_ostreamEA1_cRA1_KcEEA10_cRA10_S4_EEA4_cRA4_S4_EENS_10test_tools9tt_detail14print_helper_tIiEERKSJ_EEA3_cRA3_S4_EEA8_cRA8_S4_EESC_SE_EESJ_SL_EESN_SP_EclERSo
FNDA:3,_ZNK5boost9unit_test17lazy_ostream_implINS1_INS1_INS0_12lazy_ostreamEA1_cRA1_KcEEA7_cRA7_S4_EEA4_cRA4_S4_EclERSo
FNDA:3,_ZNK5boost9unit_test17lazy_ostream_implINS1_INS1_INS1_INS0_12lazy_ostreamEA1_cRA1_KcEEA7_cRA7_S4_EEA4_cRA4_S4_EENS_10test_tools9tt_detail14print_helper_tIiEERKSJ_EclERSo
FNDA:3,_ZNK5boost9unit_test17lazy_ostream_implINS1_INS1_INS1_INS1_INS0_12lazy_ostreamEA1_cRA1_KcEEA7_cRA7_S4_EEA4_cRA4_S4_EENS_10test_tools9tt_detail14print_helper_tIiEERKSJ_EEA3_cRA3_S4_EclERSo
FNDA:3,_ZNK5boost9unit_test17lazy_ostream_implINS1_INS1_INS1_INS1_INS1_INS0_12lazy_ostreamEA1_cRA1_KcEEA7_cRA7_S4_EEA4_cRA4_S4_EENS_10test_tools9tt_detail14print_helper_tIiEERKSJ_EEA3_cRA3_S4_EEA15_cRA15_S4_EclERSo
FNDA:3,_ZNK5boost9unit_test17lazy_ostream_implINS1_INS1_INS1_INS1_INS1_INS1_INS0_12lazy_ostreamEA1_cRA1_KcEEA7_cRA7_S4_EEA4_cRA4_S4_EENS_10test_tools9tt_detail14print_helper_tIiEERKSJ_EEA3_cRA3_S4_EEA15_cRA15_S4_EESC_SE_EclERSo
FNDA:3,_ZNK5boost9unit_test17lazy_ostream_implINS1_INS1_INS1_INS1_INS1_INS1_INS1_INS0_12lazy_ostreamEA1_cRA1_KcEEA7_cRA7_S4_EEA4_cRA4_S4_EENS_10test_tools9tt_detail14print_helper_tIiEERKSJ_EEA3_cRA3_S4_EEA15_cRA15_S4_EESC_SE_EESJ_SL_EclERSo
FNDA:3,_ZNK5boost9unit_test17lazy_ostream_implINS1_INS1_INS1_INS1_INS1_INS1_INS1_INS1_INS0_12lazy_ostreamEA1_cRA1_KcEEA7_cRA7_S4_EEA4_cRA4_S4_EENS_10test_tools9tt_detail14print_helper_tIiEERKSJ_EEA3_cRA3_S4_EEA15_cRA15_S4_EESC_SE_EESJ_SL_EESN_SP_EclERSo
FNDA:0,_ZNK5boost9unit_test17lazy_ostream_implINS0_12lazy_ostreamENS0_13basic_cstringIKcEERKS5_EclERSo
FNDA:0,_ZNK5boost9unit_test17lazy_ostream_implINS0_12lazy_ostreamENS_10test_tools9tt_detail14print_helper_tIiEERKS6_EclERSo
FNDA:0,_ZNK5boost9unit_test17lazy_ostream_implINS0_12lazy_ostreamEA24_cRA24_KcEclERSo
FNDA:0,_ZNK5boost9unit_test17lazy_ostream_implINS0_12lazy_ostreamEA69_cRA69_KcEclERSo
FNDA:0,_ZNK5boost9unit_test17lazy_ostream_implINS0_12lazy_ostreamEA66_cRA66_KcEclERSo
FNDA:18,_ZN5boost9unit_testlsINS_10test_tools9tt_detail14print_helper_tIiEEEENS0_17lazy_ostream_implINS0_12lazy_ostreamET_RKS8_EERKS7_SA_
FNDA:18,_ZN5boost9unit_testlsINS0_13basic_cstringIKcEEEENS0_17lazy_ostream_implINS0_12lazy_ostreamET_RKS7_EERKS6_S9_
FNDA:36,_ZN5boost9unit_testlsIA1_cEENS0_17lazy_ostream_implINS0_12lazy_ostreamET_RKS5_EERKS4_S7_
FNDA:3,_ZN5boost9unit_testlsIA66_cEENS0_17lazy_ostream_implINS0_12lazy_ostreamET_RKS5_EERKS4_S7_
FNDA:0,_ZN5boost9unit_testlsIA69_cEENS0_17lazy_ostream_implINS0_12lazy_ostreamET_RKS5_EERKS4_S7_
FNDA:1,_ZN5boost9unit_testlsIA24_cEENS0_17lazy_ostream_implINS0_12lazy_ostreamET_RKS5_EERKS4_S7_
FNDA:3,_ZN5boost9unit_testlsINS0_17lazy_ostream_implINS2_INS2_INS2_INS2_INS2_INS2_INS0_12lazy_ostreamEA1_cRA1_KcEEA7_cRA7_S5_EEA4_cRA4_S5_EENS_10test_tools9tt_detail14print_helper_tIiEERKSK_EEA3_cRA3_S5_EEA15_cRA15_S5_EESD_SF_EESK_SO_EENS2_INS2_IT_T0_RKSY_EET1_RKS12_EERKS11_S14_
FNDA:3,_ZN5boost9unit_testlsINS0_17lazy_ostream_implINS2_INS2_INS2_INS2_INS2_INS0_12lazy_ostreamEA1_cRA1_KcEEA7_cRA7_S5_EEA4_cRA4_S5_EENS_10test_tools9tt_detail14print_helper_tIiEERKSK_EEA3_cRA3_S5_EEA15_cRA15_S5_EESD_SK_EENS2_INS2_IT_T0_RKSX_EET1_RKS11_EERKS10_S13_
FNDA:3,_ZN5boost9unit_testlsINS0_17lazy_ostream_implINS2_INS2_INS2_INS2_INS0_12lazy_ostreamEA1_cRA1_KcEEA7_cRA7_S5_EEA4_cRA4_S5_EENS_10test_tools9tt_detail14print_helper_tIiEERKSK_EEA3_cRA3_S5_EEA15_cSD_EENS2_INS2_IT_T0_RKSU_EET1_RKSY_EERKSX_S10_
FNDA:3,_ZN5boost9unit_testlsINS0_17lazy_ostream_implINS2_INS2_INS2_INS0_12lazy_ostreamEA1_cRA1_KcEEA7_cRA7_S5_EEA4_cRA4_S5_EENS_10test_tools9tt_detail14print_helper_tIiEERKSK_EEA3_cA15_cEENS2_INS2_IT_T0_RKSR_EET1_RKSV_EERKSU_SX_
FNDA:3,_ZN5boost9unit_testlsINS0_17lazy_ostream_implINS2_INS2_INS0_12lazy_ostreamEA1_cRA1_KcEEA7_cRA7_S5_EEA4_cRA4_S5_EENS_10test_tools9tt_detail14print_helper_tIiEEA3_cEENS2_INS2_IT_T0_RKSN_EET1_RKSR_EERKSQ_ST_
FNDA:3,_ZN5boost9unit_testlsINS0_17lazy_ostream_implINS2_INS0_12lazy_ostreamEA1_cRA1_KcEEA7_cRA7_S5_EEA4_cNS_10test_tools9tt_detail14print_helper_tIiEEEENS2_INS2_IT_T0_RKSJ_EET1_RKSN_EERKSM_SP_
FNDA:3,_ZN5boost9unit_testlsINS0_12lazy_ostreamEA1_cA7_cEENS0_17lazy_ostream_implINS5_IT_T0_RKS7_EET1_RKSB_EERKSA_SD_
FNDA:3,_ZN5boost9unit_testlsINS0_17lazy_ostream_implINS0_12lazy_ostreamEA1_cRA1_KcEEA7_cA4_cEENS2_INS2_IT_T0_RKSC_EET1_RKSG_EERKSF_SI_
FNDA:6,_ZN5boost9unit_testlsINS0_17lazy_ostream_implINS2_INS2_INS2_INS2_INS2_INS2_INS0_12lazy_ostreamEA1_cRA1_KcEEA10_cRA10_S5_EEA4_cRA4_S5_EENS_10test_tools9tt_detail14print_helper_tIiEERKSK_EEA3_cRA3_S5_EEA8_cRA8_S5_EESD_SF_EESK_SO_EENS2_INS2_IT_T0_RKSY_EET1_RKS12_EERKS11_S14_
FNDA:6,_ZN5boost9unit_testlsINS0_17lazy_ostream_implINS2_INS2_INS2_INS2_INS2_INS0_12lazy_ostreamEA1_cRA1_KcEEA10_cRA10_S5_EEA4_cRA4_S5_EENS_10test_tools9tt_detail14print_helper_tIiEERKSK_EEA3_cRA3_S5_EEA8_cRA8_S5_EESD_SK_EENS2_INS2_IT_T0_RKSX_EET1_RKS11_EERKS10_S13_
FNDA:6,_ZN5boost9unit_testlsINS0_17lazy_ostream_implINS2_INS2_INS2_INS2_INS0_12lazy_ostreamEA1_cRA1_KcEEA10_cRA10_S5_EEA4_cRA4_S5_EENS_10test_tools9tt_detail14print_helper_tIiEERKSK_EEA3_cRA3_S5_EEA8_cSD_EENS2_INS2_IT_T0_RKSU_EET1_RKSY_EERKSX_S10_
FNDA:6,_ZN5boost9unit_testlsINS0_17lazy_ostream_implINS2_INS2_INS2_INS0_12lazy_ostreamEA1_cRA1_KcEEA10_cRA10_S5_EEA4_cRA4_S5_EENS_10test_tools9tt_detail14print_helper_tIiEERKSK_EEA3_cA8_cEENS2_INS2_IT_T0_RKSR_EET1_RKSV_EERKSU_SX_
FNDA:6,_ZN5boost9unit_testlsINS0_17lazy_ostream_implINS2_INS2_INS0_12lazy_ostreamEA1_cRA1_KcEEA10_cRA10_S5_EEA4_cRA4_S5_EENS_10test_tools9tt_detail14print_helper_tIiEEA3_cEENS2_INS2_IT_T0_RKSN_EET1_RKSR_EERKSQ_ST_
FNDA:6,_ZN5boost9unit_testlsINS0_17lazy_ostream_implINS2_INS0_12lazy_ostreamEA1_cRA1_KcEEA10_cRA10_S5_EEA4_cNS_10test_tools9tt_detail14print_helper_tIiEEEENS2_INS2_IT_T0_RKSJ_EET1_RKSN_EERKSM_SP_
FNDA:6,_ZN5boost9unit_testlsINS0_12lazy_ostreamEA1_cA10_cEENS0_17lazy_ostream_implINS5_IT_T0_RKS7_EET1_RKSB_EERKSA_SD_
FNDA:6,_ZN5boost9unit_testlsINS0_17lazy_ostream_implINS0_12lazy_ostreamEA1_cRA1_KcEEA10_cA4_cEENS2_INS2_IT_T0_RKSC_EET1_RKSG_EERKSF_SI_
FNDA:18,_ZN5boost9unit_testlsINS0_17lazy_ostream_implINS2_INS2_INS2_INS2_INS2_INS2_INS0_12lazy_ostreamEA1_cRA1_KcEEA3_cRA3_S5_EEA4_cRA4_S5_EENS_10test_tools9tt_detail14print_helper_tIiEERKSK_EES9_SB_EES9_SB_EESD_SF_EESK_S9_EENS2_INS2_IT_T0_RKSS_EET1_RKSW_EERKSV_SY_
FNDA:18,_ZN5boost9unit_testlsINS0_17lazy_ostream_implINS2_INS2_INS2_INS2_INS2_INS0_12lazy_ostreamEA1_cRA1_KcEEA3_cRA3_S5_EEA4_cRA4_S5_EENS_10test_tools9tt_detail14print_helper_tIiEERKSK_EES9_SB_EES9_SB_EESD_SK_EENS2_INS2_IT_T0_RKSR_EET1_RKSV_EERKSU_SX_
FNDA:18,_ZN5boost9unit_testlsINS0_17lazy_ostream_implINS2_INS2_INS2_INS2_INS0_12lazy_ostreamEA1_cRA1_KcEEA3_cRA3_S5_EEA4_cRA4_S5_EENS_10test_tools9tt_detail14print_helper_tIiEERKSK_EES9_SB_EES9_SD_EENS2_INS2_IT_T0_RKSQ_EET1_RKSU_EERKST_SW_
FNDA:18,_ZN5boost9unit_testlsINS0_17lazy_ostream_implINS2_INS2_INS2_INS0_12lazy_ostreamEA1_cRA1_KcEEA3_cRA3_S5_EEA4_cRA4_S5_EENS_10test_tools9tt_detail14print_helper_tIiEERKSK_EES9_S9_EENS2_INS2_IT_T0_RKSP_EET1_RKST_EERKSS_SV_
FNDA:18,_ZN5boost9unit_testlsINS0_17lazy_ostream_implINS2_INS2_INS0_12lazy_ostreamEA1_cRA1_KcEEA3_cRA3_S5_EEA4_cRA4_S5_EENS_10test_tools9tt_detail14print_helper_tIiEES9_EENS2_INS2_IT_T0_RKSM_EET1_RKSQ_EERKSP_SS_
FNDA:18,_ZN5boost9unit_testlsINS0_17lazy_ostream_implINS2_INS0_12lazy_ostreamEA1_cRA1_KcEEA3_cRA3_S5_EEA4_cNS_10test_tools9tt_detail14print_helper_tIiEEEENS2_INS2_IT_T0_RKSJ_EET1_RKSN_EERKSM_SP_
FNDA:18,_ZN5boost9unit_testlsINS0_12lazy_ostreamEA1_cA3_cEENS0_17lazy_ostream_implINS5_IT_T0_RKS7_EET1_RKSB_EERKSA_SD_
FNDA:18,_ZN5boost9unit_testlsINS0_17lazy_ostream_implINS0_12lazy_ostreamEA1_cRA1_KcEEA3_cA4_cEENS2_INS2_IT_T0_RKSC_EET1_RKSG_EERKSF_SI_
FNF:155
FNH:116
BRDA:35,1,0,1
BRDA:35,1,1,75
BRDA:35,2,3,1
BRDA:35,2,4,0
BRF:4
BRH:3
DA:33,293
DA:35,152
DA:43,54
DA:45,293
DA:55,584
DA:57,292
DA:60,292
DA:62,292
DA:64,243
DA:66,243
DA:78,76
DA:80,76
DA:87,216
DA:90,216
LF:14
LH:14
end_of_record
SF:/usr/local/include/boost/test/utils/named_params.hpp
FN:233,_ZN5boost3nfp15named_parameterIcNS0_16no_params_type_tEcEC2Ec
FNDA:1,_ZN5boost3nfp15named_parameterIcNS0_16no_params_type_tEcEC2Ec
FNF:1
FNH:1
DA:233,1
DA:235,1
DA:236,1
DA:276,1
LF:4
LH:4
end_of_record
SF:/usr/local/include/boost/test/utils/string_cast.hpp
FN:38,_ZN5boost9unit_test5utils11string_castImEENSt7__cxx1112basic_stringIcSt11char_traitsIcESaIcEEERKT_
FNDA:27,_ZN5boost9unit_test5utils11string_castImEENSt7__cxx1112basic_stringIcSt11char_traitsIcESaIcEEERKT_
FNF:1
FNH:1
BRDA:40,0,1,27
BRDA:40,0,2,0
BRDA:41,0,1,27
BRDA:41,0,2,0
BRDA:42,0,1,27
BRDA:42,0,2,0
BRF:6
BRH:3
DA:38,27
DA:40,54
DA:41,27
DA:42,54
LF:4
LH:4
end_of_record
SF:/usr/local/include/boost/test/utils/trivial_singleton.hpp
FN:37,_ZN5boost9unit_test9singletonINS0_15unit_test_log_tEE8instanceEv
FN:37,_ZN5boost9unit_test9singletonINS0_9decorator9collectorEE8instanceEv
FNDA:12,_ZN5boost9unit_test9singletonINS0_9decorator9collectorEE8instanceEv
FNDA:1,_ZN5boost9unit_test9singletonINS0_15unit_test_log_tEE8instanceEv
FNF:2
FNH:2
BRDA:37,1,0,1
BRDA:37,1,1,11
BRDA:37,2,3,1
BRDA:37,2,4,0
BRDA:37,6,8,0
BRDA:37,6,9,1
BRDA:37,7,11,-
BRDA:37,7,12,-
BRF:8
BRH:4
DA:37,26
LF:1
LH:1
end_of_record
SF:/usr/local/include/boost/test/utils/wrap_stringstream.hpp
FN:40,_ZN5boost23basic_wrap_stringstreamIcED2Ev
FN:40,_ZN5boost23basic_wrap_stringstreamIcEC2Ev
FN:64,_ZN5boostlsIcA13_cEERNS_23basic_wrap_stringstreamIT_EES5_RKT0_
FN:64,_ZN5boostlsIcA22_cEERNS_23basic_wrap_stringstreamIT_EES5_RKT0_
FN:64,_ZN5boostlsIcA19_cEERNS_23basic_wrap_stringstreamIT_EES5_RKT0_
FN:64,_ZN5boostlsIcA17_cEERNS_23basic_wrap_stringstreamIT_EES5_RKT0_
FN:64,_ZN5boostlsIcA9_cEERNS_23basic_wrap_stringstreamIT_EES5_RKT0_
FN:64,_ZN5boostlsIcA15_cEERNS_23basic_wrap_stringstreamIT_EES5_RKT0_
FN:64,_ZN5boostlsIcA8_cEERNS_23basic_wrap_stringstreamIT_EES5_RKT0_
FN:64,_ZN5boostlsIcA16_cEERNS_23basic_wrap_stringstreamIT_EES5_RKT0_
FN:64,_ZN5boostlsIcA23_cEERNS_23basic_wrap_stringstreamIT_EES5_RKT0_
FN:64,_ZN5boostlsIcA33_cEERNS_23basic_wrap_stringstreamIT_EES5_RKT0_
FN:64,_ZN5boostlsIccEERNS_23basic_wrap_stringstreamIT_EES4_RKT0_
FN:74,_ZN5boost23basic_wrap_stringstreamIcE6streamB5cxx11Ev
FN:83,_ZN5boost23basic_wrap_stringstreamIcE3refEv
FN:92,_ZN5boost23basic_wrap_stringstreamIcE3strB5cxx11Ev
FNDA:96,_ZN5boost23basic_wrap_stringstreamIcED2Ev
FNDA:96,_ZN5boost23basic_wrap_stringstreamIcEC2Ev
FNDA:9,_ZN5boostlsIcA23_cEERNS_23basic_wrap_stringstreamIT_EES5_RKT0_
FNDA:27,_ZN5boostlsIcA8_cEERNS_23basic_wrap_stringstreamIT_EES5_RKT0_
FNDA:27,_ZN5boostlsIcA9_cEERNS_23basic_wrap_stringstreamIT_EES5_RKT0_
FNDA:72,_ZN5boostlsIcA22_cEERNS_23basic_wrap_stringstreamIT_EES5_RKT0_
FNDA:27,_ZN5boostlsIcA17_cEERNS_23basic_wrap_stringstreamIT_EES5_RKT0_
FNDA:3,_ZN5boostlsIcA19_cEERNS_23basic_wrap_stringstreamIT_EES5_RKT0_
FNDA:3,_ZN5boostlsIcA13_cEERNS_23basic_wrap_stringstreamIT_EES5_RKT0_
FNDA:3,_ZN5boostlsIcA16_cEERNS_23basic_wrap_stringstreamIT_EES5_RKT0_
FNDA:6,_ZN5boostlsIcA15_cEERNS_23basic_wrap_stringstreamIT_EES5_RKT0_
FNDA:15,_ZN5boostlsIcA33_cEERNS_23basic_wrap_stringstreamIT_EES5_RKT0_
FNDA:96,_ZN5boostlsIccEERNS_23basic_wrap_stringstreamIT_EES4_RKT0_
FNDA:288,_ZN5boost23basic_wrap_stringstreamIcE6streamB5cxx11Ev
FNDA:96,_ZN5boost23basic_wrap_stringstreamIcE3refEv
FNDA:96,_ZN5boost23basic_wrap_stringstreamIcE3strB5cxx11Ev
FNF:16
FNH:16
DA:40,384
DA:64,288
DA:66,288
DA:67,288
DA:74,288
DA:76,288
DA:83,96
DA:85,96
DA:92,96
DA:99,96
DA:102,96
LF:11
LH:11
end_of_record
SF:/usr/local/include/boost/thread/exceptions.hpp
FN:36,_ZN5boost16thread_exceptionC2ERKS0_
FN:50,_ZN5boost16thread_exceptionC2EiPKc
FN:59,_ZN5boost16thread_exceptionD2Ev
FN:59,_ZN5boost16thread_exceptionD0Ev
FN:94,_ZN5boost10lock_errorC2ERKS0_
FN:107,_ZN5boost10lock_errorC2EiPKc
FN:116,_ZN5boost10lock_errorD2Ev
FN:116,_ZN5boost10lock_errorD0Ev
FN:121,_ZN5boost21thread_resource_errorC2ERKS0_
FN:134,_ZN5boost21thread_resource_errorC2EiPKc
FN:144,_ZN5boost21thread_resource_errorD2Ev
FN:144,_ZN5boost21thread_resource_errorD0Ev
FNDA:0,_ZN5boost16thread_exceptionC2ERKS0_
FNDA:0,_ZN5boost16thread_exceptionC2EiPKc
FNDA:0,_ZN5boost16thread_exceptionD0Ev
FNDA:0,_ZN5boost16thread_exceptionD2Ev
FNDA:0,_ZN5boost10lock_errorC2ERKS0_
FNDA:0,_ZN5boost10lock_errorC2EiPKc
FNDA:0,_ZN5boost10lock_errorD0Ev
FNDA:0,_ZN5boost10lock_errorD2Ev
FNDA:0,_ZN5boost21thread_resource_errorC2ERKS0_
FNDA:0,_ZN5boost21thread_resource_errorC2EiPKc
FNDA:0,_ZN5boost21thread_resource_errorD0Ev
FNDA:0,_ZN5boost21thread_resource_errorD2Ev
FNF:12
FNH:0
BRDA:51,0,3,-
BRDA:51,0,4,-
BRF:2
BRH:0
DA:36,0
DA:50,0
DA:51,0
DA:53,0
DA:59,0
DA:60,0
DA:94,0
DA:107,0
DA:108,0
DA:110,0
DA:116,0
DA:117,0
DA:121,0
DA:134,0
DA:135,0
DA:137,0
DA:144,0
DA:145,0
LF:18
LH:0
end_of_record
SF:/usr/local/include/boost/thread/lock_guard.hpp
FN:35,_ZN5boost10lock_guardINS_5mutexEEC2ERS1_
FN:65,_ZN5boost10lock_guardINS_5mutexEED2Ev
FNDA:4192,_ZN5boost10lock_guardINS_5mutexEEC2ERS1_
FNDA:4192,_ZN5boost10lock_guardINS_5mutexEED2Ev
FNF:2
FNH:2
DA:35,4192
DA:36,4192
DA:38,4192
DA:39,4192
DA:65,4192
DA:67,4192
DA:68,4192
LF:7
LH:7
end_of_record
SF:/usr/local/include/boost/thread/pthread/mutex.hpp
FN:95,_ZN5boost5mutexC2Ev
FN:103,_ZN5boost5mutexD2Ev
FN:110,_ZN5boost5mutex4lockEv
FN:119,_ZN5boost5mutex6unlockEv
FNDA:8,_ZN5boost5mutexC2Ev
FNDA:8,_ZN5boost5mutexD2Ev
FNDA:4192,_ZN5boost5mutex4lockEv
FNDA:4192,_ZN5boost5mutex6unlockEv
FNF:4
FNH:4
BRDA:50,4294967295,0,0
BRDA:50,4294967295,1,8
BRDA:59,4294967295,0,0
BRDA:59,4294967295,1,4192
BRDA:68,4294967295,0,0
BRDA:68,4294967295,1,4192
BRDA:98,4294967295,0,0
BRDA:98,4294967295,1,8
BRDA:107,0,0,0
BRDA:107,0,1,8
BRDA:113,0,0,0
BRDA:113,0,1,4192
BRDA:123,0,0,0
BRDA:123,0,1,4192
BRF:14
BRH:7
DA:49,8
DA:50,8
DA:51,8
DA:58,4192
DA:59,4192
DA:60,4192
DA:67,4192
DA:68,4192
DA:69,4192
DA:95,8
DA:96,8
DA:97,8
DA:98,8
DA:100,0
DA:102,8
DA:103,8
DA:104,8
DA:105,8
DA:107,8
DA:108,8
DA:110,4192
DA:112,4192
DA:113,4192
DA:115,0
DA:117,4192
DA:119,4192
DA:121,4192
DA:123,4192
DA:128,4192
LF:29
LH:27
end_of_record
SF:/usr/local/include/boost/throw_exception.hpp
FN:60,_ZN5boost36throw_exception_assert_compatibilityERKSt9exception
FN:62,_ZN5boost15throw_exceptionINS_10lock_errorEEEvRKT_
FN:62,_ZN5boost15throw_exceptionINS_21thread_resource_errorEEEvRKT_
FNDA:0,_ZN5boost36throw_exception_assert_compatibilityERKSt9exception
FNDA:0,_ZN5boost15throw_exceptionINS_10lock_errorEEEvRKT_
FNDA:0,_ZN5boost15throw_exceptionINS_21thread_resource_errorEEEvRKT_
FNF:3
FNH:0
BRDA:69,4294967295,2,-
BRDA:69,4294967295,3,-
BRDA:69,0,5,-
BRDA:69,0,6,-
BRDA:69,1,13,-
BRDA:69,1,14,-
BRDA:69,5,16,-
BRDA:69,5,17,-
BRF:8
BRH:0
DA:60,0
DA:62,0
DA:66,0
DA:69,0
LF:4
LH:0
end_of_record
SF:/usr/local/include/boost/type_index/stl_type_index.hpp
FN:87,_ZN5boost9typeindex14stl_type_indexC2ERKSt9type_info
FN:111,_ZNK5boost9typeindex14stl_type_index9type_infoEv
FN:202,_ZNK5boost9typeindex14stl_type_index5equalERKS1_
FN:225,_ZN5boost9typeindex14stl_type_index7type_idIZN1FC4EvEUlvE1_EES1_v
FN:225,_ZN5boost9typeindex14stl_type_index7type_idISt5_BindIFPFvRKiS5_EiiEEEES1_v
FN:225,_ZN5boost9typeindex14stl_type_index7type_idIPFvNS_8contract4fromEEEES1_v
FN:225,_ZN5boost9typeindex14stl_type_index7type_idIPFvvEEES1_v
FN:225,_ZN5boost9typeindex14stl_type_index7type_idIZN1FC4EvEUlNS_8contract4fromEE_EES1_v
FN:225,_ZN5boost9typeindex14stl_type_index7type_idIZN1FC4EvEUlNS_8contract4fromEE0_EES1_v
FNDA:0,_ZN5boost9typeindex14stl_type_indexC2ERKSt9type_info
FNDA:0,_ZNK5boost9typeindex14stl_type_index9type_infoEv
FNDA:0,_ZNK5boost9typeindex14stl_type_index5equalERKS1_
FNDA:0,_ZN5boost9typeindex14stl_type_index7type_idISt5_BindIFPFvRKiS5_EiiEEEES1_v
FNDA:0,_ZN5boost9typeindex14stl_type_index7type_idIPFvNS_8contract4fromEEEES1_v
FNDA:0,_ZN5boost9typeindex14stl_type_index7type_idIPFvvEEES1_v
FNDA:0,_ZN5boost9typeindex14stl_type_index7type_idIZN1FC4EvEUlvE1_EES1_v
FNDA:0,_ZN5boost9typeindex14stl_type_index7type_idIZN1FC4EvEUlNS_8contract4fromEE0_EES1_v
FNDA:0,_ZN5boost9typeindex14stl_type_index7type_idIZN1FC4EvEUlNS_8contract4fromEE_EES1_v
FNF:9
FNH:0
DA:87,0
DA:88,0
DA:89,0
DA:111,0
DA:112,0
DA:202,0
DA:206,0
DA:225,0
DA:245,0
LF:9
LH:0
end_of_record
SF:/usr/local/include/boost/type_index/type_index_facade.hpp
FN:154,_ZN5boost9typeindexeqINS0_14stl_type_indexESt9type_infoEEbRKNS0_17type_index_facadeIT_T0_EES9_
FN:187,_ZN5boost9typeindexeqINS0_14stl_type_indexESt9type_infoEEbRKT0_RKNS0_17type_index_facadeIT_S4_EE
FNDA:0,_ZN5boost9typeindexeqINS0_14stl_type_indexESt9type_infoEEbRKNS0_17type_index_facadeIT_T0_EES9_
FNDA:0,_ZN5boost9typeindexeqINS0_14stl_type_indexESt9type_infoEEbRKT0_RKNS0_17type_index_facadeIT_S4_EE
FNF:2
FNH:0
DA:154,0
DA:155,0
DA:187,0
DA:188,0
LF:4
LH:0
end_of_record
SF:/usr/local/include/boost/type_index.hpp
FN:211,_ZN5boost9typeindex7type_idIZN1FC4EvEUlvE1_EENS0_14stl_type_indexEv
FN:211,_ZN5boost9typeindex7type_idIZN1FC4EvEUlNS_8contract4fromEE0_EENS0_14stl_type_indexEv
FN:211,_ZN5boost9typeindex7type_idIZN1FC4EvEUlNS_8contract4fromEE_EENS0_14stl_type_indexEv
FN:211,_ZN5boost9typeindex7type_idISt5_BindIFPFvRKiS4_EiiEEEENS0_14stl_type_indexEv
FN:211,_ZN5boost9typeindex7type_idIPFvvEEENS0_14stl_type_indexEv
FN:211,_ZN5boost9typeindex7type_idIPFvNS_8contract4fromEEEENS0_14stl_type_indexEv
FNDA:0,_ZN5boost9typeindex7type_idISt5_BindIFPFvRKiS4_EiiEEEENS0_14stl_type_indexEv
FNDA:0,_ZN5boost9typeindex7type_idIPFvNS_8contract4fromEEEENS0_14stl_type_indexEv
FNDA:0,_ZN5boost9typeindex7type_idIPFvvEEENS0_14stl_type_indexEv
FNDA:0,_ZN5boost9typeindex7type_idIZN1FC4EvEUlvE1_EENS0_14stl_type_indexEv
FNDA:0,_ZN5boost9typeindex7type_idIZN1FC4EvEUlNS_8contract4fromEE0_EENS0_14stl_type_indexEv
FNDA:0,_ZN5boost9typeindex7type_idIZN1FC4EvEUlNS_8contract4fromEE_EENS0_14stl_type_indexEv
FNF:6
FNH:0
DA:211,0
DA:212,0
LF:2
LH:0
end_of_record
SF:/usr/local/include/boost/type_traits/integral_constant.hpp
FN:80,_ZNK5boost17integral_constantIbLb0EEcvRKN4mpl_5bool_ILb0EEEEv
FNDA:9,_ZNK5boost17integral_constantIbLb0EEcvRKN4mpl_5bool_ILb0EEEEv
FNF:1
FNH:1
DA:80,9
DA:84,9
LF:2
LH:2
end_of_record
