TN:
SF:/home/carlos/CLionProjects/PruebaTest/src/NumberTheoryCalculatorWithContracts.cpp
FN:13,_ZN35NumberTheoryCalculatorWithContracts5signoEi
FN:20,_ZN35NumberTheoryCalculatorWithContracts3divEii
FN:23,_ZZN35NumberTheoryCalculatorWithContracts3divEiiENKUlvE_clEv
FN:38,_ZN35NumberTheoryCalculatorWithContracts3modEii
FN:43,_ZN35NumberTheoryCalculatorWithContracts9divisibleEii
FN:48,_ZN35NumberTheoryCalculatorWithContracts3mcdEii
FN:51,_ZZN35NumberTheoryCalculatorWithContracts3mcdEiiENKUlvE_clEv
FN:64,_ZN35NumberTheoryCalculatorWithContracts3mcmEii
FN:69,_Z41__static_initialization_and_destruction_0ii
FN:69,_GLOBAL__sub_I__ZN35NumberTheoryCalculatorWithContractsC2Ev
FNDA:94,_ZN35NumberTheoryCalculatorWithContracts5signoEi
FNDA:92,_ZN35NumberTheoryCalculatorWithContracts3divEii
FNDA:92,_ZZN35NumberTheoryCalculatorWithContracts3divEiiENKUlvE_clEv
FNDA:85,_ZN35NumberTheoryCalculatorWithContracts3modEii
FNDA:36,_ZN35NumberTheoryCalculatorWithContracts9divisibleEii
FNDA:20,_ZN35NumberTheoryCalculatorWithContracts3mcdEii
FNDA:20,_ZZN35NumberTheoryCalculatorWithContracts3mcdEiiENKUlvE_clEv
FNDA:10,_ZN35NumberTheoryCalculatorWithContracts3mcmEii
FNDA:1,_GLOBAL__sub_I__ZN35NumberTheoryCalculatorWithContractsC2Ev
FNDA:1,_Z41__static_initialization_and_destruction_0ii
FNF:10
FNH:10
DA:13,94
DA:15,94
DA:16,14
DA:17,7
DA:20,92
DA:22,184
DA:23,276
DA:24,92
DA:25,274
DA:27,91
DA:28,91
DA:29,91
DA:30,2871
DA:32,1390
DA:33,1390
DA:35,182
DA:38,85
DA:40,85
DA:43,36
DA:45,36
DA:48,20
DA:50,40
DA:51,60
DA:52,20
DA:53,56
DA:55,104
DA:57,43
DA:58,43
DA:59,43
DA:61,36
DA:64,10
DA:66,10
DA:69,3
LF:33
LH:33
end_of_record
SF:/home/carlos/CLionProjects/PruebaTest/src/NumberTheoryCalculatorWithContracts.h
FN:11,_ZN35NumberTheoryCalculatorWithContractsD0Ev
FN:11,_ZN35NumberTheoryCalculatorWithContractsC2Ev
FN:11,_ZN35NumberTheoryCalculatorWithContractsD2Ev
FNDA:0,_ZN35NumberTheoryCalculatorWithContractsD0Ev
FNDA:30,_ZN35NumberTheoryCalculatorWithContractsD2Ev
FNDA:30,_ZN35NumberTheoryCalculatorWithContractsC2Ev
FNF:3
FNH:2
DA:11,60
LF:1
LH:1
end_of_record
SF:/usr/include/c++/7/atomic
FN:672,_ZNSt6atomicIiEC2Ei
FNDA:0,_ZNSt6atomicIiEC2Ei
FNF:1
FNH:0
DA:672,0
LF:1
LH:0
end_of_record
SF:/usr/include/c++/7/bits/alloc_traits.h
FN:435,_ZNSt16allocator_traitsISaISt13_Rb_tree_nodeISt4pairIKN5boost16exception_detail10type_info_ENS2_10shared_ptrINS3_15error_info_baseEEEEEEE8allocateERSB_m
FN:461,_ZNSt16allocator_traitsISaISt13_Rb_tree_nodeISt4pairIKN5boost16exception_detail10type_info_ENS2_10shared_ptrINS3_15error_info_baseEEEEEEE10deallocateERSB_PSA_m
FN:474,_ZNSt16allocator_traitsISaISt13_Rb_tree_nodeISt4pairIKN5boost16exception_detail10type_info_ENS2_10shared_ptrINS3_15error_info_baseEEEEEEE9constructIS9_JRKSt21piecewise_construct_tSt5tupleIJRS5_EESH_IJEEEEEvRSB_PT_DpOT0_
FN:474,_ZNSt16allocator_traitsISaISt13_Rb_tree_nodeISt4pairIKN5boost16exception_detail10type_info_ENS2_10shared_ptrINS3_15error_info_baseEEEEEEE9constructIS9_JS1_IS4_S8_EEEEvRSB_PT_DpOT0_
FN:486,_ZNSt16allocator_traitsISaISt13_Rb_tree_nodeISt4pairIKN5boost16exception_detail10type_info_ENS2_10shared_ptrINS3_15error_info_baseEEEEEEE7destroyIS9_EEvRSB_PT_
FNDA:0,_ZNSt16allocator_traitsISaISt13_Rb_tree_nodeISt4pairIKN5boost16exception_detail10type_info_ENS2_10shared_ptrINS3_15error_info_baseEEEEEEE8allocateERSB_m
FNDA:0,_ZNSt16allocator_traitsISaISt13_Rb_tree_nodeISt4pairIKN5boost16exception_detail10type_info_ENS2_10shared_ptrINS3_15error_info_baseEEEEEEE10deallocateERSB_PSA_m
FNDA:0,_ZNSt16allocator_traitsISaISt13_Rb_tree_nodeISt4pairIKN5boost16exception_detail10type_info_ENS2_10shared_ptrINS3_15error_info_baseEEEEEEE9constructIS9_JS1_IS4_S8_EEEEvRSB_PT_DpOT0_
FNDA:0,_ZNSt16allocator_traitsISaISt13_Rb_tree_nodeISt4pairIKN5boost16exception_detail10type_info_ENS2_10shared_ptrINS3_15error_info_baseEEEEEEE9constructIS9_JRKSt21piecewise_construct_tSt5tupleIJRS5_EESH_IJEEEEEvRSB_PT_DpOT0_
FNDA:0,_ZNSt16allocator_traitsISaISt13_Rb_tree_nodeISt4pairIKN5boost16exception_detail10type_info_ENS2_10shared_ptrINS3_15error_info_baseEEEEEEE7destroyIS9_EEvRSB_PT_
FNF:5
FNH:0
DA:435,0
DA:436,0
DA:461,0
DA:462,0
DA:474,0
DA:475,0
DA:486,0
DA:487,0
LF:8
LH:0
end_of_record
SF:/usr/include/c++/7/bits/allocator.h
FN:131,_ZNSaISt13_Rb_tree_nodeISt4pairIKN5boost16exception_detail10type_info_ENS1_10shared_ptrINS2_15error_info_baseEEEEEEC2Ev
FN:139,_ZNSaISt13_Rb_tree_nodeISt4pairIKN5boost16exception_detail10type_info_ENS1_10shared_ptrINS2_15error_info_baseEEEEEED2Ev
FNDA:0,_ZNSaISt13_Rb_tree_nodeISt4pairIKN5boost16exception_detail10type_info_ENS1_10shared_ptrINS2_15error_info_baseEEEEEEC2Ev
FNDA:0,_ZNSaISt13_Rb_tree_nodeISt4pairIKN5boost16exception_detail10type_info_ENS1_10shared_ptrINS2_15error_info_baseEEEEEED2Ev
FNF:2
FNH:0
DA:131,0
DA:139,0
LF:2
LH:0
end_of_record
SF:/usr/include/c++/7/bits/atomic_base.h
FN:256,_ZNSt13__atomic_baseIiEC2Ei
FNDA:0,_ZNSt13__atomic_baseIiEC2Ei
FNF:1
FNH:0
DA:256,0
DA:514,0
DA:524,0
LF:3
LH:0
end_of_record
SF:/usr/include/c++/7/bits/basic_string.h
FN:6034,_ZSteqIcSt11char_traitsIcESaIcEEbRKNSt7__cxx1112basic_stringIT_T0_T1_EEPKS5_
FN:6072,_ZStneIcSt11char_traitsIcESaIcEEbRKNSt7__cxx1112basic_stringIT_T0_T1_EEPKS5_
FNDA:6,_ZSteqIcSt11char_traitsIcESaIcEEbRKNSt7__cxx1112basic_stringIT_T0_T1_EEPKS5_
FNDA:6,_ZStneIcSt11char_traitsIcESaIcEEbRKNSt7__cxx1112basic_stringIT_T0_T1_EEPKS5_
FNF:2
FNH:2
DA:6034,6
DA:6036,6
DA:6072,6
DA:6074,6
LF:4
LH:4
end_of_record
SF:/usr/include/c++/7/bits/exception.h
FN:63,_ZNSt9exceptionC2Ev
FNDA:3,_ZNSt9exceptionC2Ev
FNF:1
FNH:1
DA:63,3
LF:1
LH:1
end_of_record
SF:/usr/include/c++/7/bits/move.h
FN:73,_ZSt7forwardIRKSt21piecewise_construct_tEOT_RNSt16remove_referenceIS3_E4typeE
FN:73,_ZSt7forwardIRN5boost10shared_ptrINS0_16exception_detail15error_info_baseEEEEOT_RNSt16remove_referenceIS6_E4typeE
FN:73,_ZSt7forwardISt4pairIN5boost16exception_detail10type_info_ENS1_10shared_ptrINS2_15error_info_baseEEEEEOT_RNSt16remove_referenceIS8_E4typeE
FN:73,_ZSt7forwardIN5boost10shared_ptrINS0_16exception_detail15error_info_baseEEEEOT_RNSt16remove_referenceIS5_E4typeE
FN:73,_ZSt7forwardIRPSt18_Rb_tree_node_baseEOT_RNSt16remove_referenceIS3_E4typeE
FN:73,_ZSt7forwardISt17_Rb_tree_iteratorISt4pairIKN5boost16exception_detail10type_info_ENS2_10shared_ptrINS3_15error_info_baseEEEEEEOT_RNSt16remove_referenceISB_E4typeE
FN:73,_ZSt7forwardISt5tupleIJRKN5boost16exception_detail10type_info_EEEEOT_RNSt16remove_referenceIS7_E4typeE
FN:73,_ZSt7forwardIRPSt13_Rb_tree_nodeISt4pairIKN5boost16exception_detail10type_info_ENS2_10shared_ptrINS3_15error_info_baseEEEEEEOT_RNSt16remove_referenceISD_E4typeE
FN:73,_ZSt7forwardISt5tupleIJEEEOT_RNSt16remove_referenceIS2_E4typeE
FN:73,_ZSt7forwardIN5boost16exception_detail10type_info_EEOT_RNSt16remove_referenceIS3_E4typeE
FN:73,_ZSt7forwardIRKN5boost16exception_detail10type_info_EEOT_RNSt16remove_referenceIS5_E4typeE
FN:73,_ZSt7forwardIbEOT_RNSt16remove_referenceIS0_E4typeE
FN:98,_ZSt4moveIRPN5boost16exception_detail15error_info_baseEEONSt16remove_referenceIT_E4typeEOS6_
FN:187,_ZSt4swapIPN5boost16exception_detail15error_info_baseEENSt9enable_ifIXsrSt6__and_IJSt6__not_ISt15__is_tuple_likeIT_EESt21is_move_constructibleIS8_ESt18is_move_assignableIS8_EEE5valueEvE4typeERS8_SI_
FNDA:0,_ZSt7forwardIN5boost10shared_ptrINS0_16exception_detail15error_info_baseEEEEOT_RNSt16remove_referenceIS5_E4typeE
FNDA:0,_ZSt7forwardIN5boost16exception_detail10type_info_EEOT_RNSt16remove_referenceIS3_E4typeE
FNDA:0,_ZSt7forwardIbEOT_RNSt16remove_referenceIS0_E4typeE
FNDA:0,_ZSt7forwardISt17_Rb_tree_iteratorISt4pairIKN5boost16exception_detail10type_info_ENS2_10shared_ptrINS3_15error_info_baseEEEEEEOT_RNSt16remove_referenceISB_E4typeE
FNDA:0,_ZSt7forwardIRPSt13_Rb_tree_nodeISt4pairIKN5boost16exception_detail10type_info_ENS2_10shared_ptrINS3_15error_info_baseEEEEEEOT_RNSt16remove_referenceISD_E4typeE
FNDA:0,_ZSt7forwardIRPSt18_Rb_tree_node_baseEOT_RNSt16remove_referenceIS3_E4typeE
FNDA:0,_ZSt7forwardISt5tupleIJEEEOT_RNSt16remove_referenceIS2_E4typeE
FNDA:0,_ZSt7forwardISt5tupleIJRKN5boost16exception_detail10type_info_EEEEOT_RNSt16remove_referenceIS7_E4typeE
FNDA:0,_ZSt7forwardIRKSt21piecewise_construct_tEOT_RNSt16remove_referenceIS3_E4typeE
FNDA:0,_ZSt7forwardISt4pairIN5boost16exception_detail10type_info_ENS1_10shared_ptrINS2_15error_info_baseEEEEEOT_RNSt16remove_referenceIS8_E4typeE
FNDA:0,_ZSt7forwardIRN5boost10shared_ptrINS0_16exception_detail15error_info_baseEEEEOT_RNSt16remove_referenceIS6_E4typeE
FNDA:0,_ZSt7forwardIRKN5boost16exception_detail10type_info_EEOT_RNSt16remove_referenceIS5_E4typeE
FNDA:0,_ZSt4moveIRPN5boost16exception_detail15error_info_baseEEONSt16remove_referenceIT_E4typeEOS6_
FNDA:0,_ZSt4swapIPN5boost16exception_detail15error_info_baseEENSt9enable_ifIXsrSt6__and_IJSt6__not_ISt15__is_tuple_likeIT_EESt21is_move_constructibleIS8_ESt18is_move_assignableIS8_EEE5valueEvE4typeERS8_SI_
FNF:14
FNH:0
DA:73,0
DA:74,0
DA:98,0
DA:99,0
DA:187,0
DA:198,0
DA:199,0
DA:200,0
DA:201,0
LF:9
LH:0
end_of_record
SF:/usr/include/c++/7/bits/stl_function.h
FN:385,_ZNKSt4lessIN5boost16exception_detail10type_info_EEclERKS2_S5_
FN:890,_ZNKSt10_Select1stISt4pairIKN5boost16exception_detail10type_info_ENS1_10shared_ptrINS2_15error_info_baseEEEEEclERKS8_
FN:896,_ZNKSt10_Select1stISt4pairIKN5boost16exception_detail10type_info_ENS1_10shared_ptrINS2_15error_info_baseEEEEEclIS0_IS3_S7_EEERNT_10first_typeERSC_
FNDA:0,_ZNKSt4lessIN5boost16exception_detail10type_info_EEclERKS2_S5_
FNDA:0,_ZNKSt10_Select1stISt4pairIKN5boost16exception_detail10type_info_ENS1_10shared_ptrINS2_15error_info_baseEEEEEclERKS8_
FNDA:0,_ZNKSt10_Select1stISt4pairIKN5boost16exception_detail10type_info_ENS1_10shared_ptrINS2_15error_info_baseEEEEEclIS0_IS3_S7_EEERNT_10first_typeERSC_
FNF:3
FNH:0
DA:385,0
DA:386,0
DA:890,0
DA:891,0
DA:896,0
DA:897,0
LF:6
LH:0
end_of_record
SF:/usr/include/c++/7/bits/stl_map.h
FN:177,_ZNSt3mapIN5boost16exception_detail10type_info_ENS0_10shared_ptrINS1_15error_info_baseEEESt4lessIS2_ESaISt4pairIKS2_S5_EEEC2Ev
FN:294,_ZNSt3mapIN5boost16exception_detail10type_info_ENS0_10shared_ptrINS1_15error_info_baseEEESt4lessIS2_ESaISt4pairIKS2_S5_EEED2Ev
FN:357,_ZNKSt3mapIN5boost16exception_detail10type_info_ENS0_10shared_ptrINS1_15error_info_baseEEESt4lessIS2_ESaISt4pairIKS2_S5_EEE5beginEv
FN:366,_ZNSt3mapIN5boost16exception_detail10type_info_ENS0_10shared_ptrINS1_15error_info_baseEEESt4lessIS2_ESaISt4pairIKS2_S5_EEE3endEv
FN:375,_ZNKSt3mapIN5boost16exception_detail10type_info_ENS0_10shared_ptrINS1_15error_info_baseEEESt4lessIS2_ESaISt4pairIKS2_S5_EEE3endEv
FN:484,_ZNSt3mapIN5boost16exception_detail10type_info_ENS0_10shared_ptrINS1_15error_info_baseEEESt4lessIS2_ESaISt4pairIKS2_S5_EEEixERS9_
FN:809,_ZNSt3mapIN5boost16exception_detail10type_info_ENS0_10shared_ptrINS1_15error_info_baseEEESt4lessIS2_ESaISt4pairIKS2_S5_EEE6insertIS8_IS2_S5_EvEES8_ISt17_Rb_tree_iteratorISA_EbEOT_
FN:1136,_ZNKSt3mapIN5boost16exception_detail10type_info_ENS0_10shared_ptrINS1_15error_info_baseEEESt4lessIS2_ESaISt4pairIKS2_S5_EEE8key_compEv
FN:1188,_ZNKSt3mapIN5boost16exception_detail10type_info_ENS0_10shared_ptrINS1_15error_info_baseEEESt4lessIS2_ESaISt4pairIKS2_S5_EEE4findERS9_
FN:1233,_ZNSt3mapIN5boost16exception_detail10type_info_ENS0_10shared_ptrINS1_15error_info_baseEEESt4lessIS2_ESaISt4pairIKS2_S5_EEE11lower_boundERS9_
FNDA:0,_ZNSt3mapIN5boost16exception_detail10type_info_ENS0_10shared_ptrINS1_15error_info_baseEEESt4lessIS2_ESaISt4pairIKS2_S5_EEEC2Ev
FNDA:0,_ZNSt3mapIN5boost16exception_detail10type_info_ENS0_10shared_ptrINS1_15error_info_baseEEESt4lessIS2_ESaISt4pairIKS2_S5_EEED2Ev
FNDA:0,_ZNKSt3mapIN5boost16exception_detail10type_info_ENS0_10shared_ptrINS1_15error_info_baseEEESt4lessIS2_ESaISt4pairIKS2_S5_EEE5beginEv
FNDA:0,_ZNSt3mapIN5boost16exception_detail10type_info_ENS0_10shared_ptrINS1_15error_info_baseEEESt4lessIS2_ESaISt4pairIKS2_S5_EEE3endEv
FNDA:0,_ZNKSt3mapIN5boost16exception_detail10type_info_ENS0_10shared_ptrINS1_15error_info_baseEEESt4lessIS2_ESaISt4pairIKS2_S5_EEE3endEv
FNDA:0,_ZNSt3mapIN5boost16exception_detail10type_info_ENS0_10shared_ptrINS1_15error_info_baseEEESt4lessIS2_ESaISt4pairIKS2_S5_EEEixERS9_
FNDA:0,_ZNSt3mapIN5boost16exception_detail10type_info_ENS0_10shared_ptrINS1_15error_info_baseEEESt4lessIS2_ESaISt4pairIKS2_S5_EEE6insertIS8_IS2_S5_EvEES8_ISt17_Rb_tree_iteratorISA_EbEOT_
FNDA:0,_ZNKSt3mapIN5boost16exception_detail10type_info_ENS0_10shared_ptrINS1_15error_info_baseEEESt4lessIS2_ESaISt4pairIKS2_S5_EEE8key_compEv
FNDA:0,_ZNKSt3mapIN5boost16exception_detail10type_info_ENS0_10shared_ptrINS1_15error_info_baseEEESt4lessIS2_ESaISt4pairIKS2_S5_EEE4findERS9_
FNDA:0,_ZNSt3mapIN5boost16exception_detail10type_info_ENS0_10shared_ptrINS1_15error_info_baseEEESt4lessIS2_ESaISt4pairIKS2_S5_EEE11lower_boundERS9_
FNF:10
FNH:0
DA:177,0
DA:294,0
DA:357,0
DA:358,0
DA:366,0
DA:367,0
DA:375,0
DA:376,0
DA:484,0
DA:489,0
DA:491,0
DA:493,0
DA:499,0
DA:809,0
DA:810,0
DA:1136,0
DA:1137,0
DA:1188,0
DA:1189,0
DA:1233,0
DA:1234,0
LF:21
LH:0
end_of_record
SF:/usr/include/c++/7/bits/stl_pair.h
FN:198,_ZNSt4pairIN5boost16exception_detail10type_info_ENS0_10shared_ptrINS1_15error_info_baseEEEED2Ev
FN:198,_ZNSt4pairIKN5boost16exception_detail10type_info_ENS0_10shared_ptrINS1_15error_info_baseEEEED2Ev
FN:300,_ZNSt4pairIPSt18_Rb_tree_node_baseS1_EC2IRS1_Lb1EEEOT_RKS1_
FN:314,_ZNSt4pairIPSt18_Rb_tree_node_baseS1_EC2IRS1_Lb1EEERKS1_OT_
FN:314,_ZNSt4pairIN5boost16exception_detail10type_info_ENS0_10shared_ptrINS1_15error_info_baseEEEEC2IRS5_Lb1EEERKS2_OT_
FN:330,_ZNSt4pairISt17_Rb_tree_iteratorIS_IKN5boost16exception_detail10type_info_ENS1_10shared_ptrINS2_15error_info_baseEEEEEbEC2IS9_bLb1EEEOT_OT0_
FN:330,_ZNSt4pairIPSt18_Rb_tree_node_baseS1_EC2IRS1_S4_Lb1EEEOT_OT0_
FN:330,_ZNSt4pairIPSt18_Rb_tree_node_baseS1_EC2IRPSt13_Rb_tree_nodeIS_IKN5boost16exception_detail10type_info_ENS5_10shared_ptrINS6_15error_info_baseEEEEERS1_Lb1EEEOT_OT0_
FN:349,_ZNSt4pairIKN5boost16exception_detail10type_info_ENS0_10shared_ptrINS1_15error_info_baseEEEEC2IS2_S6_Lb1EEEOS_IT_T0_E
FN:519,_ZSt9make_pairIRKN5boost16exception_detail10type_info_ERNS0_10shared_ptrINS1_15error_info_baseEEEESt4pairINSt17__decay_and_stripIT_E6__typeENSA_IT0_E6__typeEEOSB_OSE_
FNDA:0,_ZNSt4pairIKN5boost16exception_detail10type_info_ENS0_10shared_ptrINS1_15error_info_baseEEEED2Ev
FNDA:0,_ZNSt4pairIN5boost16exception_detail10type_info_ENS0_10shared_ptrINS1_15error_info_baseEEEED2Ev
FNDA:0,_ZNSt4pairIPSt18_Rb_tree_node_baseS1_EC2IRS1_Lb1EEEOT_RKS1_
FNDA:0,_ZNSt4pairIPSt18_Rb_tree_node_baseS1_EC2IRS1_Lb1EEERKS1_OT_
FNDA:0,_ZNSt4pairIN5boost16exception_detail10type_info_ENS0_10shared_ptrINS1_15error_info_baseEEEEC2IRS5_Lb1EEERKS2_OT_
FNDA:0,_ZNSt4pairISt17_Rb_tree_iteratorIS_IKN5boost16exception_detail10type_info_ENS1_10shared_ptrINS2_15error_info_baseEEEEEbEC2IS9_bLb1EEEOT_OT0_
FNDA:0,_ZNSt4pairIPSt18_Rb_tree_node_baseS1_EC2IRPSt13_Rb_tree_nodeIS_IKN5boost16exception_detail10type_info_ENS5_10shared_ptrINS6_15error_info_baseEEEEERS1_Lb1EEEOT_OT0_
FNDA:0,_ZNSt4pairIPSt18_Rb_tree_node_baseS1_EC2IRS1_S4_Lb1EEEOT_OT0_
FNDA:0,_ZNSt4pairIKN5boost16exception_detail10type_info_ENS0_10shared_ptrINS1_15error_info_baseEEEEC2IS2_S6_Lb1EEEOS_IT_T0_E
FNDA:0,_ZSt9make_pairIRKN5boost16exception_detail10type_info_ERNS0_10shared_ptrINS1_15error_info_baseEEEESt4pairINSt17__decay_and_stripIT_E6__typeENSA_IT0_E6__typeEEOSB_OSE_
FNF:10
FNH:0
DA:198,0
DA:300,0
DA:301,0
DA:314,0
DA:315,0
DA:330,0
DA:331,0
DA:349,0
DA:350,0
DA:351,0
DA:519,0
DA:524,0
LF:12
LH:0
end_of_record
SF:/usr/include/c++/7/bits/stl_tree.h
FN:146,_ZNSt20_Rb_tree_key_compareISt4lessIN5boost16exception_detail10type_info_EEEC2Ev
FN:173,_ZNSt15_Rb_tree_headerC2Ev
FN:206,_ZNSt15_Rb_tree_header8_M_resetEv
FN:234,_ZNSt13_Rb_tree_nodeISt4pairIKN5boost16exception_detail10type_info_ENS1_10shared_ptrINS2_15error_info_baseEEEEE9_M_valptrEv
FN:238,_ZNKSt13_Rb_tree_nodeISt4pairIKN5boost16exception_detail10type_info_ENS1_10shared_ptrINS2_15error_info_baseEEEEE9_M_valptrEv
FN:273,_ZNSt17_Rb_tree_iteratorISt4pairIKN5boost16exception_detail10type_info_ENS1_10shared_ptrINS2_15error_info_baseEEEEEC2EPSt18_Rb_tree_node_base
FN:277,_ZNKSt17_Rb_tree_iteratorISt4pairIKN5boost16exception_detail10type_info_ENS1_10shared_ptrINS2_15error_info_baseEEEEEdeEv
FN:285,_ZNSt17_Rb_tree_iteratorISt4pairIKN5boost16exception_detail10type_info_ENS1_10shared_ptrINS2_15error_info_baseEEEEEppEv
FN:300,_ZNSt17_Rb_tree_iteratorISt4pairIKN5boost16exception_detail10type_info_ENS1_10shared_ptrINS2_15error_info_baseEEEEEmmEv
FN:315,_ZNKSt17_Rb_tree_iteratorISt4pairIKN5boost16exception_detail10type_info_ENS1_10shared_ptrINS2_15error_info_baseEEEEEeqERKS9_
FN:345,_ZNSt23_Rb_tree_const_iteratorISt4pairIKN5boost16exception_detail10type_info_ENS1_10shared_ptrINS2_15error_info_baseEEEEEC2EPKSt18_Rb_tree_node_base
FN:348,_ZNSt23_Rb_tree_const_iteratorISt4pairIKN5boost16exception_detail10type_info_ENS1_10shared_ptrINS2_15error_info_baseEEEEEC2ERKSt17_Rb_tree_iteratorIS8_E
FN:352,_ZNKSt23_Rb_tree_const_iteratorISt4pairIKN5boost16exception_detail10type_info_ENS1_10shared_ptrINS2_15error_info_baseEEEEE13_M_const_castEv
FN:360,_ZNKSt23_Rb_tree_const_iteratorISt4pairIKN5boost16exception_detail10type_info_ENS1_10shared_ptrINS2_15error_info_baseEEEEEptEv
FN:364,_ZNSt23_Rb_tree_const_iteratorISt4pairIKN5boost16exception_detail10type_info_ENS1_10shared_ptrINS2_15error_info_baseEEEEEppEv
FN:394,_ZNKSt23_Rb_tree_const_iteratorISt4pairIKN5boost16exception_detail10type_info_ENS1_10shared_ptrINS2_15error_info_baseEEEEEeqERKS9_
FN:398,_ZNKSt23_Rb_tree_const_iteratorISt4pairIKN5boost16exception_detail10type_info_ENS1_10shared_ptrINS2_15error_info_baseEEEEEneERKS9_
FN:546,_ZNSt8_Rb_treeIN5boost16exception_detail10type_info_ESt4pairIKS2_NS0_10shared_ptrINS1_15error_info_baseEEEESt10_Select1stIS8_ESt4lessIS2_ESaIS8_EE11_Alloc_nodeC2ERSE_
FN:554,_ZNKSt8_Rb_treeIN5boost16exception_detail10type_info_ESt4pairIKS2_NS0_10shared_ptrINS1_15error_info_baseEEEESt10_Select1stIS8_ESt4lessIS2_ESaIS8_EE11_Alloc_nodeclIS3_IS2_S7_EEEPSt13_Rb_tree_nodeIS8_EOT_
FN:574,_ZNSt8_Rb_treeIN5boost16exception_detail10type_info_ESt4pairIKS2_NS0_10shared_ptrINS1_15error_info_baseEEEESt10_Select1stIS8_ESt4lessIS2_ESaIS8_EE21_M_get_Node_allocatorEv
FN:587,_ZNSt8_Rb_treeIN5boost16exception_detail10type_info_ESt4pairIKS2_NS0_10shared_ptrINS1_15error_info_baseEEEESt10_Select1stIS8_ESt4lessIS2_ESaIS8_EE11_M_get_nodeEv
FN:591,_ZNSt8_Rb_treeIN5boost16exception_detail10type_info_ESt4pairIKS2_NS0_10shared_ptrINS1_15error_info_baseEEEESt10_Select1stIS8_ESt4lessIS2_ESaIS8_EE11_M_put_nodeEPSt13_Rb_tree_nodeIS8_E
FN:621,_ZNSt8_Rb_treeIN5boost16exception_detail10type_info_ESt4pairIKS2_NS0_10shared_ptrINS1_15error_info_baseEEEESt10_Select1stIS8_ESt4lessIS2_ESaIS8_EE17_M_construct_nodeIJRKSt21piecewise_construct_tSt5tupleIJRS4_EESJ_IJEEEEEvPSt13_Rb_tree_nodeIS8_EDpOT_
FN:621,_ZNSt8_Rb_treeIN5boost16exception_detail10type_info_ESt4pairIKS2_NS0_10shared_ptrINS1_15error_info_baseEEEESt10_Select1stIS8_ESt4lessIS2_ESaIS8_EE17_M_construct_nodeIJS3_IS2_S7_EEEEvPSt13_Rb_tree_nodeIS8_EDpOT_
FN:640,_ZNSt8_Rb_treeIN5boost16exception_detail10type_info_ESt4pairIKS2_NS0_10shared_ptrINS1_15error_info_baseEEEESt10_Select1stIS8_ESt4lessIS2_ESaIS8_EE14_M_create_nodeIJS3_IS2_S7_EEEEPSt13_Rb_tree_nodeIS8_EDpOT_
FN:640,_ZNSt8_Rb_treeIN5boost16exception_detail10type_info_ESt4pairIKS2_NS0_10shared_ptrINS1_15error_info_baseEEEESt10_Select1stIS8_ESt4lessIS2_ESaIS8_EE14_M_create_nodeIJRKSt21piecewise_construct_tSt5tupleIJRS4_EESJ_IJEEEEEPSt13_Rb_tree_nodeIS8_EDpOT_
FN:648,_ZNSt8_Rb_treeIN5boost16exception_detail10type_info_ESt4pairIKS2_NS0_10shared_ptrINS1_15error_info_baseEEEESt10_Select1stIS8_ESt4lessIS2_ESaIS8_EE15_M_destroy_nodeEPSt13_Rb_tree_nodeIS8_E
FN:656,_ZNSt8_Rb_treeIN5boost16exception_detail10type_info_ESt4pairIKS2_NS0_10shared_ptrINS1_15error_info_baseEEEESt10_Select1stIS8_ESt4lessIS2_ESaIS8_EE12_M_drop_nodeEPSt13_Rb_tree_nodeIS8_E
FN:677,_ZNSt8_Rb_treeIN5boost16exception_detail10type_info_ESt4pairIKS2_NS0_10shared_ptrINS1_15error_info_baseEEEESt10_Select1stIS8_ESt4lessIS2_ESaIS8_EE13_Rb_tree_implISC_Lb1EED2Ev
FN:688,_ZNSt8_Rb_treeIN5boost16exception_detail10type_info_ESt4pairIKS2_NS0_10shared_ptrINS1_15error_info_baseEEEESt10_Select1stIS8_ESt4lessIS2_ESaIS8_EE13_Rb_tree_implISC_Lb1EEC2Ev
FN:720,_ZNSt8_Rb_treeIN5boost16exception_detail10type_info_ESt4pairIKS2_NS0_10shared_ptrINS1_15error_info_baseEEEESt10_Select1stIS8_ESt4lessIS2_ESaIS8_EE11_M_leftmostEv
FN:728,_ZNSt8_Rb_treeIN5boost16exception_detail10type_info_ESt4pairIKS2_NS0_10shared_ptrINS1_15error_info_baseEEEESt10_Select1stIS8_ESt4lessIS2_ESaIS8_EE12_M_rightmostEv
FN:736,_ZNSt8_Rb_treeIN5boost16exception_detail10type_info_ESt4pairIKS2_NS0_10shared_ptrINS1_15error_info_baseEEEESt10_Select1stIS8_ESt4lessIS2_ESaIS8_EE8_M_beginEv
FN:740,_ZNKSt8_Rb_treeIN5boost16exception_detail10type_info_ESt4pairIKS2_NS0_10shared_ptrINS1_15error_info_baseEEEESt10_Select1stIS8_ESt4lessIS2_ESaIS8_EE8_M_beginEv
FN:747,_ZNSt8_Rb_treeIN5boost16exception_detail10type_info_ESt4pairIKS2_NS0_10shared_ptrINS1_15error_info_baseEEEESt10_Select1stIS8_ESt4lessIS2_ESaIS8_EE6_M_endEv
FN:751,_ZNKSt8_Rb_treeIN5boost16exception_detail10type_info_ESt4pairIKS2_NS0_10shared_ptrINS1_15error_info_baseEEEESt10_Select1stIS8_ESt4lessIS2_ESaIS8_EE6_M_endEv
FN:755,_ZNSt8_Rb_treeIN5boost16exception_detail10type_info_ESt4pairIKS2_NS0_10shared_ptrINS1_15error_info_baseEEEESt10_Select1stIS8_ESt4lessIS2_ESaIS8_EE8_S_valueEPKSt13_Rb_tree_nodeIS8_E
FN:759,_ZNSt8_Rb_treeIN5boost16exception_detail10type_info_ESt4pairIKS2_NS0_10shared_ptrINS1_15error_info_baseEEEESt10_Select1stIS8_ESt4lessIS2_ESaIS8_EE6_S_keyEPKSt13_Rb_tree_nodeIS8_E
FN:763,_ZNSt8_Rb_treeIN5boost16exception_detail10type_info_ESt4pairIKS2_NS0_10shared_ptrINS1_15error_info_baseEEEESt10_Select1stIS8_ESt4lessIS2_ESaIS8_EE7_S_leftEPSt18_Rb_tree_node_base
FN:767,_ZNSt8_Rb_treeIN5boost16exception_detail10type_info_ESt4pairIKS2_NS0_10shared_ptrINS1_15error_info_baseEEEESt10_Select1stIS8_ESt4lessIS2_ESaIS8_EE7_S_leftEPKSt18_Rb_tree_node_base
FN:771,_ZNSt8_Rb_treeIN5boost16exception_detail10type_info_ESt4pairIKS2_NS0_10shared_ptrINS1_15error_info_baseEEEESt10_Select1stIS8_ESt4lessIS2_ESaIS8_EE8_S_rightEPSt18_Rb_tree_node_base
FN:775,_ZNSt8_Rb_treeIN5boost16exception_detail10type_info_ESt4pairIKS2_NS0_10shared_ptrINS1_15error_info_baseEEEESt10_Select1stIS8_ESt4lessIS2_ESaIS8_EE8_S_rightEPKSt18_Rb_tree_node_base
FN:779,_ZNSt8_Rb_treeIN5boost16exception_detail10type_info_ESt4pairIKS2_NS0_10shared_ptrINS1_15error_info_baseEEEESt10_Select1stIS8_ESt4lessIS2_ESaIS8_EE8_S_valueEPKSt18_Rb_tree_node_base
FN:783,_ZNSt8_Rb_treeIN5boost16exception_detail10type_info_ESt4pairIKS2_NS0_10shared_ptrINS1_15error_info_baseEEEESt10_Select1stIS8_ESt4lessIS2_ESaIS8_EE6_S_keyEPKSt18_Rb_tree_node_base
FN:913,_ZNSt8_Rb_treeIN5boost16exception_detail10type_info_ESt4pairIKS2_NS0_10shared_ptrINS1_15error_info_baseEEEESt10_Select1stIS8_ESt4lessIS2_ESaIS8_EEC2Ev
FN:948,_ZNSt8_Rb_treeIN5boost16exception_detail10type_info_ESt4pairIKS2_NS0_10shared_ptrINS1_15error_info_baseEEEESt10_Select1stIS8_ESt4lessIS2_ESaIS8_EED2Ev
FN:956,_ZNKSt8_Rb_treeIN5boost16exception_detail10type_info_ESt4pairIKS2_NS0_10shared_ptrINS1_15error_info_baseEEEESt10_Select1stIS8_ESt4lessIS2_ESaIS8_EE8key_compEv
FN:960,_ZNSt8_Rb_treeIN5boost16exception_detail10type_info_ESt4pairIKS2_NS0_10shared_ptrINS1_15error_info_baseEEEESt10_Select1stIS8_ESt4lessIS2_ESaIS8_EE5beginEv
FN:964,_ZNKSt8_Rb_treeIN5boost16exception_detail10type_info_ESt4pairIKS2_NS0_10shared_ptrINS1_15error_info_baseEEEESt10_Select1stIS8_ESt4lessIS2_ESaIS8_EE5beginEv
FN:968,_ZNSt8_Rb_treeIN5boost16exception_detail10type_info_ESt4pairIKS2_NS0_10shared_ptrINS1_15error_info_baseEEEESt10_Select1stIS8_ESt4lessIS2_ESaIS8_EE3endEv
FN:972,_ZNKSt8_Rb_treeIN5boost16exception_detail10type_info_ESt4pairIKS2_NS0_10shared_ptrINS1_15error_info_baseEEEESt10_Select1stIS8_ESt4lessIS2_ESaIS8_EE3endEv
FN:996,_ZNKSt8_Rb_treeIN5boost16exception_detail10type_info_ESt4pairIKS2_NS0_10shared_ptrINS1_15error_info_baseEEEESt10_Select1stIS8_ESt4lessIS2_ESaIS8_EE4sizeEv
FN:1186,_ZNSt8_Rb_treeIN5boost16exception_detail10type_info_ESt4pairIKS2_NS0_10shared_ptrINS1_15error_info_baseEEEESt10_Select1stIS8_ESt4lessIS2_ESaIS8_EE11lower_boundERS4_
FN:1740,_ZNSt8_Rb_treeIN5boost16exception_detail10type_info_ESt4pairIKS2_NS0_10shared_ptrINS1_15error_info_baseEEEESt10_Select1stIS8_ESt4lessIS2_ESaIS8_EE10_M_insert_IS3_IS2_S7_ENSE_11_Alloc_nodeEEESt17_Rb_tree_iteratorIS8_EPSt18_Rb_tree_node_baseSL_OT_RT0_
FN:1850,_ZNSt8_Rb_treeIN5boost16exception_detail10type_info_ESt4pairIKS2_NS0_10shared_ptrINS1_15error_info_baseEEEESt10_Select1stIS8_ESt4lessIS2_ESaIS8_EE8_M_eraseEPSt13_Rb_tree_nodeIS8_E
FN:1867,_ZNSt8_Rb_treeIN5boost16exception_detail10type_info_ESt4pairIKS2_NS0_10shared_ptrINS1_15error_info_baseEEEESt10_Select1stIS8_ESt4lessIS2_ESaIS8_EE14_M_lower_boundEPSt13_Rb_tree_nodeIS8_EPSt18_Rb_tree_node_baseRS4_
FN:1883,_ZNKSt8_Rb_treeIN5boost16exception_detail10type_info_ESt4pairIKS2_NS0_10shared_ptrINS1_15error_info_baseEEEESt10_Select1stIS8_ESt4lessIS2_ESaIS8_EE14_M_lower_boundEPKSt13_Rb_tree_nodeIS8_EPKSt18_Rb_tree_node_baseRS4_
FN:2028,_ZNSt8_Rb_treeIN5boost16exception_detail10type_info_ESt4pairIKS2_NS0_10shared_ptrINS1_15error_info_baseEEEESt10_Select1stIS8_ESt4lessIS2_ESaIS8_EE24_M_get_insert_unique_posERS4_
FN:2082,_ZNSt8_Rb_treeIN5boost16exception_detail10type_info_ESt4pairIKS2_NS0_10shared_ptrINS1_15error_info_baseEEEESt10_Select1stIS8_ESt4lessIS2_ESaIS8_EE16_M_insert_uniqueIS3_IS2_S7_EEES3_ISt17_Rb_tree_iteratorIS8_EbEOT_
FN:2130,_ZNSt8_Rb_treeIN5boost16exception_detail10type_info_ESt4pairIKS2_NS0_10shared_ptrINS1_15error_info_baseEEEESt10_Select1stIS8_ESt4lessIS2_ESaIS8_EE29_M_get_insert_hint_unique_posESt23_Rb_tree_const_iteratorIS8_ERS4_
FN:2297,_ZNSt8_Rb_treeIN5boost16exception_detail10type_info_ESt4pairIKS2_NS0_10shared_ptrINS1_15error_info_baseEEEESt10_Select1stIS8_ESt4lessIS2_ESaIS8_EE14_M_insert_nodeEPSt18_Rb_tree_node_baseSG_PSt13_Rb_tree_nodeIS8_E
FN:2395,_ZNSt8_Rb_treeIN5boost16exception_detail10type_info_ESt4pairIKS2_NS0_10shared_ptrINS1_15error_info_baseEEEESt10_Select1stIS8_ESt4lessIS2_ESaIS8_EE22_M_emplace_hint_uniqueIJRKSt21piecewise_construct_tSt5tupleIJRS4_EESJ_IJEEEEESt17_Rb_tree_iteratorIS8_ESt23_Rb_tree_const_iteratorIS8_EDpOT_
FN:2533,_ZNKSt8_Rb_treeIN5boost16exception_detail10type_info_ESt4pairIKS2_NS0_10shared_ptrINS1_15error_info_baseEEEESt10_Select1stIS8_ESt4lessIS2_ESaIS8_EE4findERS4_
FNDA:0,_ZNSt20_Rb_tree_key_compareISt4lessIN5boost16exception_detail10type_info_EEEC2Ev
FNDA:0,_ZNSt15_Rb_tree_headerC2Ev
FNDA:0,_ZNSt15_Rb_tree_header8_M_resetEv
FNDA:0,_ZNSt13_Rb_tree_nodeISt4pairIKN5boost16exception_detail10type_info_ENS1_10shared_ptrINS2_15error_info_baseEEEEE9_M_valptrEv
FNDA:0,_ZNKSt13_Rb_tree_nodeISt4pairIKN5boost16exception_detail10type_info_ENS1_10shared_ptrINS2_15error_info_baseEEEEE9_M_valptrEv
FNDA:0,_ZNSt17_Rb_tree_iteratorISt4pairIKN5boost16exception_detail10type_info_ENS1_10shared_ptrINS2_15error_info_baseEEEEEC2EPSt18_Rb_tree_node_base
FNDA:0,_ZNKSt17_Rb_tree_iteratorISt4pairIKN5boost16exception_detail10type_info_ENS1_10shared_ptrINS2_15error_info_baseEEEEEdeEv
FNDA:0,_ZNSt17_Rb_tree_iteratorISt4pairIKN5boost16exception_detail10type_info_ENS1_10shared_ptrINS2_15error_info_baseEEEEEppEv
FNDA:0,_ZNSt17_Rb_tree_iteratorISt4pairIKN5boost16exception_detail10type_info_ENS1_10shared_ptrINS2_15error_info_baseEEEEEmmEv
FNDA:0,_ZNKSt17_Rb_tree_iteratorISt4pairIKN5boost16exception_detail10type_info_ENS1_10shared_ptrINS2_15error_info_baseEEEEEeqERKS9_
FNDA:0,_ZNSt23_Rb_tree_const_iteratorISt4pairIKN5boost16exception_detail10type_info_ENS1_10shared_ptrINS2_15error_info_baseEEEEEC2EPKSt18_Rb_tree_node_base
FNDA:0,_ZNSt23_Rb_tree_const_iteratorISt4pairIKN5boost16exception_detail10type_info_ENS1_10shared_ptrINS2_15error_info_baseEEEEEC2ERKSt17_Rb_tree_iteratorIS8_E
FNDA:0,_ZNKSt23_Rb_tree_const_iteratorISt4pairIKN5boost16exception_detail10type_info_ENS1_10shared_ptrINS2_15error_info_baseEEEEE13_M_const_castEv
FNDA:0,_ZNKSt23_Rb_tree_const_iteratorISt4pairIKN5boost16exception_detail10type_info_ENS1_10shared_ptrINS2_15error_info_baseEEEEEptEv
FNDA:0,_ZNSt23_Rb_tree_const_iteratorISt4pairIKN5boost16exception_detail10type_info_ENS1_10shared_ptrINS2_15error_info_baseEEEEEppEv
FNDA:0,_ZNKSt23_Rb_tree_const_iteratorISt4pairIKN5boost16exception_detail10type_info_ENS1_10shared_ptrINS2_15error_info_baseEEEEEeqERKS9_
FNDA:0,_ZNKSt23_Rb_tree_const_iteratorISt4pairIKN5boost16exception_detail10type_info_ENS1_10shared_ptrINS2_15error_info_baseEEEEEneERKS9_
FNDA:0,_ZNSt8_Rb_treeIN5boost16exception_detail10type_info_ESt4pairIKS2_NS0_10shared_ptrINS1_15error_info_baseEEEESt10_Select1stIS8_ESt4lessIS2_ESaIS8_EE11_Alloc_nodeC2ERSE_
FNDA:0,_ZNKSt8_Rb_treeIN5boost16exception_detail10type_info_ESt4pairIKS2_NS0_10shared_ptrINS1_15error_info_baseEEEESt10_Select1stIS8_ESt4lessIS2_ESaIS8_EE11_Alloc_nodeclIS3_IS2_S7_EEEPSt13_Rb_tree_nodeIS8_EOT_
FNDA:0,_ZNSt8_Rb_treeIN5boost16exception_detail10type_info_ESt4pairIKS2_NS0_10shared_ptrINS1_15error_info_baseEEEESt10_Select1stIS8_ESt4lessIS2_ESaIS8_EE21_M_get_Node_allocatorEv
FNDA:0,_ZNSt8_Rb_treeIN5boost16exception_detail10type_info_ESt4pairIKS2_NS0_10shared_ptrINS1_15error_info_baseEEEESt10_Select1stIS8_ESt4lessIS2_ESaIS8_EE11_M_get_nodeEv
FNDA:0,_ZNSt8_Rb_treeIN5boost16exception_detail10type_info_ESt4pairIKS2_NS0_10shared_ptrINS1_15error_info_baseEEEESt10_Select1stIS8_ESt4lessIS2_ESaIS8_EE11_M_put_nodeEPSt13_Rb_tree_nodeIS8_E
FNDA:0,_ZNSt8_Rb_treeIN5boost16exception_detail10type_info_ESt4pairIKS2_NS0_10shared_ptrINS1_15error_info_baseEEEESt10_Select1stIS8_ESt4lessIS2_ESaIS8_EE17_M_construct_nodeIJS3_IS2_S7_EEEEvPSt13_Rb_tree_nodeIS8_EDpOT_
FNDA:0,_ZNSt8_Rb_treeIN5boost16exception_detail10type_info_ESt4pairIKS2_NS0_10shared_ptrINS1_15error_info_baseEEEESt10_Select1stIS8_ESt4lessIS2_ESaIS8_EE17_M_construct_nodeIJRKSt21piecewise_construct_tSt5tupleIJRS4_EESJ_IJEEEEEvPSt13_Rb_tree_nodeIS8_EDpOT_
FNDA:0,_ZNSt8_Rb_treeIN5boost16exception_detail10type_info_ESt4pairIKS2_NS0_10shared_ptrINS1_15error_info_baseEEEESt10_Select1stIS8_ESt4lessIS2_ESaIS8_EE14_M_create_nodeIJS3_IS2_S7_EEEEPSt13_Rb_tree_nodeIS8_EDpOT_
FNDA:0,_ZNSt8_Rb_treeIN5boost16exception_detail10type_info_ESt4pairIKS2_NS0_10shared_ptrINS1_15error_info_baseEEEESt10_Select1stIS8_ESt4lessIS2_ESaIS8_EE14_M_create_nodeIJRKSt21piecewise_construct_tSt5tupleIJRS4_EESJ_IJEEEEEPSt13_Rb_tree_nodeIS8_EDpOT_
FNDA:0,_ZNSt8_Rb_treeIN5boost16exception_detail10type_info_ESt4pairIKS2_NS0_10shared_ptrINS1_15error_info_baseEEEESt10_Select1stIS8_ESt4lessIS2_ESaIS8_EE15_M_destroy_nodeEPSt13_Rb_tree_nodeIS8_E
FNDA:0,_ZNSt8_Rb_treeIN5boost16exception_detail10type_info_ESt4pairIKS2_NS0_10shared_ptrINS1_15error_info_baseEEEESt10_Select1stIS8_ESt4lessIS2_ESaIS8_EE12_M_drop_nodeEPSt13_Rb_tree_nodeIS8_E
FNDA:0,_ZNSt8_Rb_treeIN5boost16exception_detail10type_info_ESt4pairIKS2_NS0_10shared_ptrINS1_15error_info_baseEEEESt10_Select1stIS8_ESt4lessIS2_ESaIS8_EE13_Rb_tree_implISC_Lb1EED2Ev
FNDA:0,_ZNSt8_Rb_treeIN5boost16exception_detail10type_info_ESt4pairIKS2_NS0_10shared_ptrINS1_15error_info_baseEEEESt10_Select1stIS8_ESt4lessIS2_ESaIS8_EE13_Rb_tree_implISC_Lb1EEC2Ev
FNDA:0,_ZNSt8_Rb_treeIN5boost16exception_detail10type_info_ESt4pairIKS2_NS0_10shared_ptrINS1_15error_info_baseEEEESt10_Select1stIS8_ESt4lessIS2_ESaIS8_EE11_M_leftmostEv
FNDA:0,_ZNSt8_Rb_treeIN5boost16exception_detail10type_info_ESt4pairIKS2_NS0_10shared_ptrINS1_15error_info_baseEEEESt10_Select1stIS8_ESt4lessIS2_ESaIS8_EE12_M_rightmostEv
FNDA:0,_ZNSt8_Rb_treeIN5boost16exception_detail10type_info_ESt4pairIKS2_NS0_10shared_ptrINS1_15error_info_baseEEEESt10_Select1stIS8_ESt4lessIS2_ESaIS8_EE8_M_beginEv
FNDA:0,_ZNKSt8_Rb_treeIN5boost16exception_detail10type_info_ESt4pairIKS2_NS0_10shared_ptrINS1_15error_info_baseEEEESt10_Select1stIS8_ESt4lessIS2_ESaIS8_EE8_M_beginEv
FNDA:0,_ZNSt8_Rb_treeIN5boost16exception_detail10type_info_ESt4pairIKS2_NS0_10shared_ptrINS1_15error_info_baseEEEESt10_Select1stIS8_ESt4lessIS2_ESaIS8_EE6_M_endEv
FNDA:0,_ZNKSt8_Rb_treeIN5boost16exception_detail10type_info_ESt4pairIKS2_NS0_10shared_ptrINS1_15error_info_baseEEEESt10_Select1stIS8_ESt4lessIS2_ESaIS8_EE6_M_endEv
FNDA:0,_ZNSt8_Rb_treeIN5boost16exception_detail10type_info_ESt4pairIKS2_NS0_10shared_ptrINS1_15error_info_baseEEEESt10_Select1stIS8_ESt4lessIS2_ESaIS8_EE8_S_valueEPKSt13_Rb_tree_nodeIS8_E
FNDA:0,_ZNSt8_Rb_treeIN5boost16exception_detail10type_info_ESt4pairIKS2_NS0_10shared_ptrINS1_15error_info_baseEEEESt10_Select1stIS8_ESt4lessIS2_ESaIS8_EE6_S_keyEPKSt13_Rb_tree_nodeIS8_E
FNDA:0,_ZNSt8_Rb_treeIN5boost16exception_detail10type_info_ESt4pairIKS2_NS0_10shared_ptrINS1_15error_info_baseEEEESt10_Select1stIS8_ESt4lessIS2_ESaIS8_EE7_S_leftEPSt18_Rb_tree_node_base
FNDA:0,_ZNSt8_Rb_treeIN5boost16exception_detail10type_info_ESt4pairIKS2_NS0_10shared_ptrINS1_15error_info_baseEEEESt10_Select1stIS8_ESt4lessIS2_ESaIS8_EE7_S_leftEPKSt18_Rb_tree_node_base
FNDA:0,_ZNSt8_Rb_treeIN5boost16exception_detail10type_info_ESt4pairIKS2_NS0_10shared_ptrINS1_15error_info_baseEEEESt10_Select1stIS8_ESt4lessIS2_ESaIS8_EE8_S_rightEPSt18_Rb_tree_node_base
FNDA:0,_ZNSt8_Rb_treeIN5boost16exception_detail10type_info_ESt4pairIKS2_NS0_10shared_ptrINS1_15error_info_baseEEEESt10_Select1stIS8_ESt4lessIS2_ESaIS8_EE8_S_rightEPKSt18_Rb_tree_node_base
FNDA:0,_ZNSt8_Rb_treeIN5boost16exception_detail10type_info_ESt4pairIKS2_NS0_10shared_ptrINS1_15error_info_baseEEEESt10_Select1stIS8_ESt4lessIS2_ESaIS8_EE8_S_valueEPKSt18_Rb_tree_node_base
FNDA:0,_ZNSt8_Rb_treeIN5boost16exception_detail10type_info_ESt4pairIKS2_NS0_10shared_ptrINS1_15error_info_baseEEEESt10_Select1stIS8_ESt4lessIS2_ESaIS8_EE6_S_keyEPKSt18_Rb_tree_node_base
FNDA:0,_ZNSt8_Rb_treeIN5boost16exception_detail10type_info_ESt4pairIKS2_NS0_10shared_ptrINS1_15error_info_baseEEEESt10_Select1stIS8_ESt4lessIS2_ESaIS8_EEC2Ev
FNDA:0,_ZNSt8_Rb_treeIN5boost16exception_detail10type_info_ESt4pairIKS2_NS0_10shared_ptrINS1_15error_info_baseEEEESt10_Select1stIS8_ESt4lessIS2_ESaIS8_EED2Ev
FNDA:0,_ZNKSt8_Rb_treeIN5boost16exception_detail10type_info_ESt4pairIKS2_NS0_10shared_ptrINS1_15error_info_baseEEEESt10_Select1stIS8_ESt4lessIS2_ESaIS8_EE8key_compEv
FNDA:0,_ZNSt8_Rb_treeIN5boost16exception_detail10type_info_ESt4pairIKS2_NS0_10shared_ptrINS1_15error_info_baseEEEESt10_Select1stIS8_ESt4lessIS2_ESaIS8_EE5beginEv
FNDA:0,_ZNKSt8_Rb_treeIN5boost16exception_detail10type_info_ESt4pairIKS2_NS0_10shared_ptrINS1_15error_info_baseEEEESt10_Select1stIS8_ESt4lessIS2_ESaIS8_EE5beginEv
FNDA:0,_ZNSt8_Rb_treeIN5boost16exception_detail10type_info_ESt4pairIKS2_NS0_10shared_ptrINS1_15error_info_baseEEEESt10_Select1stIS8_ESt4lessIS2_ESaIS8_EE3endEv
FNDA:0,_ZNKSt8_Rb_treeIN5boost16exception_detail10type_info_ESt4pairIKS2_NS0_10shared_ptrINS1_15error_info_baseEEEESt10_Select1stIS8_ESt4lessIS2_ESaIS8_EE3endEv
FNDA:0,_ZNKSt8_Rb_treeIN5boost16exception_detail10type_info_ESt4pairIKS2_NS0_10shared_ptrINS1_15error_info_baseEEEESt10_Select1stIS8_ESt4lessIS2_ESaIS8_EE4sizeEv
FNDA:0,_ZNSt8_Rb_treeIN5boost16exception_detail10type_info_ESt4pairIKS2_NS0_10shared_ptrINS1_15error_info_baseEEEESt10_Select1stIS8_ESt4lessIS2_ESaIS8_EE11lower_boundERS4_
FNDA:0,_ZNSt8_Rb_treeIN5boost16exception_detail10type_info_ESt4pairIKS2_NS0_10shared_ptrINS1_15error_info_baseEEEESt10_Select1stIS8_ESt4lessIS2_ESaIS8_EE10_M_insert_IS3_IS2_S7_ENSE_11_Alloc_nodeEEESt17_Rb_tree_iteratorIS8_EPSt18_Rb_tree_node_baseSL_OT_RT0_
FNDA:0,_ZNSt8_Rb_treeIN5boost16exception_detail10type_info_ESt4pairIKS2_NS0_10shared_ptrINS1_15error_info_baseEEEESt10_Select1stIS8_ESt4lessIS2_ESaIS8_EE8_M_eraseEPSt13_Rb_tree_nodeIS8_E
FNDA:0,_ZNSt8_Rb_treeIN5boost16exception_detail10type_info_ESt4pairIKS2_NS0_10shared_ptrINS1_15error_info_baseEEEESt10_Select1stIS8_ESt4lessIS2_ESaIS8_EE14_M_lower_boundEPSt13_Rb_tree_nodeIS8_EPSt18_Rb_tree_node_baseRS4_
FNDA:0,_ZNKSt8_Rb_treeIN5boost16exception_detail10type_info_ESt4pairIKS2_NS0_10shared_ptrINS1_15error_info_baseEEEESt10_Select1stIS8_ESt4lessIS2_ESaIS8_EE14_M_lower_boundEPKSt13_Rb_tree_nodeIS8_EPKSt18_Rb_tree_node_baseRS4_
FNDA:0,_ZNSt8_Rb_treeIN5boost16exception_detail10type_info_ESt4pairIKS2_NS0_10shared_ptrINS1_15error_info_baseEEEESt10_Select1stIS8_ESt4lessIS2_ESaIS8_EE24_M_get_insert_unique_posERS4_
FNDA:0,_ZNSt8_Rb_treeIN5boost16exception_detail10type_info_ESt4pairIKS2_NS0_10shared_ptrINS1_15error_info_baseEEEESt10_Select1stIS8_ESt4lessIS2_ESaIS8_EE16_M_insert_uniqueIS3_IS2_S7_EEES3_ISt17_Rb_tree_iteratorIS8_EbEOT_
FNDA:0,_ZNSt8_Rb_treeIN5boost16exception_detail10type_info_ESt4pairIKS2_NS0_10shared_ptrINS1_15error_info_baseEEEESt10_Select1stIS8_ESt4lessIS2_ESaIS8_EE29_M_get_insert_hint_unique_posESt23_Rb_tree_const_iteratorIS8_ERS4_
FNDA:0,_ZNSt8_Rb_treeIN5boost16exception_detail10type_info_ESt4pairIKS2_NS0_10shared_ptrINS1_15error_info_baseEEEESt10_Select1stIS8_ESt4lessIS2_ESaIS8_EE14_M_insert_nodeEPSt18_Rb_tree_node_baseSG_PSt13_Rb_tree_nodeIS8_E
FNDA:0,_ZNSt8_Rb_treeIN5boost16exception_detail10type_info_ESt4pairIKS2_NS0_10shared_ptrINS1_15error_info_baseEEEESt10_Select1stIS8_ESt4lessIS2_ESaIS8_EE22_M_emplace_hint_uniqueIJRKSt21piecewise_construct_tSt5tupleIJRS4_EESJ_IJEEEEESt17_Rb_tree_iteratorIS8_ESt23_Rb_tree_const_iteratorIS8_EDpOT_
FNDA:0,_ZNKSt8_Rb_treeIN5boost16exception_detail10type_info_ESt4pairIKS2_NS0_10shared_ptrINS1_15error_info_baseEEEESt10_Select1stIS8_ESt4lessIS2_ESaIS8_EE4findERS4_
FNF:63
FNH:0
DA:146,0
DA:150,0
DA:173,0
DA:174,0
DA:175,0
DA:176,0
DA:177,0
DA:206,0
DA:208,0
DA:209,0
DA:210,0
DA:211,0
DA:212,0
DA:234,0
DA:235,0
DA:238,0
DA:239,0
DA:273,0
DA:274,0
DA:277,0
DA:278,0
DA:285,0
DA:287,0
DA:288,0
DA:300,0
DA:302,0
DA:303,0
DA:315,0
DA:316,0
DA:345,0
DA:346,0
DA:348,0
DA:349,0
DA:352,0
DA:353,0
DA:360,0
DA:361,0
DA:364,0
DA:366,0
DA:367,0
DA:394,0
DA:395,0
DA:398,0
DA:399,0
DA:546,0
DA:547,0
DA:554,0
DA:556,0
DA:574,0
DA:575,0
DA:587,0
DA:588,0
DA:591,0
DA:592,0
DA:621,0
DA:625,0
DA:626,0
DA:630,0
DA:633,0
DA:634,0
DA:636,0
DA:640,0
DA:642,0
DA:643,0
DA:644,0
DA:648,0
DA:650,0
DA:652,0
DA:656,0
DA:658,0
DA:659,0
DA:660,0
DA:677,0
DA:688,0
DA:720,0
DA:721,0
DA:728,0
DA:729,0
DA:736,0
DA:737,0
DA:740,0
DA:743,0
DA:747,0
DA:748,0
DA:751,0
DA:752,0
DA:755,0
DA:756,0
DA:759,0
DA:760,0
DA:763,0
DA:764,0
DA:767,0
DA:768,0
DA:771,0
DA:772,0
DA:775,0
DA:776,0
DA:779,0
DA:780,0
DA:783,0
DA:784,0
DA:913,0
DA:948,0
DA:949,0
DA:956,0
DA:957,0
DA:960,0
DA:961,0
DA:964,0
DA:965,0
DA:968,0
DA:969,0
DA:972,0
DA:973,0
DA:996,0
DA:997,0
DA:1186,0
DA:1187,0
DA:1740,0
DA:1749,0
DA:1750,0
DA:1753,0
DA:1755,0
DA:1757,0
DA:1758,0
DA:1850,0
DA:1854,0
DA:1856,0
DA:1857,0
DA:1858,0
DA:1859,0
DA:1861,0
DA:1867,0
DA:1871,0
DA:1872,0
DA:1873,0
DA:1875,0
DA:1876,0
DA:1883,0
DA:1887,0
DA:1888,0
DA:1889,0
DA:1891,0
DA:1892,0
DA:2028,0
DA:2032,0
DA:2033,0
DA:2034,0
DA:2035,0
DA:2037,0
DA:2038,0
DA:2039,0
DA:2041,0
DA:2042,0
DA:2044,0
DA:2045,0
DA:2047,0
DA:2049,0
DA:2050,0
DA:2051,0
DA:2082,0
DA:2090,0
DA:2091,0
DA:2093,0
DA:2095,0
DA:2096,0
DA:2098,0
DA:2101,0
DA:2130,0
DA:2134,0
DA:2138,0
DA:2140,0
DA:2141,0
DA:2142,0
DA:2144,0
DA:2146,0
DA:2149,0
DA:2150,0
DA:2151,0
DA:2152,0
DA:2154,0
DA:2155,0
DA:2157,0
DA:2160,0
DA:2162,0
DA:2165,0
DA:2166,0
DA:2167,0
DA:2168,0
DA:2170,0
DA:2171,0
DA:2173,0
DA:2176,0
DA:2180,0
DA:2297,0
DA:2300,0
DA:2301,0
DA:2304,0
DA:2306,0
DA:2307,0
DA:2395,0
DA:2398,0
DA:2402,0
DA:2404,0
DA:2405,0
DA:2407,0
DA:2408,0
DA:2410,0
DA:2412,0
DA:2413,0
DA:2533,0
DA:2536,0
DA:2537,0
DA:2538,0
DA:2539,0
LF:216
LH:0
end_of_record
SF:/usr/include/c++/7/ext/aligned_buffer.h
FN:62,_ZN9__gnu_cxx16__aligned_membufISt4pairIKN5boost16exception_detail10type_info_ENS2_10shared_ptrINS3_15error_info_baseEEEEE7_M_addrEv
FN:66,_ZNK9__gnu_cxx16__aligned_membufISt4pairIKN5boost16exception_detail10type_info_ENS2_10shared_ptrINS3_15error_info_baseEEEEE7_M_addrEv
FN:70,_ZN9__gnu_cxx16__aligned_membufISt4pairIKN5boost16exception_detail10type_info_ENS2_10shared_ptrINS3_15error_info_baseEEEEE6_M_ptrEv
FN:74,_ZNK9__gnu_cxx16__aligned_membufISt4pairIKN5boost16exception_detail10type_info_ENS2_10shared_ptrINS3_15error_info_baseEEEEE6_M_ptrEv
FNDA:0,_ZN9__gnu_cxx16__aligned_membufISt4pairIKN5boost16exception_detail10type_info_ENS2_10shared_ptrINS3_15error_info_baseEEEEE7_M_addrEv
FNDA:0,_ZNK9__gnu_cxx16__aligned_membufISt4pairIKN5boost16exception_detail10type_info_ENS2_10shared_ptrINS3_15error_info_baseEEEEE7_M_addrEv
FNDA:0,_ZN9__gnu_cxx16__aligned_membufISt4pairIKN5boost16exception_detail10type_info_ENS2_10shared_ptrINS3_15error_info_baseEEEEE6_M_ptrEv
FNDA:0,_ZNK9__gnu_cxx16__aligned_membufISt4pairIKN5boost16exception_detail10type_info_ENS2_10shared_ptrINS3_15error_info_baseEEEEE6_M_ptrEv
FNF:4
FNH:0
DA:62,0
DA:63,0
DA:66,0
DA:67,0
DA:70,0
DA:71,0
DA:74,0
DA:75,0
LF:8
LH:0
end_of_record
SF:/usr/include/c++/7/ext/new_allocator.h
FN:79,_ZN9__gnu_cxx13new_allocatorISt13_Rb_tree_nodeISt4pairIKN5boost16exception_detail10type_info_ENS3_10shared_ptrINS4_15error_info_baseEEEEEEC2Ev
FN:86,_ZN9__gnu_cxx13new_allocatorISt13_Rb_tree_nodeISt4pairIKN5boost16exception_detail10type_info_ENS3_10shared_ptrINS4_15error_info_baseEEEEEED2Ev
FN:99,_ZN9__gnu_cxx13new_allocatorISt13_Rb_tree_nodeISt4pairIKN5boost16exception_detail10type_info_ENS3_10shared_ptrINS4_15error_info_baseEEEEEE8allocateEmPKv
FN:116,_ZN9__gnu_cxx13new_allocatorISt13_Rb_tree_nodeISt4pairIKN5boost16exception_detail10type_info_ENS3_10shared_ptrINS4_15error_info_baseEEEEEE10deallocateEPSB_m
FN:129,_ZNK9__gnu_cxx13new_allocatorISt13_Rb_tree_nodeISt4pairIKN5boost16exception_detail10type_info_ENS3_10shared_ptrINS4_15error_info_baseEEEEEE8max_sizeEv
FN:135,_ZN9__gnu_cxx13new_allocatorISt13_Rb_tree_nodeISt4pairIKN5boost16exception_detail10type_info_ENS3_10shared_ptrINS4_15error_info_baseEEEEEE9constructISA_JRKSt21piecewise_construct_tSt5tupleIJRS6_EESH_IJEEEEEvPT_DpOT0_
FN:135,_ZN9__gnu_cxx13new_allocatorISt13_Rb_tree_nodeISt4pairIKN5boost16exception_detail10type_info_ENS3_10shared_ptrINS4_15error_info_baseEEEEEE9constructISA_JS2_IS5_S9_EEEEvPT_DpOT0_
FN:140,_ZN9__gnu_cxx13new_allocatorISt13_Rb_tree_nodeISt4pairIKN5boost16exception_detail10type_info_ENS3_10shared_ptrINS4_15error_info_baseEEEEEE7destroyISA_EEvPT_
FNDA:0,_ZN9__gnu_cxx13new_allocatorISt13_Rb_tree_nodeISt4pairIKN5boost16exception_detail10type_info_ENS3_10shared_ptrINS4_15error_info_baseEEEEEEC2Ev
FNDA:0,_ZN9__gnu_cxx13new_allocatorISt13_Rb_tree_nodeISt4pairIKN5boost16exception_detail10type_info_ENS3_10shared_ptrINS4_15error_info_baseEEEEEED2Ev
FNDA:0,_ZN9__gnu_cxx13new_allocatorISt13_Rb_tree_nodeISt4pairIKN5boost16exception_detail10type_info_ENS3_10shared_ptrINS4_15error_info_baseEEEEEE8allocateEmPKv
FNDA:0,_ZN9__gnu_cxx13new_allocatorISt13_Rb_tree_nodeISt4pairIKN5boost16exception_detail10type_info_ENS3_10shared_ptrINS4_15error_info_baseEEEEEE10deallocateEPSB_m
FNDA:0,_ZNK9__gnu_cxx13new_allocatorISt13_Rb_tree_nodeISt4pairIKN5boost16exception_detail10type_info_ENS3_10shared_ptrINS4_15error_info_baseEEEEEE8max_sizeEv
FNDA:0,_ZN9__gnu_cxx13new_allocatorISt13_Rb_tree_nodeISt4pairIKN5boost16exception_detail10type_info_ENS3_10shared_ptrINS4_15error_info_baseEEEEEE9constructISA_JS2_IS5_S9_EEEEvPT_DpOT0_
FNDA:0,_ZN9__gnu_cxx13new_allocatorISt13_Rb_tree_nodeISt4pairIKN5boost16exception_detail10type_info_ENS3_10shared_ptrINS4_15error_info_baseEEEEEE9constructISA_JRKSt21piecewise_construct_tSt5tupleIJRS6_EESH_IJEEEEEvPT_DpOT0_
FNDA:0,_ZN9__gnu_cxx13new_allocatorISt13_Rb_tree_nodeISt4pairIKN5boost16exception_detail10type_info_ENS3_10shared_ptrINS4_15error_info_baseEEEEEE7destroyISA_EEvPT_
FNF:8
FNH:0
DA:79,0
DA:86,0
DA:99,0
DA:101,0
DA:102,0
DA:111,0
DA:116,0
DA:125,0
DA:126,0
DA:129,0
DA:130,0
DA:135,0
DA:136,0
DA:140,0
LF:14
LH:0
end_of_record
SF:/usr/include/c++/7/iostream
DA:74,1
LF:1
LH:1
end_of_record
SF:/usr/include/c++/7/new
FN:168,_ZnwmPv
FN:174,_ZdlPvS_
FNDA:0,_ZnwmPv
FNDA:0,_ZdlPvS_
FNF:2
FNH:0
DA:168,0
DA:169,0
DA:174,0
LF:3
LH:0
end_of_record
SF:/usr/include/c++/7/system_error
FN:125,_ZNKSt3_V214error_categoryeqERKS0_
FN:178,_ZNKSt10error_code5valueEv
FN:181,_ZNKSt10error_code8categoryEv
FN:229,_ZNSt15error_conditionC2EiRKNSt3_V214error_categoryE
FN:257,_ZNKSt15error_condition5valueEv
FN:260,_ZNKSt15error_condition8categoryEv
FN:311,_ZSteqRKSt15error_conditionS1_
FNDA:0,_ZNKSt3_V214error_categoryeqERKS0_
FNDA:0,_ZNKSt10error_code5valueEv
FNDA:0,_ZNKSt10error_code8categoryEv
FNDA:0,_ZNSt15error_conditionC2EiRKNSt3_V214error_categoryE
FNDA:0,_ZNKSt15error_condition5valueEv
FNDA:0,_ZNKSt15error_condition8categoryEv
FNDA:0,_ZSteqRKSt15error_conditionS1_
FNF:7
FNH:0
DA:125,0
DA:126,0
DA:178,0
DA:181,0
DA:229,0
DA:230,0
DA:257,0
DA:260,0
DA:311,0
DA:314,0
DA:315,0
LF:11
LH:0
end_of_record
SF:/usr/include/c++/7/tuple
FN:125,_ZNSt10_Head_baseILm0ERKN5boost16exception_detail10type_info_ELb0EEC2ES4_
FN:160,_ZNSt10_Head_baseILm0ERKN5boost16exception_detail10type_info_ELb0EE7_M_headERS5_
FN:351,_ZNSt11_Tuple_implILm0EJRKN5boost16exception_detail10type_info_EEE7_M_headERS5_
FN:360,_ZNSt11_Tuple_implILm0EJRKN5boost16exception_detail10type_info_EEEC2ES4_
FN:371,_ZNSt11_Tuple_implILm0EJRKN5boost16exception_detail10type_info_EEEC2EOS5_
FN:608,_ZNSt5tupleIJRKN5boost16exception_detail10type_info_EEEC2IvLb1EEES4_
FN:662,_ZNSt5tupleIJRKN5boost16exception_detail10type_info_EEEC2EOS5_
FN:1303,_ZSt12__get_helperILm0ERKN5boost16exception_detail10type_info_EJEERT0_RSt11_Tuple_implIXT_EJS5_DpT1_EE
FN:1314,_ZSt3getILm0EJRKN5boost16exception_detail10type_info_EEERNSt13tuple_elementIXT_ESt5tupleIJDpT0_EEE4typeERS9_
FN:1636,_ZNSt4pairIKN5boost16exception_detail10type_info_ENS0_10shared_ptrINS1_15error_info_baseEEEEC2IJRS3_EJEEESt21piecewise_construct_tSt5tupleIJDpT_EESB_IJDpT0_EE
FN:1648,_ZNSt4pairIKN5boost16exception_detail10type_info_ENS0_10shared_ptrINS1_15error_info_baseEEEEC2IJRS3_EJLm0EEJEJEEERSt5tupleIJDpT_EERSA_IJDpT1_EESt12_Index_tupleIJXspT0_EEESJ_IJXspT2_EEE
FNDA:0,_ZNSt10_Head_baseILm0ERKN5boost16exception_detail10type_info_ELb0EEC2ES4_
FNDA:0,_ZNSt10_Head_baseILm0ERKN5boost16exception_detail10type_info_ELb0EE7_M_headERS5_
FNDA:0,_ZNSt11_Tuple_implILm0EJRKN5boost16exception_detail10type_info_EEE7_M_headERS5_
FNDA:0,_ZNSt11_Tuple_implILm0EJRKN5boost16exception_detail10type_info_EEEC2ES4_
FNDA:0,_ZNSt11_Tuple_implILm0EJRKN5boost16exception_detail10type_info_EEEC2EOS5_
FNDA:0,_ZNSt5tupleIJRKN5boost16exception_detail10type_info_EEEC2IvLb1EEES4_
FNDA:0,_ZNSt5tupleIJRKN5boost16exception_detail10type_info_EEEC2EOS5_
FNDA:0,_ZSt12__get_helperILm0ERKN5boost16exception_detail10type_info_EJEERT0_RSt11_Tuple_implIXT_EJS5_DpT1_EE
FNDA:0,_ZSt3getILm0EJRKN5boost16exception_detail10type_info_EEERNSt13tuple_elementIXT_ESt5tupleIJDpT0_EEE4typeERS9_
FNDA:0,_ZNSt4pairIKN5boost16exception_detail10type_info_ENS0_10shared_ptrINS1_15error_info_baseEEEEC2IJRS3_EJEEESt21piecewise_construct_tSt5tupleIJDpT_EESB_IJDpT0_EE
FNDA:0,_ZNSt4pairIKN5boost16exception_detail10type_info_ENS0_10shared_ptrINS1_15error_info_baseEEEEC2IJRS3_EJLm0EEJEJEEERSt5tupleIJDpT_EERSA_IJDpT1_EESt12_Index_tupleIJXspT0_EEESJ_IJXspT2_EEE
FNF:11
FNH:0
DA:125,0
DA:126,0
DA:160,0
DA:351,0
DA:360,0
DA:361,0
DA:371,0
DA:373,0
DA:608,0
DA:609,0
DA:662,0
DA:1303,0
DA:1304,0
DA:1314,0
DA:1315,0
DA:1636,0
DA:1641,0
DA:1642,0
DA:1648,0
DA:1651,0
DA:1652,0
DA:1653,0
LF:22
LH:0
end_of_record
SF:/usr/include/c++/7/typeinfo
FN:99,_ZNKSt9type_info4nameEv
FN:115,_ZNKSt9type_info6beforeERKS_
FN:120,_ZNKSt9type_infoeqERKS_
FNDA:0,_ZNKSt9type_info4nameEv
FNDA:0,_ZNKSt9type_info6beforeERKS_
FNDA:0,_ZNKSt9type_infoeqERKS_
FNF:3
FNH:0
DA:99,0
DA:100,0
DA:115,0
DA:116,0
DA:117,0
DA:118,0
DA:120,0
DA:122,0
DA:123,0
DA:124,0
LF:10
LH:0
end_of_record
SF:/usr/local/include/boost/contract/check.hpp
FN:194,_ZN5boost8contract5checkC2IvEERKNS0_32specify_old_postcondition_exceptIT_EE
FN:328,_ZN5boost8contract5checkD2Ev
FNDA:112,_ZN5boost8contract5checkC2IvEERKNS0_32specify_old_postcondition_exceptIT_EE
FNDA:109,_ZN5boost8contract5checkD2Ev
FNF:2
FNH:2
DA:194,112
DA:198,112
DA:328,109
DA:330,109
LF:4
LH:4
end_of_record
SF:/usr/local/include/boost/contract/core/exception.hpp
FN:49,_ZN5boost8contract9exceptionC2Ev
FN:554,_ZN5boost8contract20precondition_failureENS0_4fromE
FN:624,_ZN5boost8contract21postcondition_failureENS0_4fromE
FN:697,_ZN5boost8contract14except_failureENS0_4fromE
FN:766,_ZN5boost8contract11old_failureENS0_4fromE
FNDA:3,_ZN5boost8contract9exceptionC2Ev
FNDA:3,_ZN5boost8contract20precondition_failureENS0_4fromE
FNDA:0,_ZN5boost8contract21postcondition_failureENS0_4fromE
FNDA:0,_ZN5boost8contract14except_failureENS0_4fromE
FNDA:0,_ZN5boost8contract11old_failureENS0_4fromE
FNF:5
FNH:2
DA:49,3
DA:554,3
DA:556,3
DA:560,0
DA:624,0
DA:626,0
DA:630,0
DA:697,0
DA:699,0
DA:703,0
DA:766,0
DA:768,0
DA:772,0
LF:13
LH:3
end_of_record
SF:/usr/local/include/boost/contract/core/specify.hpp
FN:375,_ZN5boost8contract32specify_old_postcondition_exceptIvED2Ev
FN:457,_ZN5boost8contract32specify_old_postcondition_exceptIvEC2EPNS0_6detail9cond_postINS3_4noneEEE
FN:513,_ZN5boost8contract45specify_precondition_old_postcondition_exceptIvED2Ev
FN:533,_ZN5boost8contract45specify_precondition_old_postcondition_exceptIvE12preconditionIZN35NumberTheoryCalculatorWithContracts3mcdEiiEUlvE_EENS0_32specify_old_postcondition_exceptIvEERKT_
FN:533,_ZN5boost8contract45specify_precondition_old_postcondition_exceptIvE12preconditionIZN35NumberTheoryCalculatorWithContracts3divEiiEUlvE_EENS0_32specify_old_postcondition_exceptIvEERKT_
FN:617,_ZN5boost8contract45specify_precondition_old_postcondition_exceptIvEC2EPNS0_6detail9cond_postINS3_4noneEEE
FN:626,_ZN5boost8contract8functionEv
FNDA:112,_ZN5boost8contract32specify_old_postcondition_exceptIvED2Ev
FNDA:112,_ZN5boost8contract32specify_old_postcondition_exceptIvEC2EPNS0_6detail9cond_postINS3_4noneEEE
FNDA:112,_ZN5boost8contract45specify_precondition_old_postcondition_exceptIvED2Ev
FNDA:20,_ZN5boost8contract45specify_precondition_old_postcondition_exceptIvE12preconditionIZN35NumberTheoryCalculatorWithContracts3mcdEiiEUlvE_EENS0_32specify_old_postcondition_exceptIvEERKT_
FNDA:92,_ZN5boost8contract45specify_precondition_old_postcondition_exceptIvE12preconditionIZN35NumberTheoryCalculatorWithContracts3divEiiEUlvE_EENS0_32specify_old_postcondition_exceptIvEERKT_
FNDA:112,_ZN5boost8contract45specify_precondition_old_postcondition_exceptIvEC2EPNS0_6detail9cond_postINS3_4noneEEE
FNDA:112,_ZN5boost8contract8functionEv
FNF:7
FNH:7
DA:375,112
DA:457,112
DA:513,112
DA:533,112
DA:534,112
DA:617,112
DA:626,112
LF:7
LH:7
end_of_record
SF:/usr/local/include/boost/contract/detail/auto_ptr.hpp
FN:21,_ZN5boost8contract6detail8auto_ptrINS1_9cond_postINS1_4noneEEEEC2EPS5_
FN:21,_ZN5boost8contract6detail8auto_ptrINS1_9cond_baseEEC2EPS3_
FN:23,_ZN5boost8contract6detail8auto_ptrINS1_9cond_postINS1_4noneEEEED2Ev
FN:23,_ZN5boost8contract6detail8auto_ptrINS1_9cond_baseEED2Ev
FN:25,_ZN5boost8contract6detail8auto_ptrINS1_9cond_postINS1_4noneEEEE7releaseEv
FN:41,_ZN5boost8contract6detail8auto_ptrINS1_9cond_baseEEptEv
FN:41,_ZN5boost8contract6detail8auto_ptrINS1_9cond_postINS1_4noneEEEEptEv
FN:44,_ZNK5boost8contract6detail8auto_ptrINS1_9cond_baseEEcvbEv
FN:44,_ZNK5boost8contract6detail8auto_ptrINS1_9cond_postINS1_4noneEEEEcvbEv
FNDA:224,_ZN5boost8contract6detail8auto_ptrINS1_9cond_postINS1_4noneEEEEC2EPS5_
FNDA:112,_ZN5boost8contract6detail8auto_ptrINS1_9cond_baseEEC2EPS3_
FNDA:224,_ZN5boost8contract6detail8auto_ptrINS1_9cond_postINS1_4noneEEEED2Ev
FNDA:112,_ZN5boost8contract6detail8auto_ptrINS1_9cond_baseEED2Ev
FNDA:224,_ZN5boost8contract6detail8auto_ptrINS1_9cond_postINS1_4noneEEEE7releaseEv
FNDA:112,_ZN5boost8contract6detail8auto_ptrINS1_9cond_postINS1_4noneEEEEptEv
FNDA:112,_ZN5boost8contract6detail8auto_ptrINS1_9cond_baseEEptEv
FNDA:112,_ZNK5boost8contract6detail8auto_ptrINS1_9cond_postINS1_4noneEEEEcvbEv
FNDA:112,_ZNK5boost8contract6detail8auto_ptrINS1_9cond_baseEEcvbEv
FNF:9
FNH:9
DA:21,336
DA:23,336
DA:25,224
DA:26,224
DA:27,224
DA:28,224
DA:41,224
DA:44,224
LF:8
LH:8
end_of_record
SF:/usr/local/include/boost/contract/detail/checking.hpp
FN:28,_ZN5boost8contract6detail8checkingC2Ev
FN:36,_ZN5boost8contract6detail8checkingD2Ev
FN:44,_ZN5boost8contract6detail8checking7alreadyEv
FNDA:224,_ZN5boost8contract6detail8checkingC2Ev
FNDA:224,_ZN5boost8contract6detail8checkingD2Ev
FNDA:224,_ZN5boost8contract6detail8checking7alreadyEv
FNF:3
FNH:3
DA:28,224
DA:30,224
DA:34,224
DA:36,224
DA:38,224
DA:42,224
DA:44,224
DA:46,224
LF:8
LH:8
end_of_record
SF:/usr/local/include/boost/contract/detail/condition/cond_base.hpp
FN:38,_ZN5boost8contract6detail9cond_baseC2ENS0_4fromE
FN:48,_ZN5boost8contract6detail9cond_baseD2Ev
FN:48,_ZN5boost8contract6detail9cond_baseD0Ev
FN:53,_ZN5boost8contract6detail9cond_base10initializeEv
FN:60,_ZN5boost8contract6detail9cond_base7set_preIZN35NumberTheoryCalculatorWithContracts3divEiiEUlvE_EEvRKT_
FN:60,_ZN5boost8contract6detail9cond_base7set_preIZN35NumberTheoryCalculatorWithContracts3mcdEiiEUlvE_EEvRKT_
FN:74,_ZN5boost8contract6detail9cond_base18assert_initializedEv
FN:87,_ZN5boost8contract6detail9cond_base4initEv
FN:91,_ZN5boost8contract6detail9cond_base9check_preEb
FN:105,_ZN5boost8contract6detail9cond_base8copy_oldEv
FN:113,_ZN5boost8contract6detail9cond_base12check_exceptEv
FN:121,_ZN5boost8contract6detail9cond_base4failEPFvNS0_4fromEE
FN:127,_ZNK5boost8contract6detail9cond_base6failedEv
FN:128,_ZN5boost8contract6detail9cond_base6failedEb
FNDA:112,_ZN5boost8contract6detail9cond_baseC2ENS0_4fromE
FNDA:0,_ZN5boost8contract6detail9cond_baseD0Ev
FNDA:112,_ZN5boost8contract6detail9cond_baseD2Ev
FNDA:112,_ZN5boost8contract6detail9cond_base10initializeEv
FNDA:20,_ZN5boost8contract6detail9cond_base7set_preIZN35NumberTheoryCalculatorWithContracts3mcdEiiEUlvE_EEvRKT_
FNDA:92,_ZN5boost8contract6detail9cond_base7set_preIZN35NumberTheoryCalculatorWithContracts3divEiiEUlvE_EEvRKT_
FNDA:112,_ZN5boost8contract6detail9cond_base18assert_initializedEv
FNDA:0,_ZN5boost8contract6detail9cond_base4initEv
FNDA:112,_ZN5boost8contract6detail9cond_base9check_preEb
FNDA:109,_ZN5boost8contract6detail9cond_base8copy_oldEv
FNDA:3,_ZN5boost8contract6detail9cond_base12check_exceptEv
FNDA:3,_ZN5boost8contract6detail9cond_base4failEPFvNS0_4fromEE
FNDA:333,_ZNK5boost8contract6detail9cond_base6failedEv
FNDA:3,_ZN5boost8contract6detail9cond_base6failedEb
FNF:14
FNH:12
DA:38,112
DA:43,112
DA:45,112
DA:48,224
DA:50,112
DA:51,112
DA:53,112
DA:54,112
DA:55,112
DA:56,109
DA:60,112
DA:74,112
DA:75,112
DA:83,112
DA:85,112
DA:87,0
DA:91,112
DA:92,112
DA:93,112
DA:94,3
DA:97,3
DA:98,3
DA:100,109
DA:105,109
DA:106,109
DA:107,109
DA:108,0
DA:113,3
DA:114,3
DA:115,0
DA:116,0
DA:121,3
DA:122,3
DA:123,3
DA:124,0
DA:127,333
DA:128,3
LF:37
LH:32
end_of_record
SF:/usr/local/include/boost/contract/detail/condition/cond_post.hpp
FN:69,_ZN5boost8contract6detail9cond_postINS1_4noneEED2Ev
FN:69,_ZN5boost8contract6detail9cond_postINS1_4noneEED0Ev
FN:71,_ZN5boost8contract6detail9cond_postINS1_4noneEEC2ENS0_4fromE
FN:74,_ZN5boost8contract6detail9cond_postINS1_4noneEE10check_postERKS3_
FNDA:0,_ZN5boost8contract6detail9cond_postINS1_4noneEED0Ev
FNDA:112,_ZN5boost8contract6detail9cond_postINS1_4noneEED2Ev
FNDA:112,_ZN5boost8contract6detail9cond_postINS1_4noneEEC2ENS0_4fromE
FNDA:109,_ZN5boost8contract6detail9cond_postINS1_4noneEE10check_postERKS3_
FNF:4
FNH:3
DA:69,112
DA:71,112
DA:74,109
LF:3
LH:3
end_of_record
SF:/usr/local/include/boost/contract/detail/inlined/core/exception.hpp
FN:28,_ZN5boost8contract9exceptionD2Ev
FN:28,_ZN5boost8contract9exceptionD0Ev
FN:43,_ZN5boost8contract23bad_virtual_result_castD2Ev
FN:43,_ZN5boost8contract23bad_virtual_result_castD0Ev
FN:46,_ZNK5boost8contract23bad_virtual_result_cast4whatEv
FN:51,_ZN5boost8contract17assertion_failureC2EPKcmS3_
FN:62,_ZN5boost8contract17assertion_failureD0Ev
FN:62,_ZN5boost8contract17assertion_failureD2Ev
FN:65,_ZNK5boost8contract17assertion_failure4whatEv
FN:79,_ZN5boost8contract17assertion_failure4initEv
FN:103,_ZN5boost8contract10exception_15default_handlerILNS1_11failure_keyE4EEEvv
FN:103,_ZN5boost8contract10exception_15default_handlerILNS1_11failure_keyE1EEEvv
FN:103,_ZN5boost8contract10exception_15default_handlerILNS1_11failure_keyE2EEEvv
FN:103,_ZN5boost8contract10exception_15default_handlerILNS1_11failure_keyE3EEEvv
FN:127,_ZN5boost8contract10exception_20default_from_handlerILNS1_11failure_keyE4EEEvNS0_4fromE
FN:127,_ZN5boost8contract10exception_20default_from_handlerILNS1_11failure_keyE3EEEvNS0_4fromE
FN:127,_ZN5boost8contract10exception_20default_from_handlerILNS1_11failure_keyE1EEEvNS0_4fromE
FN:127,_ZN5boost8contract10exception_20default_from_handlerILNS1_11failure_keyE2EEEvNS0_4fromE
FN:219,_ZN5boost8contract10exception_20pre_failure_unlockedENS0_4fromE
FN:224,_ZN5boost8contract10exception_18pre_failure_lockedENS0_4fromE
FN:269,_ZN5boost8contract10exception_21post_failure_unlockedENS0_4fromE
FN:274,_ZN5boost8contract10exception_19post_failure_lockedENS0_4fromE
FN:320,_ZN5boost8contract10exception_23except_failure_unlockedENS0_4fromE
FN:325,_ZN5boost8contract10exception_21except_failure_lockedENS0_4fromE
FN:370,_ZN5boost8contract10exception_20old_failure_unlockedENS0_4fromE
FN:375,_ZN5boost8contract10exception_18old_failure_lockedENS0_4fromE
FNDA:0,_ZN5boost8contract9exceptionD0Ev
FNDA:0,_ZN5boost8contract9exceptionD2Ev
FNDA:0,_ZN5boost8contract23bad_virtual_result_castD0Ev
FNDA:0,_ZN5boost8contract23bad_virtual_result_castD2Ev
FNDA:0,_ZNK5boost8contract23bad_virtual_result_cast4whatEv
FNDA:3,_ZN5boost8contract17assertion_failureC2EPKcmS3_
FNDA:0,_ZN5boost8contract17assertion_failureD0Ev
FNDA:0,_ZN5boost8contract17assertion_failureD2Ev
FNDA:0,_ZNK5boost8contract17assertion_failure4whatEv
FNDA:3,_ZN5boost8contract17assertion_failure4initEv
FNDA:0,_ZN5boost8contract10exception_15default_handlerILNS1_11failure_keyE4EEEvv
FNDA:0,_ZN5boost8contract10exception_15default_handlerILNS1_11failure_keyE3EEEvv
FNDA:0,_ZN5boost8contract10exception_15default_handlerILNS1_11failure_keyE2EEEvv
FNDA:0,_ZN5boost8contract10exception_15default_handlerILNS1_11failure_keyE1EEEvv
FNDA:0,_ZN5boost8contract10exception_20default_from_handlerILNS1_11failure_keyE4EEEvNS0_4fromE
FNDA:0,_ZN5boost8contract10exception_20default_from_handlerILNS1_11failure_keyE3EEEvNS0_4fromE
FNDA:0,_ZN5boost8contract10exception_20default_from_handlerILNS1_11failure_keyE2EEEvNS0_4fromE
FNDA:0,_ZN5boost8contract10exception_20default_from_handlerILNS1_11failure_keyE1EEEvNS0_4fromE
FNDA:3,_ZN5boost8contract10exception_20pre_failure_unlockedENS0_4fromE
FNDA:3,_ZN5boost8contract10exception_18pre_failure_lockedENS0_4fromE
FNDA:0,_ZN5boost8contract10exception_21post_failure_unlockedENS0_4fromE
FNDA:0,_ZN5boost8contract10exception_19post_failure_lockedENS0_4fromE
FNDA:0,_ZN5boost8contract10exception_23except_failure_unlockedENS0_4fromE
FNDA:0,_ZN5boost8contract10exception_21except_failure_lockedENS0_4fromE
FNDA:0,_ZN5boost8contract10exception_20old_failure_unlockedENS0_4fromE
FNDA:0,_ZN5boost8contract10exception_18old_failure_lockedENS0_4fromE
FNF:26
FNH:4
DA:28,0
DA:43,0
DA:46,0
DA:47,0
DA:51,3
DA:52,3
DA:53,3
DA:54,3
DA:62,0
DA:65,0
DA:66,0
DA:79,3
DA:80,6
DA:81,3
DA:82,3
DA:83,3
DA:84,3
DA:85,3
DA:86,3
DA:88,3
DA:89,3
DA:103,0
DA:104,0
DA:107,0
DA:108,0
DA:109,0
DA:110,0
DA:115,0
DA:116,0
DA:118,0
DA:119,0
DA:120,0
DA:121,0
DA:123,0
DA:127,0
DA:219,3
DA:220,3
DA:221,0
DA:224,3
DA:225,6
DA:226,3
DA:227,0
DA:269,0
DA:270,0
DA:271,0
DA:274,0
DA:275,0
DA:276,0
DA:277,0
DA:320,0
DA:321,0
DA:322,0
DA:325,0
DA:326,0
DA:327,0
DA:328,0
DA:370,0
DA:371,0
DA:372,0
DA:375,0
DA:376,0
DA:377,0
DA:378,0
LF:63
LH:19
end_of_record
SF:/usr/local/include/boost/contract/detail/inlined/detail/checking.hpp
FN:20,_ZN5boost8contract6detail8checking13init_unlockedEv
FN:23,_ZN5boost8contract6detail8checking11init_lockedEv
FN:29,_ZN5boost8contract6detail8checking13done_unlockedEv
FN:32,_ZN5boost8contract6detail8checking11done_lockedEv
FN:38,_ZN5boost8contract6detail8checking16already_unlockedEv
FN:41,_ZN5boost8contract6detail8checking14already_lockedEv
FNDA:224,_ZN5boost8contract6detail8checking13init_unlockedEv
FNDA:224,_ZN5boost8contract6detail8checking11init_lockedEv
FNDA:224,_ZN5boost8contract6detail8checking13done_unlockedEv
FNDA:224,_ZN5boost8contract6detail8checking11done_lockedEv
FNDA:224,_ZN5boost8contract6detail8checking16already_unlockedEv
FNDA:224,_ZN5boost8contract6detail8checking14already_lockedEv
FNF:6
FNH:6
DA:20,224
DA:23,224
DA:24,448
DA:25,224
DA:26,224
DA:29,224
DA:32,224
DA:33,448
DA:34,224
DA:35,224
DA:38,224
DA:41,224
DA:42,448
DA:43,448
LF:14
LH:14
end_of_record
SF:/usr/local/include/boost/contract/detail/operation/function.hpp
FN:30,_ZN5boost8contract6detail8functionC2Ev
FN:36,_ZN5boost8contract6detail8function4initEv
FN:59,_ZN5boost8contract6detail8functionD2Ev
FN:59,_ZN5boost8contract6detail8functionD0Ev
FNDA:112,_ZN5boost8contract6detail8functionC2Ev
FNDA:112,_ZN5boost8contract6detail8function4initEv
FNDA:112,_ZN5boost8contract6detail8functionD0Ev
FNDA:112,_ZN5boost8contract6detail8functionD2Ev
FNF:4
FNH:4
DA:30,112
DA:31,112
DA:36,112
DA:38,112
DA:45,224
DA:47,112
DA:51,109
DA:59,336
DA:60,112
DA:62,112
DA:63,224
DA:66,112
DA:68,3
DA:72,109
DA:75,224
LF:15
LH:15
end_of_record
SF:/usr/local/include/boost/contract/detail/static_local_var.hpp
FN:20,_ZN5boost8contract6detail16static_local_varINS0_10exception_21pre_failure_mutex_tagENS_5mutexEE3refEv
FN:20,_ZN5boost8contract6detail16static_local_varINS0_10exception_24except_failure_mutex_tagENS_5mutexEE3refEv
FN:20,_ZN5boost8contract6detail16static_local_varINS0_10exception_22post_failure_mutex_tagENS_5mutexEE3refEv
FN:20,_ZN5boost8contract6detail16static_local_varINS1_8checking9mutex_tagENS_5mutexEE3refEv
FN:20,_ZN5boost8contract6detail16static_local_varINS0_10exception_21old_failure_mutex_tagENS_5mutexEE3refEv
FN:32,_ZN5boost8contract6detail21static_local_var_initINS0_10exception_24post_failure_handler_tagENS_8functionIFvNS0_4fromEEEEPS7_XadL_ZNS3_20default_from_handlerILNS3_11failure_keyE2EEEvS6_EEE3refEv
FN:32,_ZN5boost8contract6detail21static_local_var_initINS1_8checking12checking_tagEbbLb0EE3refEv
FN:32,_ZN5boost8contract6detail21static_local_var_initINS0_10exception_26except_failure_handler_tagENS_8functionIFvNS0_4fromEEEEPS7_XadL_ZNS3_20default_from_handlerILNS3_11failure_keyE3EEEvS6_EEE3refEv
FN:32,_ZN5boost8contract6detail21static_local_var_initINS0_10exception_23old_failure_handler_tagENS_8functionIFvNS0_4fromEEEEPS7_XadL_ZNS3_20default_from_handlerILNS3_11failure_keyE4EEEvS6_EEE3refEv
FN:32,_ZN5boost8contract6detail21static_local_var_initINS0_10exception_23pre_failure_handler_tagENS_8functionIFvNS0_4fromEEEEPS7_XadL_ZNS3_20default_from_handlerILNS3_11failure_keyE1EEEvS6_EEE3refEv
FNDA:672,_ZN5boost8contract6detail16static_local_varINS1_8checking9mutex_tagENS_5mutexEE3refEv
FNDA:0,_ZN5boost8contract6detail16static_local_varINS0_10exception_21old_failure_mutex_tagENS_5mutexEE3refEv
FNDA:0,_ZN5boost8contract6detail16static_local_varINS0_10exception_24except_failure_mutex_tagENS_5mutexEE3refEv
FNDA:0,_ZN5boost8contract6detail16static_local_varINS0_10exception_22post_failure_mutex_tagENS_5mutexEE3refEv
FNDA:0,_ZN5boost8contract6detail16static_local_varINS0_10exception_21pre_failure_mutex_tagENS_5mutexEE3refEv
FNDA:672,_ZN5boost8contract6detail21static_local_var_initINS1_8checking12checking_tagEbbLb0EE3refEv
FNDA:0,_ZN5boost8contract6detail21static_local_var_initINS0_10exception_23old_failure_handler_tagENS_8functionIFvNS0_4fromEEEEPS7_XadL_ZNS3_20default_from_handlerILNS3_11failure_keyE4EEEvS6_EEE3refEv
FNDA:0,_ZN5boost8contract6detail21static_local_var_initINS0_10exception_26except_failure_handler_tagENS_8functionIFvNS0_4fromEEEEPS7_XadL_ZNS3_20default_from_handlerILNS3_11failure_keyE3EEEvS6_EEE3refEv
FNDA:0,_ZN5boost8contract6detail21static_local_var_initINS0_10exception_24post_failure_handler_tagENS_8functionIFvNS0_4fromEEEEPS7_XadL_ZNS3_20default_from_handlerILNS3_11failure_keyE2EEEvS6_EEE3refEv
FNDA:0,_ZN5boost8contract6detail21static_local_var_initINS0_10exception_23pre_failure_handler_tagENS_8functionIFvNS0_4fromEEEEPS7_XadL_ZNS3_20default_from_handlerILNS3_11failure_keyE1EEEvS6_EEE3refEv
FNF:10
FNH:2
DA:20,672
DA:21,672
DA:22,672
DA:32,672
DA:33,0
DA:34,672
LF:6
LH:5
end_of_record
SF:/usr/local/include/boost/contract/function.hpp
DA:80,112
LF:1
LH:1
end_of_record
SF:/usr/local/include/boost/core/addressof.hpp
FN:38,_ZN5boost9addressofIZN35NumberTheoryCalculatorWithContracts3divEiiEUlvE_EEPT_RS3_
FN:38,_ZN5boost9addressofIZN35NumberTheoryCalculatorWithContracts3mcdEiiEUlvE_EEPT_RS3_
FNDA:20,_ZN5boost9addressofIZN35NumberTheoryCalculatorWithContracts3mcdEiiEUlvE_EEPT_RS3_
FNDA:92,_ZN5boost9addressofIZN35NumberTheoryCalculatorWithContracts3divEiiEUlvE_EEPT_RS3_
FNF:2
FNH:2
DA:38,112
DA:40,112
LF:2
LH:2
end_of_record
SF:/usr/local/include/boost/core/checked_delete.hpp
FN:29,_ZN5boost14checked_deleteINS_16exception_detail15error_info_baseEEEvPT_
FNDA:0,_ZN5boost14checked_deleteINS_16exception_detail15error_info_baseEEEvPT_
FNF:1
FNH:0
DA:29,0
DA:34,0
DA:35,0
LF:3
LH:0
end_of_record
SF:/usr/local/include/boost/core/demangle.hpp
FN:59,_ZN5boost4core21scoped_demangled_nameC2EPKc
FN:64,_ZN5boost4core21scoped_demangled_nameD2Ev
FN:69,_ZNK5boost4core21scoped_demangled_name3getEv
FN:81,_ZN5boost4core14demangle_allocEPKc
FN:88,_ZN5boost4core13demangle_freeEPKc
FN:93,_ZN5boost4core8demangleB5cxx11EPKc
FNDA:0,_ZN5boost4core21scoped_demangled_nameC2EPKc
FNDA:0,_ZN5boost4core21scoped_demangled_nameD2Ev
FNDA:0,_ZNK5boost4core21scoped_demangled_name3getEv
FNDA:0,_ZN5boost4core14demangle_allocEPKc
FNDA:0,_ZN5boost4core13demangle_freeEPKc
FNDA:0,_ZN5boost4core8demangleB5cxx11EPKc
FNF:6
FNH:0
DA:59,0
DA:60,0
DA:62,0
DA:64,0
DA:65,0
DA:66,0
DA:67,0
DA:69,0
DA:71,0
DA:81,0
DA:83,0
DA:84,0
DA:85,0
DA:88,0
DA:90,0
DA:91,0
DA:93,0
DA:95,0
DA:96,0
DA:97,0
DA:98,0
DA:99,0
LF:22
LH:0
end_of_record
SF:/usr/local/include/boost/exception/current_exception_cast.hpp
FN:21,_ZN5boost22current_exception_castIKSt9exceptionEEPT_v
FN:21,_ZN5boost22current_exception_castIKNS_9exceptionEEEPT_v
FNDA:0,_ZN5boost22current_exception_castIKSt9exceptionEEPT_v
FNDA:0,_ZN5boost22current_exception_castIKNS_9exceptionEEEPT_v
FNF:2
FNH:0
DA:21,0
DA:25,0
DA:27,0
DA:28,0
DA:30,0
DA:32,0
DA:35,0
LF:7
LH:0
end_of_record
SF:/usr/local/include/boost/exception/detail/type_info.hpp
FN:58,_ZN5boost16exception_detail10type_info_C2ERKSt9type_info
FN:65,_ZN5boost16exception_detailltERKNS0_10type_info_ES3_
FNDA:0,_ZN5boost16exception_detail10type_info_C2ERKSt9type_info
FNDA:0,_ZN5boost16exception_detailltERKNS0_10type_info_ES3_
FNF:2
FNH:0
DA:58,0
DA:59,0
DA:61,0
DA:65,0
DA:67,0
LF:5
LH:0
end_of_record
SF:/usr/local/include/boost/exception/diagnostic_information.hpp
FN:42,_ZN5boost40current_exception_diagnostic_informationB5cxx11Eb
FN:90,_ZN5boost16exception_detail26get_diagnostic_informationERKNS_9exceptionEPKc
FN:113,_ZN5boost16exception_detail27diagnostic_information_implB5cxx11EPKNS_9exceptionEPKSt9exceptionbb
FNDA:0,_ZN5boost40current_exception_diagnostic_informationB5cxx11Eb
FNDA:0,_ZN5boost16exception_detail26get_diagnostic_informationERKNS_9exceptionEPKc
FNDA:0,_ZN5boost16exception_detail27diagnostic_information_implB5cxx11EPKNS_9exceptionEPKSt9exceptionbb
FNF:3
FNH:0
DA:42,0
DA:44,0
DA:45,0
DA:46,0
DA:47,0
DA:49,0
DA:90,0
DA:96,0
DA:97,0
DA:98,0
DA:99,0
DA:100,0
DA:101,0
DA:104,0
DA:106,0
DA:113,0
DA:115,0
DA:116,0
DA:118,0
DA:119,0
DA:120,0
DA:121,0
DA:123,0
DA:124,0
DA:126,0
DA:127,0
DA:128,0
DA:130,0
DA:131,0
DA:133,0
DA:134,0
DA:135,0
DA:136,0
DA:137,0
DA:140,0
DA:142,0
DA:143,0
DA:144,0
DA:146,0
DA:147,0
DA:148,0
DA:150,0
DA:151,0
DA:155,0
DA:156,0
DA:157,0
DA:159,0
DA:160,0
DA:161,0
DA:162,0
DA:163,0
DA:164,0
DA:165,0
LF:53
LH:0
end_of_record
SF:/usr/local/include/boost/exception/exception.hpp
FN:35,_ZN5boost16exception_detail12refcount_ptrINS0_20error_info_containerEEC2Ev
FN:40,_ZN5boost16exception_detail12refcount_ptrINS0_20error_info_containerEED2Ev
FN:45,_ZN5boost16exception_detail12refcount_ptrINS0_20error_info_containerEEC2ERKS3_
FN:52,_ZN5boost16exception_detail12refcount_ptrINS0_20error_info_containerEEaSERKS3_
FN:59,_ZN5boost16exception_detail12refcount_ptrINS0_20error_info_containerEE5adoptEPS2_
FN:67,_ZNK5boost16exception_detail12refcount_ptrINS0_20error_info_containerEE3getEv
FN:77,_ZN5boost16exception_detail12refcount_ptrINS0_20error_info_containerEE7add_refEv
FN:84,_ZN5boost16exception_detail12refcount_ptrINS0_20error_info_containerEE7releaseEv
FN:162,_ZN5boost16exception_detail20error_info_containerC2Ev
FN:173,_ZN5boost16exception_detail20error_info_containerD2Ev
FN:225,_ZN5boost9exceptionC2ERKS0_
FN:235,_ZN5boost9exceptionC2Ev
FN:303,_ZN5boost9exceptionD2Ev
FN:303,_ZN5boost9exceptionD0Ev
FN:348,_ZN5boost16exception_detail19error_info_injectorINS_10lock_errorEEC2ERKS3_
FN:348,_ZN5boost16exception_detail19error_info_injectorINS_21thread_resource_errorEEC2ERKS3_
FN:348,_ZN5boost16exception_detail19error_info_injectorINS_17bad_function_callEEC2ERKS3_
FN:353,_ZN5boost16exception_detail19error_info_injectorINS_10lock_errorEEC2ERKS2_
FN:353,_ZN5boost16exception_detail19error_info_injectorINS_17bad_function_callEEC2ERKS2_
FN:353,_ZN5boost16exception_detail19error_info_injectorINS_21thread_resource_errorEEC2ERKS2_
FN:358,_ZN5boost16exception_detail19error_info_injectorINS_21thread_resource_errorEED2Ev
FN:358,_ZN5boost16exception_detail19error_info_injectorINS_10lock_errorEED0Ev
FN:358,_ZN5boost16exception_detail19error_info_injectorINS_17bad_function_callEED2Ev
FN:358,_ZN5boost16exception_detail19error_info_injectorINS_10lock_errorEED2Ev
FN:358,_ZN5boost16exception_detail19error_info_injectorINS_17bad_function_callEED0Ev
FN:358,_ZN5boost16exception_detail19error_info_injectorINS_21thread_resource_errorEED0Ev
FN:403,_ZN5boost17enable_error_infoINS_21thread_resource_errorEEENS_16exception_detail29enable_error_info_return_typeIT_E4typeERKS4_
FN:403,_ZN5boost17enable_error_infoINS_10lock_errorEEENS_16exception_detail29enable_error_info_return_typeIT_E4typeERKS4_
FN:403,_ZN5boost17enable_error_infoINS_17bad_function_callEEENS_16exception_detail29enable_error_info_return_typeIT_E4typeERKS4_
FN:420,_ZN5boost16exception_detail10clone_baseC2ERKS1_
FN:420,_ZN5boost16exception_detail10clone_baseC2Ev
FN:428,_ZN5boost16exception_detail10clone_baseD0Ev
FN:428,_ZN5boost16exception_detail10clone_baseD2Ev
FN:440,_ZN5boost16exception_detail20copy_boost_exceptionEPNS_9exceptionEPKS1_
FN:464,_ZN5boost16exception_detail10clone_implINS0_19error_info_injectorINS_10lock_errorEEEEC1ERKS5_
FN:464,_ZN5boost16exception_detail10clone_implINS0_19error_info_injectorINS_17bad_function_callEEEEC1ERKS5_
FN:464,_ZN5boost16exception_detail10clone_implINS0_19error_info_injectorINS_21thread_resource_errorEEEEC1ERKS5_
FN:469,_ZN5boost16exception_detail10clone_implINS0_19error_info_injectorINS_17bad_function_callEEEEC1ERKS5_NS5_9clone_tagE
FN:469,_ZN5boost16exception_detail10clone_implINS0_19error_info_injectorINS_21thread_resource_errorEEEEC1ERKS5_NS5_9clone_tagE
FN:469,_ZN5boost16exception_detail10clone_implINS0_19error_info_injectorINS_10lock_errorEEEEC1ERKS5_NS5_9clone_tagE
FN:478,_ZN5boost16exception_detail10clone_implINS0_19error_info_injectorINS_21thread_resource_errorEEEEC1ERKS4_
FN:478,_ZN5boost16exception_detail10clone_implINS0_19error_info_injectorINS_17bad_function_callEEEEC1ERKS4_
FN:478,_ZN5boost16exception_detail10clone_implINS0_19error_info_injectorINS_10lock_errorEEEEC1ERKS4_
FN:484,_ZN5boost16exception_detail10clone_implINS0_19error_info_injectorINS_10lock_errorEEEED0Ev
FN:484,_ZN5boost16exception_detail10clone_implINS0_19error_info_injectorINS_21thread_resource_errorEEEED0Ev
FN:484,_ZN5boost16exception_detail10clone_implINS0_19error_info_injectorINS_17bad_function_callEEEED0Ev
FN:484,_ZN5boost16exception_detail10clone_implINS0_19error_info_injectorINS_17bad_function_callEEEED1Ev
FN:484,_ZN5boost16exception_detail10clone_implINS0_19error_info_injectorINS_10lock_errorEEEED1Ev
FN:484,_ZN5boost16exception_detail10clone_implINS0_19error_info_injectorINS_21thread_resource_errorEEEED1Ev
FN:491,_ZNK5boost16exception_detail10clone_implINS0_19error_info_injectorINS_21thread_resource_errorEEEE5cloneEv
FN:491,_ZNK5boost16exception_detail10clone_implINS0_19error_info_injectorINS_17bad_function_callEEEE5cloneEv
FN:491,_ZNK5boost16exception_detail10clone_implINS0_19error_info_injectorINS_10lock_errorEEEE5cloneEv
FN:497,_ZNK5boost16exception_detail10clone_implINS0_19error_info_injectorINS_10lock_errorEEEE7rethrowEv
FN:497,_ZNK5boost16exception_detail10clone_implINS0_19error_info_injectorINS_21thread_resource_errorEEEE7rethrowEv
FN:497,_ZNK5boost16exception_detail10clone_implINS0_19error_info_injectorINS_17bad_function_callEEEE7rethrowEv
FN:512,_ZN5boost24enable_current_exceptionINS_16exception_detail19error_info_injectorINS_10lock_errorEEEEENS1_10clone_implIT_EERKS6_
FN:512,_ZN5boost24enable_current_exceptionINS_16exception_detail19error_info_injectorINS_21thread_resource_errorEEEEENS1_10clone_implIT_EERKS6_
FN:512,_ZN5boost24enable_current_exceptionINS_16exception_detail19error_info_injectorINS_17bad_function_callEEEEENS1_10clone_implIT_EERKS6_
FNDA:0,_ZN5boost16exception_detail12refcount_ptrINS0_20error_info_containerEEC2Ev
FNDA:0,_ZN5boost16exception_detail12refcount_ptrINS0_20error_info_containerEED2Ev
FNDA:0,_ZN5boost16exception_detail12refcount_ptrINS0_20error_info_containerEEC2ERKS3_
FNDA:0,_ZN5boost16exception_detail12refcount_ptrINS0_20error_info_containerEEaSERKS3_
FNDA:0,_ZN5boost16exception_detail12refcount_ptrINS0_20error_info_containerEE5adoptEPS2_
FNDA:0,_ZNK5boost16exception_detail12refcount_ptrINS0_20error_info_containerEE3getEv
FNDA:0,_ZN5boost16exception_detail12refcount_ptrINS0_20error_info_containerEE7add_refEv
FNDA:0,_ZN5boost16exception_detail12refcount_ptrINS0_20error_info_containerEE7releaseEv
FNDA:0,_ZN5boost16exception_detail20error_info_containerC2Ev
FNDA:0,_ZN5boost16exception_detail20error_info_containerD2Ev
FNDA:0,_ZN5boost9exceptionC2ERKS0_
FNDA:0,_ZN5boost9exceptionC2Ev
FNDA:0,_ZN5boost9exceptionD0Ev
FNDA:0,_ZN5boost9exceptionD2Ev
FNDA:0,_ZN5boost16exception_detail19error_info_injectorINS_17bad_function_callEEC2ERKS3_
FNDA:0,_ZN5boost16exception_detail19error_info_injectorINS_10lock_errorEEC2ERKS3_
FNDA:0,_ZN5boost16exception_detail19error_info_injectorINS_21thread_resource_errorEEC2ERKS3_
FNDA:0,_ZN5boost16exception_detail19error_info_injectorINS_17bad_function_callEEC2ERKS2_
FNDA:0,_ZN5boost16exception_detail19error_info_injectorINS_10lock_errorEEC2ERKS2_
FNDA:0,_ZN5boost16exception_detail19error_info_injectorINS_21thread_resource_errorEEC2ERKS2_
FNDA:0,_ZN5boost16exception_detail19error_info_injectorINS_17bad_function_callEED0Ev
FNDA:0,_ZN5boost16exception_detail19error_info_injectorINS_17bad_function_callEED2Ev
FNDA:0,_ZN5boost16exception_detail19error_info_injectorINS_10lock_errorEED0Ev
FNDA:0,_ZN5boost16exception_detail19error_info_injectorINS_10lock_errorEED2Ev
FNDA:0,_ZN5boost16exception_detail19error_info_injectorINS_21thread_resource_errorEED0Ev
FNDA:0,_ZN5boost16exception_detail19error_info_injectorINS_21thread_resource_errorEED2Ev
FNDA:0,_ZN5boost17enable_error_infoINS_17bad_function_callEEENS_16exception_detail29enable_error_info_return_typeIT_E4typeERKS4_
FNDA:0,_ZN5boost17enable_error_infoINS_10lock_errorEEENS_16exception_detail29enable_error_info_return_typeIT_E4typeERKS4_
FNDA:0,_ZN5boost17enable_error_infoINS_21thread_resource_errorEEENS_16exception_detail29enable_error_info_return_typeIT_E4typeERKS4_
FNDA:0,_ZN5boost16exception_detail10clone_baseC2Ev
FNDA:0,_ZN5boost16exception_detail10clone_baseC2ERKS1_
FNDA:0,_ZN5boost16exception_detail10clone_baseD0Ev
FNDA:0,_ZN5boost16exception_detail10clone_baseD2Ev
FNDA:0,_ZN5boost16exception_detail20copy_boost_exceptionEPNS_9exceptionEPKS1_
FNDA:0,_ZN5boost16exception_detail10clone_implINS0_19error_info_injectorINS_17bad_function_callEEEEC1ERKS5_
FNDA:0,_ZN5boost16exception_detail10clone_implINS0_19error_info_injectorINS_10lock_errorEEEEC1ERKS5_
FNDA:0,_ZN5boost16exception_detail10clone_implINS0_19error_info_injectorINS_21thread_resource_errorEEEEC1ERKS5_
FNDA:0,_ZN5boost16exception_detail10clone_implINS0_19error_info_injectorINS_21thread_resource_errorEEEEC1ERKS5_NS5_9clone_tagE
FNDA:0,_ZN5boost16exception_detail10clone_implINS0_19error_info_injectorINS_10lock_errorEEEEC1ERKS5_NS5_9clone_tagE
FNDA:0,_ZN5boost16exception_detail10clone_implINS0_19error_info_injectorINS_17bad_function_callEEEEC1ERKS5_NS5_9clone_tagE
FNDA:0,_ZN5boost16exception_detail10clone_implINS0_19error_info_injectorINS_17bad_function_callEEEEC1ERKS4_
FNDA:0,_ZN5boost16exception_detail10clone_implINS0_19error_info_injectorINS_10lock_errorEEEEC1ERKS4_
FNDA:0,_ZN5boost16exception_detail10clone_implINS0_19error_info_injectorINS_21thread_resource_errorEEEEC1ERKS4_
FNDA:0,_ZN5boost16exception_detail10clone_implINS0_19error_info_injectorINS_17bad_function_callEEEED0Ev
FNDA:0,_ZN5boost16exception_detail10clone_implINS0_19error_info_injectorINS_17bad_function_callEEEED1Ev
FNDA:0,_ZN5boost16exception_detail10clone_implINS0_19error_info_injectorINS_10lock_errorEEEED0Ev
FNDA:0,_ZN5boost16exception_detail10clone_implINS0_19error_info_injectorINS_10lock_errorEEEED1Ev
FNDA:0,_ZN5boost16exception_detail10clone_implINS0_19error_info_injectorINS_21thread_resource_errorEEEED0Ev
FNDA:0,_ZN5boost16exception_detail10clone_implINS0_19error_info_injectorINS_21thread_resource_errorEEEED1Ev
FNDA:0,_ZNK5boost16exception_detail10clone_implINS0_19error_info_injectorINS_21thread_resource_errorEEEE5cloneEv
FNDA:0,_ZNK5boost16exception_detail10clone_implINS0_19error_info_injectorINS_10lock_errorEEEE5cloneEv
FNDA:0,_ZNK5boost16exception_detail10clone_implINS0_19error_info_injectorINS_17bad_function_callEEEE5cloneEv
FNDA:0,_ZNK5boost16exception_detail10clone_implINS0_19error_info_injectorINS_21thread_resource_errorEEEE7rethrowEv
FNDA:0,_ZNK5boost16exception_detail10clone_implINS0_19error_info_injectorINS_10lock_errorEEEE7rethrowEv
FNDA:0,_ZNK5boost16exception_detail10clone_implINS0_19error_info_injectorINS_17bad_function_callEEEE7rethrowEv
FNDA:0,_ZN5boost24enable_current_exceptionINS_16exception_detail19error_info_injectorINS_17bad_function_callEEEEENS1_10clone_implIT_EERKS6_
FNDA:0,_ZN5boost24enable_current_exceptionINS_16exception_detail19error_info_injectorINS_10lock_errorEEEEENS1_10clone_implIT_EERKS6_
FNDA:0,_ZN5boost24enable_current_exceptionINS_16exception_detail19error_info_injectorINS_21thread_resource_errorEEEEENS1_10clone_implIT_EERKS6_
FNF:58
FNH:0
DA:35,0
DA:36,0
DA:38,0
DA:40,0
DA:42,0
DA:43,0
DA:45,0
DA:46,0
DA:48,0
DA:49,0
DA:52,0
DA:54,0
DA:55,0
DA:59,0
DA:61,0
DA:62,0
DA:63,0
DA:64,0
DA:67,0
DA:69,0
DA:77,0
DA:79,0
DA:80,0
DA:81,0
DA:84,0
DA:86,0
DA:87,0
DA:88,0
DA:162,0
DA:173,0
DA:174,0
DA:175,0
DA:225,0
DA:235,0
DA:238,0
DA:240,0
DA:303,0
DA:304,0
DA:306,0
DA:348,0
DA:353,0
DA:354,0
DA:356,0
DA:358,0
DA:360,0
DA:403,0
DA:406,0
DA:420,0
DA:428,0
DA:429,0
DA:430,0
DA:440,0
DA:442,0
DA:443,0
DA:444,0
DA:445,0
DA:446,0
DA:447,0
DA:448,0
DA:449,0
DA:464,0
DA:469,0
DA:470,0
DA:472,0
DA:473,0
DA:478,0
DA:479,0
DA:481,0
DA:482,0
DA:484,0
DA:486,0
DA:491,0
DA:493,0
DA:497,0
DA:499,0
DA:512,0
DA:514,0
LF:77
LH:0
end_of_record
SF:/usr/local/include/boost/exception/get_error_info.hpp
FN:56,_ZN5boost16exception_detail8get_infoINS_10error_infoINS_15throw_function_EPKcEEE3getERKNS_9exceptionE
FN:68,_ZN5boost16exception_detail8get_infoINS_10error_infoINS_11throw_file_EPKcEEE3getERKNS_9exceptionE
FN:80,_ZN5boost16exception_detail8get_infoINS_10error_infoINS_11throw_line_EiEEE3getERKNS_9exceptionE
FN:120,_ZN5boost14get_error_infoINS_10error_infoINS_11throw_file_EPKcEEKNS_9exceptionEEENS_16exception_detail26get_error_info_return_typeIT0_NT_10value_typeEE4typeERSA_
FN:120,_ZN5boost14get_error_infoINS_10error_infoINS_11throw_line_EiEEKNS_9exceptionEEENS_16exception_detail26get_error_info_return_typeIT0_NT_10value_typeEE4typeERS8_
FN:120,_ZN5boost14get_error_infoINS_10error_infoINS_15throw_function_EPKcEEKNS_9exceptionEEENS_16exception_detail26get_error_info_return_typeIT0_NT_10value_typeEE4typeERSA_
FNDA:0,_ZN5boost16exception_detail8get_infoINS_10error_infoINS_15throw_function_EPKcEEE3getERKNS_9exceptionE
FNDA:0,_ZN5boost16exception_detail8get_infoINS_10error_infoINS_11throw_file_EPKcEEE3getERKNS_9exceptionE
FNDA:0,_ZN5boost16exception_detail8get_infoINS_10error_infoINS_11throw_line_EiEEE3getERKNS_9exceptionE
[...]
FNDA:18,_ZNK5boost9unit_test17lazy_ostream_implINS1_INS0_12lazy_ostreamEA1_cRA1_KcEEA3_cRA3_S4_EclERSo
FNDA:18,_ZNK5boost9unit_test17lazy_ostream_implINS1_INS1_INS0_12lazy_ostreamEA1_cRA1_KcEEA3_cRA3_S4_EEA4_cRA4_S4_EclERSo
FNDA:18,_ZNK5boost9unit_test17lazy_ostream_implINS1_INS1_INS1_INS0_12lazy_ostreamEA1_cRA1_KcEEA3_cRA3_S4_EEA4_cRA4_S4_EENS_10test_tools9tt_detail14print_helper_tIiEERKSJ_EclERSo
FNDA:18,_ZNK5boost9unit_test17lazy_ostream_implINS1_INS1_INS1_INS1_INS0_12lazy_ostreamEA1_cRA1_KcEEA3_cRA3_S4_EEA4_cRA4_S4_EENS_10test_tools9tt_detail14print_helper_tIiEERKSJ_EES8_SA_EclERSo
FNDA:18,_ZNK5boost9unit_test17lazy_ostream_implINS1_INS1_INS1_INS1_INS1_INS0_12lazy_ostreamEA1_cRA1_KcEEA3_cRA3_S4_EEA4_cRA4_S4_EENS_10test_tools9tt_detail14print_helper_tIiEERKSJ_EES8_SA_EES8_SA_EclERSo
FNDA:18,_ZNK5boost9unit_test17lazy_ostream_implINS1_INS1_INS1_INS1_INS1_INS1_INS0_12lazy_ostreamEA1_cRA1_KcEEA3_cRA3_S4_EEA4_cRA4_S4_EENS_10test_tools9tt_detail14print_helper_tIiEERKSJ_EES8_SA_EES8_SA_EESC_SE_EclERSo
FNDA:18,_ZNK5boost9unit_test17lazy_ostream_implINS1_INS1_INS1_INS1_INS1_INS1_INS1_INS0_12lazy_ostreamEA1_cRA1_KcEEA3_cRA3_S4_EEA4_cRA4_S4_EENS_10test_tools9tt_detail14print_helper_tIiEERKSJ_EES8_SA_EES8_SA_EESC_SE_EESJ_SL_EclERSo
FNDA:18,_ZNK5boost9unit_test17lazy_ostream_implINS1_INS1_INS1_INS1_INS1_INS1_INS1_INS1_INS0_12lazy_ostreamEA1_cRA1_KcEEA3_cRA3_S4_EEA4_cRA4_S4_EENS_10test_tools9tt_detail14print_helper_tIiEERKSJ_EES8_SA_EES8_SA_EESC_SE_EESJ_SL_EES8_SA_EclERSo
FNDA:6,_ZNK5boost9unit_test17lazy_ostream_implINS1_INS1_INS0_12lazy_ostreamEA1_cRA1_KcEEA10_cRA10_S4_EEA4_cRA4_S4_EclERSo
FNDA:6,_ZNK5boost9unit_test17lazy_ostream_implINS1_INS1_INS1_INS0_12lazy_ostreamEA1_cRA1_KcEEA10_cRA10_S4_EEA4_cRA4_S4_EENS_10test_tools9tt_detail14print_helper_tIiEERKSJ_EclERSo
FNDA:6,_ZNK5boost9unit_test17lazy_ostream_implINS1_INS1_INS1_INS1_INS0_12lazy_ostreamEA1_cRA1_KcEEA10_cRA10_S4_EEA4_cRA4_S4_EENS_10test_tools9tt_detail14print_helper_tIiEERKSJ_EEA3_cRA3_S4_EclERSo
FNDA:6,_ZNK5boost9unit_test17lazy_ostream_implINS1_INS1_INS1_INS1_INS1_INS0_12lazy_ostreamEA1_cRA1_KcEEA10_cRA10_S4_EEA4_cRA4_S4_EENS_10test_tools9tt_detail14print_helper_tIiEERKSJ_EEA3_cRA3_S4_EEA8_cRA8_S4_EclERSo
FNDA:6,_ZNK5boost9unit_test17lazy_ostream_implINS1_INS1_INS1_INS1_INS1_INS1_INS0_12lazy_ostreamEA1_cRA1_KcEEA10_cRA10_S4_EEA4_cRA4_S4_EENS_10test_tools9tt_detail14print_helper_tIiEERKSJ_EEA3_cRA3_S4_EEA8_cRA8_S4_EESC_SE_EclERSo
FNDA:6,_ZNK5boost9unit_test17lazy_ostream_implINS1_INS1_INS1_INS1_INS1_INS1_INS1_INS0_12lazy_ostreamEA1_cRA1_KcEEA10_cRA10_S4_EEA4_cRA4_S4_EENS_10test_tools9tt_detail14print_helper_tIiEERKSJ_EEA3_cRA3_S4_EEA8_cRA8_S4_EESC_SE_EESJ_SL_EclERSo
FNDA:6,_ZNK5boost9unit_test17lazy_ostream_implINS1_INS1_INS1_INS1_INS1_INS1_INS1_INS1_INS0_12lazy_ostreamEA1_cRA1_KcEEA10_cRA10_S4_EEA4_cRA4_S4_EENS_10test_tools9tt_detail14print_helper_tIiEERKSJ_EEA3_cRA3_S4_EEA8_cRA8_S4_EESC_SE_EESJ_SL_EESN_SP_EclERSo
FNDA:3,_ZNK5boost9unit_test17lazy_ostream_implINS1_INS1_INS0_12lazy_ostreamEA1_cRA1_KcEEA7_cRA7_S4_EEA4_cRA4_S4_EclERSo
FNDA:3,_ZNK5boost9unit_test17lazy_ostream_implINS1_INS1_INS1_INS0_12lazy_ostreamEA1_cRA1_KcEEA7_cRA7_S4_EEA4_cRA4_S4_EENS_10test_tools9tt_detail14print_helper_tIiEERKSJ_EclERSo
FNDA:3,_ZNK5boost9unit_test17lazy_ostream_implINS1_INS1_INS1_INS1_INS0_12lazy_ostreamEA1_cRA1_KcEEA7_cRA7_S4_EEA4_cRA4_S4_EENS_10test_tools9tt_detail14print_helper_tIiEERKSJ_EEA3_cRA3_S4_EclERSo
FNDA:3,_ZNK5boost9unit_test17lazy_ostream_implINS1_INS1_INS1_INS1_INS1_INS0_12lazy_ostreamEA1_cRA1_KcEEA7_cRA7_S4_EEA4_cRA4_S4_EENS_10test_tools9tt_detail14print_helper_tIiEERKSJ_EEA3_cRA3_S4_EEA15_cRA15_S4_EclERSo
FNDA:3,_ZNK5boost9unit_test17lazy_ostream_implINS1_INS1_INS1_INS1_INS1_INS1_INS0_12lazy_ostreamEA1_cRA1_KcEEA7_cRA7_S4_EEA4_cRA4_S4_EENS_10test_tools9tt_detail14print_helper_tIiEERKSJ_EEA3_cRA3_S4_EEA15_cRA15_S4_EESC_SE_EclERSo
FNDA:3,_ZNK5boost9unit_test17lazy_ostream_implINS1_INS1_INS1_INS1_INS1_INS1_INS1_INS0_12lazy_ostreamEA1_cRA1_KcEEA7_cRA7_S4_EEA4_cRA4_S4_EENS_10test_tools9tt_detail14print_helper_tIiEERKSJ_EEA3_cRA3_S4_EEA15_cRA15_S4_EESC_SE_EESJ_SL_EclERSo
FNDA:3,_ZNK5boost9unit_test17lazy_ostream_implINS1_INS1_INS1_INS1_INS1_INS1_INS1_INS1_INS0_12lazy_ostreamEA1_cRA1_KcEEA7_cRA7_S4_EEA4_cRA4_S4_EENS_10test_tools9tt_detail14print_helper_tIiEERKSJ_EEA3_cRA3_S4_EEA15_cRA15_S4_EESC_SE_EESJ_SL_EESN_SP_EclERSo
FNDA:0,_ZNK5boost9unit_test17lazy_ostream_implINS0_12lazy_ostreamENS0_13basic_cstringIKcEERKS5_EclERSo
FNDA:0,_ZNK5boost9unit_test17lazy_ostream_implINS0_12lazy_ostreamENS_10test_tools9tt_detail14print_helper_tIiEERKS6_EclERSo
FNDA:0,_ZNK5boost9unit_test17lazy_ostream_implINS0_12lazy_ostreamEA24_cRA24_KcEclERSo
FNDA:0,_ZNK5boost9unit_test17lazy_ostream_implINS0_12lazy_ostreamEA69_cRA69_KcEclERSo
FNDA:0,_ZNK5boost9unit_test17lazy_ostream_implINS0_12lazy_ostreamEA66_cRA66_KcEclERSo
FNDA:18,_ZN5boost9unit_testlsINS_10test_tools9tt_detail14print_helper_tIiEEEENS0_17lazy_ostream_implINS0_12lazy_ostreamET_RKS8_EERKS7_SA_
FNDA:18,_ZN5boost9unit_testlsINS0_13basic_cstringIKcEEEENS0_17lazy_ostream_implINS0_12lazy_ostreamET_RKS7_EERKS6_S9_
FNDA:36,_ZN5boost9unit_testlsIA1_cEENS0_17lazy_ostream_implINS0_12lazy_ostreamET_RKS5_EERKS4_S7_
FNDA:3,_ZN5boost9unit_testlsIA66_cEENS0_17lazy_ostream_implINS0_12lazy_ostreamET_RKS5_EERKS4_S7_
FNDA:0,_ZN5boost9unit_testlsIA69_cEENS0_17lazy_ostream_implINS0_12lazy_ostreamET_RKS5_EERKS4_S7_
FNDA:1,_ZN5boost9unit_testlsIA24_cEENS0_17lazy_ostream_implINS0_12lazy_ostreamET_RKS5_EERKS4_S7_
FNDA:3,_ZN5boost9unit_testlsINS0_17lazy_ostream_implINS2_INS2_INS2_INS2_INS2_INS2_INS0_12lazy_ostreamEA1_cRA1_KcEEA7_cRA7_S5_EEA4_cRA4_S5_EENS_10test_tools9tt_detail14print_helper_tIiEERKSK_EEA3_cRA3_S5_EEA15_cRA15_S5_EESD_SF_EESK_SO_EENS2_INS2_IT_T0_RKSY_EET1_RKS12_EERKS11_S14_
FNDA:3,_ZN5boost9unit_testlsINS0_17lazy_ostream_implINS2_INS2_INS2_INS2_INS2_INS0_12lazy_ostreamEA1_cRA1_KcEEA7_cRA7_S5_EEA4_cRA4_S5_EENS_10test_tools9tt_detail14print_helper_tIiEERKSK_EEA3_cRA3_S5_EEA15_cRA15_S5_EESD_SK_EENS2_INS2_IT_T0_RKSX_EET1_RKS11_EERKS10_S13_
FNDA:3,_ZN5boost9unit_testlsINS0_17lazy_ostream_implINS2_INS2_INS2_INS2_INS0_12lazy_ostreamEA1_cRA1_KcEEA7_cRA7_S5_EEA4_cRA4_S5_EENS_10test_tools9tt_detail14print_helper_tIiEERKSK_EEA3_cRA3_S5_EEA15_cSD_EENS2_INS2_IT_T0_RKSU_EET1_RKSY_EERKSX_S10_
FNDA:3,_ZN5boost9unit_testlsINS0_17lazy_ostream_implINS2_INS2_INS2_INS0_12lazy_ostreamEA1_cRA1_KcEEA7_cRA7_S5_EEA4_cRA4_S5_EENS_10test_tools9tt_detail14print_helper_tIiEERKSK_EEA3_cA15_cEENS2_INS2_IT_T0_RKSR_EET1_RKSV_EERKSU_SX_
FNDA:3,_ZN5boost9unit_testlsINS0_17lazy_ostream_implINS2_INS2_INS0_12lazy_ostreamEA1_cRA1_KcEEA7_cRA7_S5_EEA4_cRA4_S5_EENS_10test_tools9tt_detail14print_helper_tIiEEA3_cEENS2_INS2_IT_T0_RKSN_EET1_RKSR_EERKSQ_ST_
FNDA:3,_ZN5boost9unit_testlsINS0_17lazy_ostream_implINS2_INS0_12lazy_ostreamEA1_cRA1_KcEEA7_cRA7_S5_EEA4_cNS_10test_tools9tt_detail14print_helper_tIiEEEENS2_INS2_IT_T0_RKSJ_EET1_RKSN_EERKSM_SP_
FNDA:3,_ZN5boost9unit_testlsINS0_12lazy_ostreamEA1_cA7_cEENS0_17lazy_ostream_implINS5_IT_T0_RKS7_EET1_RKSB_EERKSA_SD_
FNDA:3,_ZN5boost9unit_testlsINS0_17lazy_ostream_implINS0_12lazy_ostreamEA1_cRA1_KcEEA7_cA4_cEENS2_INS2_IT_T0_RKSC_EET1_RKSG_EERKSF_SI_
FNDA:6,_ZN5boost9unit_testlsINS0_17lazy_ostream_implINS2_INS2_INS2_INS2_INS2_INS2_INS0_12lazy_ostreamEA1_cRA1_KcEEA10_cRA10_S5_EEA4_cRA4_S5_EENS_10test_tools9tt_detail14print_helper_tIiEERKSK_EEA3_cRA3_S5_EEA8_cRA8_S5_EESD_SF_EESK_SO_EENS2_INS2_IT_T0_RKSY_EET1_RKS12_EERKS11_S14_
FNDA:6,_ZN5boost9unit_testlsINS0_17lazy_ostream_implINS2_INS2_INS2_INS2_INS2_INS0_12lazy_ostreamEA1_cRA1_KcEEA10_cRA10_S5_EEA4_cRA4_S5_EENS_10test_tools9tt_detail14print_helper_tIiEERKSK_EEA3_cRA3_S5_EEA8_cRA8_S5_EESD_SK_EENS2_INS2_IT_T0_RKSX_EET1_RKS11_EERKS10_S13_
FNDA:6,_ZN5boost9unit_testlsINS0_17lazy_ostream_implINS2_INS2_INS2_INS2_INS0_12lazy_ostreamEA1_cRA1_KcEEA10_cRA10_S5_EEA4_cRA4_S5_EENS_10test_tools9tt_detail14print_helper_tIiEERKSK_EEA3_cRA3_S5_EEA8_cSD_EENS2_INS2_IT_T0_RKSU_EET1_RKSY_EERKSX_S10_
FNDA:6,_ZN5boost9unit_testlsINS0_17lazy_ostream_implINS2_INS2_INS2_INS0_12lazy_ostreamEA1_cRA1_KcEEA10_cRA10_S5_EEA4_cRA4_S5_EENS_10test_tools9tt_detail14print_helper_tIiEERKSK_EEA3_cA8_cEENS2_INS2_IT_T0_RKSR_EET1_RKSV_EERKSU_SX_
FNDA:6,_ZN5boost9unit_testlsINS0_17lazy_ostream_implINS2_INS2_INS0_12lazy_ostreamEA1_cRA1_KcEEA10_cRA10_S5_EEA4_cRA4_S5_EENS_10test_tools9tt_detail14print_helper_tIiEEA3_cEENS2_INS2_IT_T0_RKSN_EET1_RKSR_EERKSQ_ST_
FNDA:6,_ZN5boost9unit_testlsINS0_17lazy_ostream_implINS2_INS0_12lazy_ostreamEA1_cRA1_KcEEA10_cRA10_S5_EEA4_cNS_10test_tools9tt_detail14print_helper_tIiEEEENS2_INS2_IT_T0_RKSJ_EET1_RKSN_EERKSM_SP_
FNDA:6,_ZN5boost9unit_testlsINS0_12lazy_ostreamEA1_cA10_cEENS0_17lazy_ostream_implINS5_IT_T0_RKS7_EET1_RKSB_EERKSA_SD_
FNDA:6,_ZN5boost9unit_testlsINS0_17lazy_ostream_implINS0_12lazy_ostreamEA1_cRA1_KcEEA10_cA4_cEENS2_INS2_IT_T0_RKSC_EET1_RKSG_EERKSF_SI_
FNDA:18,_ZN5boost9unit_testlsINS0_17lazy_ostream_implINS2_INS2_INS2_INS2_INS2_INS2_INS0_12lazy_ostreamEA1_cRA1_KcEEA3_cRA3_S5_EEA4_cRA4_S5_EENS_10test_tools9tt_detail14print_helper_tIiEERKSK_EES9_SB_EES9_SB_EESD_SF_EESK_S9_EENS2_INS2_IT_T0_RKSS_EET1_RKSW_EERKSV_SY_
FNDA:18,_ZN5boost9unit_testlsINS0_17lazy_ostream_implINS2_INS2_INS2_INS2_INS2_INS0_12lazy_ostreamEA1_cRA1_KcEEA3_cRA3_S5_EEA4_cRA4_S5_EENS_10test_tools9tt_detail14print_helper_tIiEERKSK_EES9_SB_EES9_SB_EESD_SK_EENS2_INS2_IT_T0_RKSR_EET1_RKSV_EERKSU_SX_
FNDA:18,_ZN5boost9unit_testlsINS0_17lazy_ostream_implINS2_INS2_INS2_INS2_INS0_12lazy_ostreamEA1_cRA1_KcEEA3_cRA3_S5_EEA4_cRA4_S5_EENS_10test_tools9tt_detail14print_helper_tIiEERKSK_EES9_SB_EES9_SD_EENS2_INS2_IT_T0_RKSQ_EET1_RKSU_EERKST_SW_
FNDA:18,_ZN5boost9unit_testlsINS0_17lazy_ostream_implINS2_INS2_INS2_INS0_12lazy_ostreamEA1_cRA1_KcEEA3_cRA3_S5_EEA4_cRA4_S5_EENS_10test_tools9tt_detail14print_helper_tIiEERKSK_EES9_S9_EENS2_INS2_IT_T0_RKSP_EET1_RKST_EERKSS_SV_
FNDA:18,_ZN5boost9unit_testlsINS0_17lazy_ostream_implINS2_INS2_INS0_12lazy_ostreamEA1_cRA1_KcEEA3_cRA3_S5_EEA4_cRA4_S5_EENS_10test_tools9tt_detail14print_helper_tIiEES9_EENS2_INS2_IT_T0_RKSM_EET1_RKSQ_EERKSP_SS_
FNDA:18,_ZN5boost9unit_testlsINS0_17lazy_ostream_implINS2_INS0_12lazy_ostreamEA1_cRA1_KcEEA3_cRA3_S5_EEA4_cNS_10test_tools9tt_detail14print_helper_tIiEEEENS2_INS2_IT_T0_RKSJ_EET1_RKSN_EERKSM_SP_
FNDA:18,_ZN5boost9unit_testlsINS0_12lazy_ostreamEA1_cA3_cEENS0_17lazy_ostream_implINS5_IT_T0_RKS7_EET1_RKSB_EERKSA_SD_
FNDA:18,_ZN5boost9unit_testlsINS0_17lazy_ostream_implINS0_12lazy_ostreamEA1_cRA1_KcEEA3_cA4_cEENS2_INS2_IT_T0_RKSC_EET1_RKSG_EERKSF_SI_
FNF:155
FNH:116
DA:33,293
DA:35,76
DA:43,27
DA:45,293
DA:55,292
DA:57,292
DA:60,292
DA:62,292
DA:64,243
DA:66,243
DA:78,76
DA:80,76
DA:87,216
DA:90,216
LF:14
LH:14
end_of_record
SF:/usr/local/include/boost/test/utils/named_params.hpp
FN:233,_ZN5boost3nfp15named_parameterIcNS0_16no_params_type_tEcEC2Ec
FNDA:1,_ZN5boost3nfp15named_parameterIcNS0_16no_params_type_tEcEC2Ec
FNF:1
FNH:1
DA:233,1
DA:235,1
DA:236,1
DA:276,1
LF:4
LH:4
end_of_record
SF:/usr/local/include/boost/test/utils/string_cast.hpp
FN:38,_ZN5boost9unit_test5utils11string_castImEENSt7__cxx1112basic_stringIcSt11char_traitsIcESaIcEEERKT_
FNDA:27,_ZN5boost9unit_test5utils11string_castImEENSt7__cxx1112basic_stringIcSt11char_traitsIcESaIcEEERKT_
FNF:1
FNH:1
DA:38,27
DA:40,54
DA:41,27
DA:42,54
LF:4
LH:4
end_of_record
SF:/usr/local/include/boost/test/utils/trivial_singleton.hpp
FN:37,_ZN5boost9unit_test9singletonINS0_15unit_test_log_tEE8instanceEv
FN:37,_ZN5boost9unit_test9singletonINS0_9decorator9collectorEE8instanceEv
FNDA:12,_ZN5boost9unit_test9singletonINS0_9decorator9collectorEE8instanceEv
FNDA:1,_ZN5boost9unit_test9singletonINS0_15unit_test_log_tEE8instanceEv
FNF:2
FNH:2
DA:37,13
LF:1
LH:1
end_of_record
SF:/usr/local/include/boost/test/utils/wrap_stringstream.hpp
FN:40,_ZN5boost23basic_wrap_stringstreamIcED2Ev
FN:40,_ZN5boost23basic_wrap_stringstreamIcEC2Ev
FN:64,_ZN5boostlsIcA15_cEERNS_23basic_wrap_stringstreamIT_EES5_RKT0_
FN:64,_ZN5boostlsIcA13_cEERNS_23basic_wrap_stringstreamIT_EES5_RKT0_
FN:64,_ZN5boostlsIcA9_cEERNS_23basic_wrap_stringstreamIT_EES5_RKT0_
FN:64,_ZN5boostlsIcA17_cEERNS_23basic_wrap_stringstreamIT_EES5_RKT0_
FN:64,_ZN5boostlsIcA19_cEERNS_23basic_wrap_stringstreamIT_EES5_RKT0_
FN:64,_ZN5boostlsIcA33_cEERNS_23basic_wrap_stringstreamIT_EES5_RKT0_
FN:64,_ZN5boostlsIcA22_cEERNS_23basic_wrap_stringstreamIT_EES5_RKT0_
FN:64,_ZN5boostlsIcA16_cEERNS_23basic_wrap_stringstreamIT_EES5_RKT0_
FN:64,_ZN5boostlsIcA23_cEERNS_23basic_wrap_stringstreamIT_EES5_RKT0_
FN:64,_ZN5boostlsIccEERNS_23basic_wrap_stringstreamIT_EES4_RKT0_
FN:64,_ZN5boostlsIcA8_cEERNS_23basic_wrap_stringstreamIT_EES5_RKT0_
FN:74,_ZN5boost23basic_wrap_stringstreamIcE6streamB5cxx11Ev
FN:83,_ZN5boost23basic_wrap_stringstreamIcE3refEv
FN:92,_ZN5boost23basic_wrap_stringstreamIcE3strB5cxx11Ev
FNDA:96,_ZN5boost23basic_wrap_stringstreamIcED2Ev
FNDA:96,_ZN5boost23basic_wrap_stringstreamIcEC2Ev
FNDA:9,_ZN5boostlsIcA23_cEERNS_23basic_wrap_stringstreamIT_EES5_RKT0_
FNDA:27,_ZN5boostlsIcA8_cEERNS_23basic_wrap_stringstreamIT_EES5_RKT0_
FNDA:27,_ZN5boostlsIcA9_cEERNS_23basic_wrap_stringstreamIT_EES5_RKT0_
FNDA:72,_ZN5boostlsIcA22_cEERNS_23basic_wrap_stringstreamIT_EES5_RKT0_
FNDA:27,_ZN5boostlsIcA17_cEERNS_23basic_wrap_stringstreamIT_EES5_RKT0_
FNDA:3,_ZN5boostlsIcA19_cEERNS_23basic_wrap_stringstreamIT_EES5_RKT0_
FNDA:3,_ZN5boostlsIcA13_cEERNS_23basic_wrap_stringstreamIT_EES5_RKT0_
FNDA:3,_ZN5boostlsIcA16_cEERNS_23basic_wrap_stringstreamIT_EES5_RKT0_
FNDA:6,_ZN5boostlsIcA15_cEERNS_23basic_wrap_stringstreamIT_EES5_RKT0_
FNDA:15,_ZN5boostlsIcA33_cEERNS_23basic_wrap_stringstreamIT_EES5_RKT0_
FNDA:96,_ZN5boostlsIccEERNS_23basic_wrap_stringstreamIT_EES4_RKT0_
FNDA:288,_ZN5boost23basic_wrap_stringstreamIcE6streamB5cxx11Ev
FNDA:96,_ZN5boost23basic_wrap_stringstreamIcE3refEv
FNDA:96,_ZN5boost23basic_wrap_stringstreamIcE3strB5cxx11Ev
FNF:16
FNH:16
DA:40,192
DA:64,288
DA:66,288
DA:67,288
DA:74,288
DA:76,288
DA:83,96
DA:85,96
DA:92,96
DA:99,96
DA:102,96
LF:11
LH:11
end_of_record
SF:/usr/local/include/boost/thread/exceptions.hpp
FN:36,_ZN5boost16thread_exceptionC2ERKS0_
FN:50,_ZN5boost16thread_exceptionC2EiPKc
FN:59,_ZN5boost16thread_exceptionD0Ev
FN:59,_ZN5boost16thread_exceptionD2Ev
FN:94,_ZN5boost10lock_errorC2ERKS0_
FN:107,_ZN5boost10lock_errorC2EiPKc
FN:116,_ZN5boost10lock_errorD0Ev
FN:116,_ZN5boost10lock_errorD2Ev
FN:121,_ZN5boost21thread_resource_errorC2ERKS0_
FN:134,_ZN5boost21thread_resource_errorC2EiPKc
FN:144,_ZN5boost21thread_resource_errorD0Ev
FN:144,_ZN5boost21thread_resource_errorD2Ev
FNDA:0,_ZN5boost16thread_exceptionC2ERKS0_
FNDA:0,_ZN5boost16thread_exceptionC2EiPKc
FNDA:0,_ZN5boost16thread_exceptionD0Ev
FNDA:0,_ZN5boost16thread_exceptionD2Ev
FNDA:0,_ZN5boost10lock_errorC2ERKS0_
FNDA:0,_ZN5boost10lock_errorC2EiPKc
FNDA:0,_ZN5boost10lock_errorD0Ev
FNDA:0,_ZN5boost10lock_errorD2Ev
FNDA:0,_ZN5boost21thread_resource_errorC2ERKS0_
FNDA:0,_ZN5boost21thread_resource_errorC2EiPKc
FNDA:0,_ZN5boost21thread_resource_errorD0Ev
FNDA:0,_ZN5boost21thread_resource_errorD2Ev
FNF:12
FNH:0
DA:36,0
DA:50,0
DA:51,0
DA:53,0
DA:59,0
DA:60,0
DA:94,0
DA:107,0
DA:108,0
DA:110,0
DA:116,0
DA:117,0
DA:121,0
DA:134,0
DA:135,0
DA:137,0
DA:144,0
DA:145,0
LF:18
LH:0
end_of_record
SF:/usr/local/include/boost/thread/lock_guard.hpp
FN:35,_ZN5boost10lock_guardINS_5mutexEEC2ERS1_
FN:65,_ZN5boost10lock_guardINS_5mutexEED2Ev
FNDA:682,_ZN5boost10lock_guardINS_5mutexEEC2ERS1_
FNDA:682,_ZN5boost10lock_guardINS_5mutexEED2Ev
FNF:2
FNH:2
DA:35,682
DA:36,682
DA:38,682
DA:39,682
DA:65,682
DA:67,682
DA:68,682
LF:7
LH:7
end_of_record
SF:/usr/local/include/boost/thread/pthread/mutex.hpp
FN:95,_ZN5boost5mutexC2Ev
FN:103,_ZN5boost5mutexD2Ev
FN:110,_ZN5boost5mutex4lockEv
FN:119,_ZN5boost5mutex6unlockEv
FNDA:8,_ZN5boost5mutexC2Ev
FNDA:8,_ZN5boost5mutexD2Ev
FNDA:682,_ZN5boost5mutex4lockEv
FNDA:682,_ZN5boost5mutex6unlockEv
FNF:4
FNH:4
DA:49,8
DA:50,8
DA:51,8
DA:58,682
DA:59,682
DA:60,682
DA:67,682
DA:68,682
DA:69,682
DA:95,8
DA:96,8
DA:97,8
DA:98,8
DA:100,0
DA:102,8
DA:103,8
DA:104,8
DA:105,16
DA:107,8
DA:108,8
DA:110,682
DA:112,1364
DA:113,682
DA:115,0
DA:117,682
DA:119,682
DA:121,1364
DA:123,682
DA:128,682
LF:29
LH:27
end_of_record
SF:/usr/local/include/boost/throw_exception.hpp
FN:60,_ZN5boost36throw_exception_assert_compatibilityERKSt9exception
FN:62,_ZN5boost15throw_exceptionINS_21thread_resource_errorEEEvRKT_
FN:62,_ZN5boost15throw_exceptionINS_10lock_errorEEEvRKT_
FNDA:0,_ZN5boost36throw_exception_assert_compatibilityERKSt9exception
FNDA:0,_ZN5boost15throw_exceptionINS_10lock_errorEEEvRKT_
FNDA:0,_ZN5boost15throw_exceptionINS_21thread_resource_errorEEEvRKT_
FNF:3
FNH:0
DA:60,0
DA:62,0
DA:66,0
DA:69,0
LF:4
LH:0
end_of_record
SF:/usr/local/include/boost/type_index/stl_type_index.hpp
FN:87,_ZN5boost9typeindex14stl_type_indexC2ERKSt9type_info
FN:111,_ZNK5boost9typeindex14stl_type_index9type_infoEv
FN:202,_ZNK5boost9typeindex14stl_type_index5equalERKS1_
FN:225,_ZN5boost9typeindex14stl_type_index7type_idISt5_BindIFPFvRKiS5_EiiEEEES1_v
FN:225,_ZN5boost9typeindex14stl_type_index7type_idIPFvNS_8contract4fromEEEES1_v
FN:225,_ZN5boost9typeindex14stl_type_index7type_idIZN1FC4EvEUlNS_8contract4fromEE_EES1_v
FN:225,_ZN5boost9typeindex14stl_type_index7type_idIZN1FC4EvEUlNS_8contract4fromEE0_EES1_v
FN:225,_ZN5boost9typeindex14stl_type_index7type_idIZN1FC4EvEUlvE1_EES1_v
FN:225,_ZN5boost9typeindex14stl_type_index7type_idIPFvvEEES1_v
FNDA:0,_ZN5boost9typeindex14stl_type_indexC2ERKSt9type_info
FNDA:0,_ZNK5boost9typeindex14stl_type_index9type_infoEv
FNDA:0,_ZNK5boost9typeindex14stl_type_index5equalERKS1_
FNDA:0,_ZN5boost9typeindex14stl_type_index7type_idISt5_BindIFPFvRKiS5_EiiEEEES1_v
FNDA:0,_ZN5boost9typeindex14stl_type_index7type_idIPFvNS_8contract4fromEEEES1_v
FNDA:0,_ZN5boost9typeindex14stl_type_index7type_idIPFvvEEES1_v
FNDA:0,_ZN5boost9typeindex14stl_type_index7type_idIZN1FC4EvEUlvE1_EES1_v
FNDA:0,_ZN5boost9typeindex14stl_type_index7type_idIZN1FC4EvEUlNS_8contract4fromEE0_EES1_v
FNDA:0,_ZN5boost9typeindex14stl_type_index7type_idIZN1FC4EvEUlNS_8contract4fromEE_EES1_v
FNF:9
FNH:0
DA:87,0
DA:88,0
DA:89,0
DA:111,0
DA:112,0
DA:202,0
DA:206,0
DA:225,0
DA:245,0
LF:9
LH:0
end_of_record
SF:/usr/local/include/boost/type_index/type_index_facade.hpp
FN:154,_ZN5boost9typeindexeqINS0_14stl_type_indexESt9type_infoEEbRKNS0_17type_index_facadeIT_T0_EES9_
FN:187,_ZN5boost9typeindexeqINS0_14stl_type_indexESt9type_infoEEbRKT0_RKNS0_17type_index_facadeIT_S4_EE
FNDA:0,_ZN5boost9typeindexeqINS0_14stl_type_indexESt9type_infoEEbRKNS0_17type_index_facadeIT_T0_EES9_
FNDA:0,_ZN5boost9typeindexeqINS0_14stl_type_indexESt9type_infoEEbRKT0_RKNS0_17type_index_facadeIT_S4_EE
FNF:2
FNH:0
DA:154,0
DA:155,0
DA:187,0
DA:188,0
LF:4
LH:0
end_of_record
SF:/usr/local/include/boost/type_index.hpp
FN:211,_ZN5boost9typeindex7type_idIPFvNS_8contract4fromEEEENS0_14stl_type_indexEv
FN:211,_ZN5boost9typeindex7type_idIZN1FC4EvEUlNS_8contract4fromEE0_EENS0_14stl_type_indexEv
FN:211,_ZN5boost9typeindex7type_idIZN1FC4EvEUlNS_8contract4fromEE_EENS0_14stl_type_indexEv
FN:211,_ZN5boost9typeindex7type_idIPFvvEEENS0_14stl_type_indexEv
FN:211,_ZN5boost9typeindex7type_idISt5_BindIFPFvRKiS4_EiiEEEENS0_14stl_type_indexEv
FN:211,_ZN5boost9typeindex7type_idIZN1FC4EvEUlvE1_EENS0_14stl_type_indexEv
FNDA:0,_ZN5boost9typeindex7type_idISt5_BindIFPFvRKiS4_EiiEEEENS0_14stl_type_indexEv
FNDA:0,_ZN5boost9typeindex7type_idIPFvNS_8contract4fromEEEENS0_14stl_type_indexEv
FNDA:0,_ZN5boost9typeindex7type_idIPFvvEEENS0_14stl_type_indexEv
FNDA:0,_ZN5boost9typeindex7type_idIZN1FC4EvEUlvE1_EENS0_14stl_type_indexEv
FNDA:0,_ZN5boost9typeindex7type_idIZN1FC4EvEUlNS_8contract4fromEE0_EENS0_14stl_type_indexEv
FNDA:0,_ZN5boost9typeindex7type_idIZN1FC4EvEUlNS_8contract4fromEE_EENS0_14stl_type_indexEv
FNF:6
FNH:0
DA:211,0
DA:212,0
LF:2
LH:0
end_of_record
SF:/usr/local/include/boost/type_traits/integral_constant.hpp
FN:80,_ZNK5boost17integral_constantIbLb0EEcvRKN4mpl_5bool_ILb0EEEEv
FNDA:9,_ZNK5boost17integral_constantIbLb0EEcvRKN4mpl_5bool_ILb0EEEEv
FNF:1
FNH:1
DA:80,9
DA:84,9
LF:2
LH:2
end_of_record
